INFO: ================================================== [Thu Jul 06 14:33:53 SGT 2017]
INFO: -----START of STORM Automation Framework main.TestAF [Thu Jul 06 14:33:53 SGT 2017]
INFO: ----------START of SetFilePaths [Thu Jul 06 14:33:53 SGT 2017]
INFO: ----------END of SetFilePaths [Thu Jul 06 14:33:53 SGT 2017]
INFO: ----------START of SetStormProperties [Thu Jul 06 14:33:53 SGT 2017]
INFO: ---------------START of getPropertyResultFileName [Thu Jul 06 14:33:53 SGT 2017]
INFO: ---------------GetStormProperties.getPropertyResultFileName : resultFileName = Result_File_ [Thu Jul 06 14:33:53 SGT 2017]
INFO: ---------------END of GetStormProperties.getPropertyResultFileName [Thu Jul 06 14:33:53 SGT 2017]
INFO: ---------------START of getPropertyTestFileType [Thu Jul 06 14:33:53 SGT 2017]
INFO: ---------------GetStormProperties.getPropertyTestFileType : testFileType = .xlsx [Thu Jul 06 14:33:53 SGT 2017]
INFO: ---------------END of GetStormProperties.getPropertyTestFileType [Thu Jul 06 14:33:53 SGT 2017]
INFO: ---------------START of getPropertyObjectDBName [Thu Jul 06 14:33:53 SGT 2017]
INFO: ---------------GetStormProperties.getPropertyObjectDBName : objectDBName = ObjectDB.STORM.KUDOS.xlsx [Thu Jul 06 14:33:53 SGT 2017]
INFO: ---------------START of getPropertyExeutionType [Thu Jul 06 14:33:53 SGT 2017]
INFO: ---------------GetStormProperties.getPropertyExeutionType : executionType = dataset [Thu Jul 06 14:33:53 SGT 2017]
INFO: ---------------START of getDefaultURL [Thu Jul 06 14:33:53 SGT 2017]
INFO: ---------------GetStormProperties.getDefaultURL : defaultURL = https://kudos-stg.storm.tech [Thu Jul 06 14:33:53 SGT 2017]
INFO: ----------END of SetStormProperties [Thu Jul 06 14:33:53 SGT 2017]
INFO: ----------START of FindFiles.getFileName [Thu Jul 06 14:33:53 SGT 2017]
INFO: ----------START of FindFiles.getFileName [Thu Jul 06 14:33:53 SGT 2017]
INFO: ----------START of FindFiles.getFileName [Thu Jul 06 14:33:53 SGT 2017]
INFO: ----------END of FindFiles.getFileName [Thu Jul 06 14:33:53 SGT 2017]
INFO: ----------END of FindFiles.getFileName [Thu Jul 06 14:33:53 SGT 2017]
INFO: ----------END of FindFiles.getFileName [Thu Jul 06 14:33:53 SGT 2017]
INFO: ----------END of FindFiles.getFileName [Thu Jul 06 14:33:53 SGT 2017]
INFO: ----------START of FindFiles.getFileName [Thu Jul 06 14:33:53 SGT 2017]
INFO: ----------START of FindFiles.getFileName [Thu Jul 06 14:33:53 SGT 2017]
INFO: ----------START of FindFiles.getFileName [Thu Jul 06 14:33:53 SGT 2017]
INFO: ----------END of FindFiles.getFileName [Thu Jul 06 14:33:53 SGT 2017]
INFO: ----------END of FindFiles.getFileName [Thu Jul 06 14:33:53 SGT 2017]
INFO: ----------END of FindFiles.getFileName [Thu Jul 06 14:33:53 SGT 2017]
INFO: ----------END of FindFiles.getFileName [Thu Jul 06 14:33:53 SGT 2017]
INFO: ----------END of FindFiles.getFileName [Thu Jul 06 14:33:53 SGT 2017]
INFO: ----------END of FindFiles.getFileName [Thu Jul 06 14:33:53 SGT 2017]
INFO: ----------START of FindFiles.getFileName [Thu Jul 06 14:33:53 SGT 2017]
INFO: ----------START of FindFiles.getFileName [Thu Jul 06 14:33:53 SGT 2017]
INFO: ----------START of FindFiles.getFileName [Thu Jul 06 14:33:53 SGT 2017]
INFO: ----------START of FindFiles.getFileName [Thu Jul 06 14:33:53 SGT 2017]
INFO: ----------END of FindFiles.getFileName [Thu Jul 06 14:33:53 SGT 2017]
INFO: ----------END of FindFiles.getFileName [Thu Jul 06 14:33:53 SGT 2017]
INFO: ----------END of FindFiles.getFileName [Thu Jul 06 14:33:53 SGT 2017]
INFO: ----------END of FindFiles.getFileName [Thu Jul 06 14:33:53 SGT 2017]
INFO: ----------END of FindFiles.getFileName [Thu Jul 06 14:33:53 SGT 2017]
INFO: ----------END of FindFiles.getFileName [Thu Jul 06 14:33:53 SGT 2017]
INFO: ----------END of FindFiles.getFileName [Thu Jul 06 14:33:53 SGT 2017]
INFO: ----------END of FindFiles.getFileName [Thu Jul 06 14:33:53 SGT 2017]
INFO: ----------END of FindFiles.getFileName [Thu Jul 06 14:33:53 SGT 2017]
INFO: ----------END of FindFiles.getFileName [Thu Jul 06 14:33:53 SGT 2017]
INFO: ----------END of FindFiles.getFileName [Thu Jul 06 14:33:53 SGT 2017]
INFO: ----------END of FindFiles.getFileName [Thu Jul 06 14:33:53 SGT 2017]
INFO: ----------END of FindFiles.getFileName [Thu Jul 06 14:33:53 SGT 2017]
INFO: ----------END of FindFiles.getFileName [Thu Jul 06 14:33:53 SGT 2017]
INFO: ----------END of FindFiles.getFileName [Thu Jul 06 14:33:53 SGT 2017]
INFO: ----------END of FindFiles.getFileName [Thu Jul 06 14:33:53 SGT 2017]
INFO: ----------START execution for TC0011.3 More info links.xlsx [Thu Jul 06 14:33:54 SGT 2017]
INFO: Running Test set TC0011.3.1 Terms and conditions [Thu Jul 06 14:33:54 SGT 2017]
INFO: ---------------WebActions.LAUNCH https://kudos-stg.storm.tech Done! [Thu Jul 06 14:34:08 SGT 2017]
INFO: ---------------WebActions.TYPE By.name: email with jonathan@automation.com Done! [Thu Jul 06 14:34:09 SGT 2017]
INFO: ---------------WebActions.TYPE By.name: password with Storm2017 Done! [Thu Jul 06 14:34:09 SGT 2017]
INFO: ---------------WebActions.CLICK By.name: submit Done! [Thu Jul 06 14:34:09 SGT 2017]
INFO: ---------------WebActions.SLEEP for 3000 Done! [Thu Jul 06 14:34:12 SGT 2017]
INFO: ---------------WebActions.explicitWait By.cssSelector: #targetReports > div > div > div.modal-header > button Done! [Thu Jul 06 14:34:42 SGT 2017]
INFO: ---------------WebActions.CLICK By.cssSelector: #targetReports > div > div > div.modal-header > button Done! [Thu Jul 06 14:34:42 SGT 2017]
INFO: ---------------WebActions.SLEEP for 1000 Done! [Thu Jul 06 14:34:43 SGT 2017]
INFO: ---------------WebActions.Hover By.linkText: Terms and Conditions Done! [Thu Jul 06 14:34:44 SGT 2017]
INFO: ---------------WebActions.CLICK By.linkText: Terms and Conditions Done! [Thu Jul 06 14:34:48 SGT 2017]
SEVERE: ---------------WebActions.explicitWait Failed... Exception errororg.openqa.selenium.TimeoutException: Expected condition failed: waiting for visibility of element located by By.xpath: //h3[contains(text(), "In General")] (tried for 20 second(s) with 500 MILLISECONDS interval) [Thu Jul 06 14:35:09 SGT 2017]
INFO: ---------------WebActions.SLEEP for 1000 Done! [Thu Jul 06 14:35:10 SGT 2017]
INFO: ---------------WebActions.CLICK By.xpath: //*[@id="header"]/div/div[1]/div/div/div[2]/div/ul/li[7]/a Done! [Thu Jul 06 14:35:10 SGT 2017]
INFO: ---------------WebActions.CLICK By.id: logout-btn Done! [Thu Jul 06 14:35:11 SGT 2017]
INFO: ---------------WebActions.CLOSE browser Done! [Thu Jul 06 14:35:12 SGT 2017]
INFO: Running Test set TC0011.3.2 Privacy policy [Thu Jul 06 14:35:12 SGT 2017]
INFO: ---------------WebActions.LAUNCH https://kudos-stg.storm.tech Done! [Thu Jul 06 14:35:22 SGT 2017]
INFO: ---------------WebActions.LAUNCH https://kudos-stg.storm.tech Done! [Thu Jul 06 14:35:22 SGT 2017]
INFO: ---------------WebActions.TYPE By.name: email with jonathan@automation.com Done! [Thu Jul 06 14:35:22 SGT 2017]
INFO: ---------------WebActions.TYPE By.name: email with jonathan@automation.com Done! [Thu Jul 06 14:35:22 SGT 2017]
INFO: ---------------WebActions.TYPE By.name: password with Storm2017 Done! [Thu Jul 06 14:35:22 SGT 2017]
INFO: ---------------WebActions.TYPE By.name: password with Storm2017 Done! [Thu Jul 06 14:35:22 SGT 2017]
INFO: ---------------WebActions.CLICK By.name: submit Done! [Thu Jul 06 14:35:22 SGT 2017]
INFO: ---------------WebActions.CLICK By.name: submit Done! [Thu Jul 06 14:35:22 SGT 2017]
INFO: ---------------WebActions.SLEEP for 3000 Done! [Thu Jul 06 14:35:25 SGT 2017]
INFO: ---------------WebActions.SLEEP for 3000 Done! [Thu Jul 06 14:35:25 SGT 2017]
INFO: ---------------WebActions.explicitWait By.cssSelector: #targetReports > div > div > div.modal-header > button Done! [Thu Jul 06 14:35:42 SGT 2017]
INFO: ---------------WebActions.explicitWait By.cssSelector: #targetReports > div > div > div.modal-header > button Done! [Thu Jul 06 14:35:42 SGT 2017]
INFO: ---------------WebActions.CLICK By.cssSelector: #targetReports > div > div > div.modal-header > button Done! [Thu Jul 06 14:35:42 SGT 2017]
INFO: ---------------WebActions.CLICK By.cssSelector: #targetReports > div > div > div.modal-header > button Done! [Thu Jul 06 14:35:42 SGT 2017]
INFO: ---------------WebActions.SLEEP for 1000 Done! [Thu Jul 06 14:35:43 SGT 2017]
INFO: ---------------WebActions.SLEEP for 1000 Done! [Thu Jul 06 14:35:43 SGT 2017]
INFO: ---------------WebActions.Hover By.linkText: Privacy Policy Done! [Thu Jul 06 14:35:44 SGT 2017]
INFO: ---------------WebActions.Hover By.linkText: Privacy Policy Done! [Thu Jul 06 14:35:44 SGT 2017]
INFO: ---------------WebActions.CLICK By.linkText: Privacy Policy Done! [Thu Jul 06 14:35:48 SGT 2017]
INFO: ---------------WebActions.CLICK By.linkText: Privacy Policy Done! [Thu Jul 06 14:35:48 SGT 2017]
SEVERE: ---------------WebActions.explicitWait Failed... Exception errororg.openqa.selenium.TimeoutException: Expected condition failed: waiting for visibility of element located by By.xpath: //h3[contains(text(), "Privacy Policy")] (tried for 20 second(s) with 500 MILLISECONDS interval) [Thu Jul 06 14:36:09 SGT 2017]
SEVERE: ---------------WebActions.explicitWait Failed... Exception errororg.openqa.selenium.TimeoutException: Expected condition failed: waiting for visibility of element located by By.xpath: //h3[contains(text(), "Privacy Policy")] (tried for 20 second(s) with 500 MILLISECONDS interval) [Thu Jul 06 14:36:09 SGT 2017]
INFO: ---------------WebActions.SLEEP for 1000 Done! [Thu Jul 06 14:36:10 SGT 2017]
INFO: ---------------WebActions.SLEEP for 1000 Done! [Thu Jul 06 14:36:10 SGT 2017]
INFO: ---------------WebActions.CLICK By.xpath: //*[@id="header"]/div/div[1]/div/div/div[2]/div/ul/li[7]/a Done! [Thu Jul 06 14:36:10 SGT 2017]
INFO: ---------------WebActions.CLICK By.xpath: //*[@id="header"]/div/div[1]/div/div/div[2]/div/ul/li[7]/a Done! [Thu Jul 06 14:36:10 SGT 2017]
INFO: ---------------WebActions.CLICK By.id: logout-btn Done! [Thu Jul 06 14:36:11 SGT 2017]
INFO: ---------------WebActions.CLICK By.id: logout-btn Done! [Thu Jul 06 14:36:11 SGT 2017]
INFO: ---------------WebActions.CLOSE browser Done! [Thu Jul 06 14:36:12 SGT 2017]
INFO: ---------------WebActions.CLOSE browser Done! [Thu Jul 06 14:36:12 SGT 2017]
INFO: Running Test set TC0011.3.3 Delivery Information [Thu Jul 06 14:36:12 SGT 2017]
INFO: ---------------WebActions.LAUNCH https://kudos-stg.storm.tech Done! [Thu Jul 06 14:36:21 SGT 2017]
INFO: ---------------WebActions.LAUNCH https://kudos-stg.storm.tech Done! [Thu Jul 06 14:36:21 SGT 2017]
INFO: ---------------WebActions.LAUNCH https://kudos-stg.storm.tech Done! [Thu Jul 06 14:36:21 SGT 2017]
INFO: ---------------WebActions.TYPE By.name: email with jonathan@automation.com Done! [Thu Jul 06 14:36:22 SGT 2017]
INFO: ---------------WebActions.TYPE By.name: email with jonathan@automation.com Done! [Thu Jul 06 14:36:22 SGT 2017]
INFO: ---------------WebActions.TYPE By.name: email with jonathan@automation.com Done! [Thu Jul 06 14:36:22 SGT 2017]
INFO: ---------------WebActions.TYPE By.name: password with Storm2017 Done! [Thu Jul 06 14:36:22 SGT 2017]
INFO: ---------------WebActions.TYPE By.name: password with Storm2017 Done! [Thu Jul 06 14:36:22 SGT 2017]
INFO: ---------------WebActions.TYPE By.name: password with Storm2017 Done! [Thu Jul 06 14:36:22 SGT 2017]
INFO: ---------------WebActions.CLICK By.name: submit Done! [Thu Jul 06 14:36:22 SGT 2017]
INFO: ---------------WebActions.CLICK By.name: submit Done! [Thu Jul 06 14:36:22 SGT 2017]
INFO: ---------------WebActions.CLICK By.name: submit Done! [Thu Jul 06 14:36:22 SGT 2017]
INFO: ---------------WebActions.SLEEP for 3000 Done! [Thu Jul 06 14:36:25 SGT 2017]
INFO: ---------------WebActions.SLEEP for 3000 Done! [Thu Jul 06 14:36:25 SGT 2017]
INFO: ---------------WebActions.SLEEP for 3000 Done! [Thu Jul 06 14:36:25 SGT 2017]
INFO: ---------------WebActions.explicitWait By.cssSelector: #targetReports > div > div > div.modal-header > button Done! [Thu Jul 06 14:36:31 SGT 2017]
INFO: ---------------WebActions.explicitWait By.cssSelector: #targetReports > div > div > div.modal-header > button Done! [Thu Jul 06 14:36:31 SGT 2017]
INFO: ---------------WebActions.explicitWait By.cssSelector: #targetReports > div > div > div.modal-header > button Done! [Thu Jul 06 14:36:31 SGT 2017]
INFO: ---------------WebActions.CLICK By.cssSelector: #targetReports > div > div > div.modal-header > button Done! [Thu Jul 06 14:36:31 SGT 2017]
INFO: ---------------WebActions.CLICK By.cssSelector: #targetReports > div > div > div.modal-header > button Done! [Thu Jul 06 14:36:31 SGT 2017]
INFO: ---------------WebActions.CLICK By.cssSelector: #targetReports > div > div > div.modal-header > button Done! [Thu Jul 06 14:36:31 SGT 2017]
INFO: ---------------WebActions.SLEEP for 1000 Done! [Thu Jul 06 14:36:32 SGT 2017]
INFO: ---------------WebActions.SLEEP for 1000 Done! [Thu Jul 06 14:36:32 SGT 2017]
INFO: ---------------WebActions.SLEEP for 1000 Done! [Thu Jul 06 14:36:32 SGT 2017]
INFO: ---------------WebActions.Hover By.linkText: Delivery Information Done! [Thu Jul 06 14:36:33 SGT 2017]
INFO: ---------------WebActions.Hover By.linkText: Delivery Information Done! [Thu Jul 06 14:36:33 SGT 2017]
INFO: ---------------WebActions.Hover By.linkText: Delivery Information Done! [Thu Jul 06 14:36:33 SGT 2017]
INFO: ---------------WebActions.CLICK By.linkText: Delivery Information Done! [Thu Jul 06 14:36:36 SGT 2017]
INFO: ---------------WebActions.CLICK By.linkText: Delivery Information Done! [Thu Jul 06 14:36:36 SGT 2017]
INFO: ---------------WebActions.CLICK By.linkText: Delivery Information Done! [Thu Jul 06 14:36:36 SGT 2017]
SEVERE: ---------------WebActions.explicitWait Failed... Exception errororg.openqa.selenium.TimeoutException: Expected condition failed: waiting for visibility of element located by By.xpath: //h3[contains(text(), "DELIVERY")] (tried for 20 second(s) with 500 MILLISECONDS interval) [Thu Jul 06 14:36:57 SGT 2017]
SEVERE: ---------------WebActions.explicitWait Failed... Exception errororg.openqa.selenium.TimeoutException: Expected condition failed: waiting for visibility of element located by By.xpath: //h3[contains(text(), "DELIVERY")] (tried for 20 second(s) with 500 MILLISECONDS interval) [Thu Jul 06 14:36:57 SGT 2017]
SEVERE: ---------------WebActions.explicitWait Failed... Exception errororg.openqa.selenium.TimeoutException: Expected condition failed: waiting for visibility of element located by By.xpath: //h3[contains(text(), "DELIVERY")] (tried for 20 second(s) with 500 MILLISECONDS interval) [Thu Jul 06 14:36:57 SGT 2017]
INFO: ---------------WebActions.SLEEP for 1000 Done! [Thu Jul 06 14:36:58 SGT 2017]
INFO: ---------------WebActions.SLEEP for 1000 Done! [Thu Jul 06 14:36:58 SGT 2017]
INFO: ---------------WebActions.SLEEP for 1000 Done! [Thu Jul 06 14:36:58 SGT 2017]
INFO: ---------------WebActions.CLICK By.xpath: //*[@id="header"]/div/div[1]/div/div/div[2]/div/ul/li[7]/a Done! [Thu Jul 06 14:36:58 SGT 2017]
INFO: ---------------WebActions.CLICK By.xpath: //*[@id="header"]/div/div[1]/div/div/div[2]/div/ul/li[7]/a Done! [Thu Jul 06 14:36:58 SGT 2017]
INFO: ---------------WebActions.CLICK By.xpath: //*[@id="header"]/div/div[1]/div/div/div[2]/div/ul/li[7]/a Done! [Thu Jul 06 14:36:58 SGT 2017]
INFO: ---------------WebActions.CLICK By.id: logout-btn Done! [Thu Jul 06 14:36:59 SGT 2017]
INFO: ---------------WebActions.CLICK By.id: logout-btn Done! [Thu Jul 06 14:36:59 SGT 2017]
INFO: ---------------WebActions.CLICK By.id: logout-btn Done! [Thu Jul 06 14:36:59 SGT 2017]
INFO: ---------------WebActions.CLOSE browser Done! [Thu Jul 06 14:37:00 SGT 2017]
INFO: ---------------WebActions.CLOSE browser Done! [Thu Jul 06 14:37:00 SGT 2017]
INFO: ---------------WebActions.CLOSE browser Done! [Thu Jul 06 14:37:00 SGT 2017]
INFO: -----END execution for TC0011.3 More info links.xlsx [Thu Jul 06 14:37:00 SGT 2017]
INFO: -----END of STORM Automation Framework main.TestAF [Thu Jul 06 14:37:00 SGT 2017]
INFO: -----Total elapsed time : 186 [Thu Jul 06 14:37:00 SGT 2017]
INFO: ================================================== [Thu Jul 06 14:37:00 SGT 2017]
