INFO: ================================================== [Fri Jul 07 14:00:01 SGT 2017]
INFO: -----START of STORM Automation Framework main.TestAF [Fri Jul 07 14:00:01 SGT 2017]
INFO: ----------START of SetFilePaths [Fri Jul 07 14:00:01 SGT 2017]
INFO: ----------END of SetFilePaths [Fri Jul 07 14:00:01 SGT 2017]
INFO: ----------START of SetStormProperties [Fri Jul 07 14:00:01 SGT 2017]
INFO: ---------------START of getPropertyResultFileName [Fri Jul 07 14:00:01 SGT 2017]
INFO: ---------------GetStormProperties.getPropertyResultFileName : resultFileName = Result_File_ [Fri Jul 07 14:00:01 SGT 2017]
INFO: ---------------END of GetStormProperties.getPropertyResultFileName [Fri Jul 07 14:00:01 SGT 2017]
INFO: ---------------START of getPropertyTestFileType [Fri Jul 07 14:00:01 SGT 2017]
INFO: ---------------GetStormProperties.getPropertyTestFileType : testFileType = .xlsx [Fri Jul 07 14:00:01 SGT 2017]
INFO: ---------------END of GetStormProperties.getPropertyTestFileType [Fri Jul 07 14:00:01 SGT 2017]
INFO: ---------------START of getPropertyObjectDBName [Fri Jul 07 14:00:01 SGT 2017]
INFO: ---------------GetStormProperties.getPropertyObjectDBName : objectDBName = ObjectDB.STORM.KUDOS.xlsx [Fri Jul 07 14:00:01 SGT 2017]
INFO: ---------------START of getPropertyExeutionType [Fri Jul 07 14:00:01 SGT 2017]
INFO: ---------------GetStormProperties.getPropertyExeutionType : executionType = dataset [Fri Jul 07 14:00:01 SGT 2017]
INFO: ---------------START of getDefaultURL [Fri Jul 07 14:00:01 SGT 2017]
INFO: ---------------GetStormProperties.getDefaultURL : defaultURL = https://kudos.storm.tech [Fri Jul 07 14:00:01 SGT 2017]
INFO: ----------END of SetStormProperties [Fri Jul 07 14:00:01 SGT 2017]
INFO: ----------START of FindFiles.getFileName [Fri Jul 07 14:00:01 SGT 2017]
INFO: ----------START of FindFiles.getFileName [Fri Jul 07 14:00:01 SGT 2017]
INFO: ----------START of FindFiles.getFileName [Fri Jul 07 14:00:01 SGT 2017]
INFO: ----------END of FindFiles.getFileName [Fri Jul 07 14:00:01 SGT 2017]
INFO: ----------END of FindFiles.getFileName [Fri Jul 07 14:00:01 SGT 2017]
INFO: ----------END of FindFiles.getFileName [Fri Jul 07 14:00:01 SGT 2017]
INFO: ----------END of FindFiles.getFileName [Fri Jul 07 14:00:01 SGT 2017]
INFO: ----------START of FindFiles.getFileName [Fri Jul 07 14:00:01 SGT 2017]
INFO: ----------START of FindFiles.getFileName [Fri Jul 07 14:00:01 SGT 2017]
INFO: ----------START of FindFiles.getFileName [Fri Jul 07 14:00:01 SGT 2017]
INFO: ----------END of FindFiles.getFileName [Fri Jul 07 14:00:01 SGT 2017]
INFO: ----------END of FindFiles.getFileName [Fri Jul 07 14:00:01 SGT 2017]
INFO: ----------END of FindFiles.getFileName [Fri Jul 07 14:00:01 SGT 2017]
INFO: ----------END of FindFiles.getFileName [Fri Jul 07 14:00:01 SGT 2017]
INFO: ----------END of FindFiles.getFileName [Fri Jul 07 14:00:01 SGT 2017]
INFO: ----------END of FindFiles.getFileName [Fri Jul 07 14:00:01 SGT 2017]
INFO: ----------START of FindFiles.getFileName [Fri Jul 07 14:00:01 SGT 2017]
INFO: ----------START of FindFiles.getFileName [Fri Jul 07 14:00:01 SGT 2017]
INFO: ----------START of FindFiles.getFileName [Fri Jul 07 14:00:01 SGT 2017]
INFO: ----------START of FindFiles.getFileName [Fri Jul 07 14:00:01 SGT 2017]
INFO: ----------END of FindFiles.getFileName [Fri Jul 07 14:00:01 SGT 2017]
INFO: ----------END of FindFiles.getFileName [Fri Jul 07 14:00:01 SGT 2017]
INFO: ----------END of FindFiles.getFileName [Fri Jul 07 14:00:01 SGT 2017]
INFO: ----------END of FindFiles.getFileName [Fri Jul 07 14:00:01 SGT 2017]
INFO: ----------END of FindFiles.getFileName [Fri Jul 07 14:00:01 SGT 2017]
INFO: ----------END of FindFiles.getFileName [Fri Jul 07 14:00:01 SGT 2017]
INFO: ----------END of FindFiles.getFileName [Fri Jul 07 14:00:01 SGT 2017]
INFO: ----------END of FindFiles.getFileName [Fri Jul 07 14:00:01 SGT 2017]
INFO: ----------END of FindFiles.getFileName [Fri Jul 07 14:00:01 SGT 2017]
INFO: ----------END of FindFiles.getFileName [Fri Jul 07 14:00:01 SGT 2017]
INFO: ----------END of FindFiles.getFileName [Fri Jul 07 14:00:01 SGT 2017]
INFO: ----------END of FindFiles.getFileName [Fri Jul 07 14:00:01 SGT 2017]
INFO: ----------END of FindFiles.getFileName [Fri Jul 07 14:00:01 SGT 2017]
INFO: ----------END of FindFiles.getFileName [Fri Jul 07 14:00:01 SGT 2017]
INFO: ----------END of FindFiles.getFileName [Fri Jul 07 14:00:01 SGT 2017]
INFO: ----------END of FindFiles.getFileName [Fri Jul 07 14:00:01 SGT 2017]
INFO: ----------START execution for TC0001.1 Login Client.xlsx [Fri Jul 07 14:00:04 SGT 2017]
INFO: Running Test set TC0001.1.1 Correct Email, Correct Password [Fri Jul 07 14:00:05 SGT 2017]
INFO: ---------------WebActions.LAUNCH https://kudos.storm.tech Done! [Fri Jul 07 14:00:19 SGT 2017]
INFO: ---------------WebActions.TYPE By.name: email with jonathan@automation.com Done! [Fri Jul 07 14:00:21 SGT 2017]
INFO: ---------------WebActions.TYPE By.name: password with Storm2017 Done! [Fri Jul 07 14:00:22 SGT 2017]
INFO: ---------------WebActions.TICK id|show-password-checkbox SKIP [Fri Jul 07 14:00:22 SGT 2017]
INFO: ---------------WebActions.CLICK By.name: submit Done! [Fri Jul 07 14:00:23 SGT 2017]
INFO: ---------------WebActions.SLEEP for 3000 Done! [Fri Jul 07 14:00:27 SGT 2017]
INFO: ---------------WebActions.SLEEP for 2000 Done! [Fri Jul 07 14:00:29 SGT 2017]
INFO: ---------------WebActions.CLOSE browser Done! [Fri Jul 07 14:00:31 SGT 2017]
INFO: Running Test set TC0001.1.2 Correct Email, no Password [Fri Jul 07 14:00:31 SGT 2017]
INFO: ---------------WebActions.LAUNCH https://kudos.storm.tech Done! [Fri Jul 07 14:00:44 SGT 2017]
INFO: ---------------WebActions.LAUNCH https://kudos.storm.tech Done! [Fri Jul 07 14:00:44 SGT 2017]
INFO: ---------------WebActions.TYPE By.name: email with jonathan@automation.com Done! [Fri Jul 07 14:00:45 SGT 2017]
INFO: ---------------WebActions.TYPE By.name: email with jonathan@automation.com Done! [Fri Jul 07 14:00:45 SGT 2017]
INFO: ---------------WebActions.TYPE By.name: password with  Done! [Fri Jul 07 14:00:46 SGT 2017]
INFO: ---------------WebActions.TYPE By.name: password with  Done! [Fri Jul 07 14:00:46 SGT 2017]
INFO: ---------------WebActions.TICK id|show-password-checkbox SKIP [Fri Jul 07 14:00:46 SGT 2017]
INFO: ---------------WebActions.TICK id|show-password-checkbox SKIP [Fri Jul 07 14:00:46 SGT 2017]
INFO: ---------------WebActions.CLICK By.name: submit Done! [Fri Jul 07 14:00:46 SGT 2017]
INFO: ---------------WebActions.CLICK By.name: submit Done! [Fri Jul 07 14:00:46 SGT 2017]
INFO: ---------------WebActions.SLEEP for 3000 Done! [Fri Jul 07 14:00:50 SGT 2017]
INFO: ---------------WebActions.SLEEP for 3000 Done! [Fri Jul 07 14:00:50 SGT 2017]
INFO: ---------------WebActions.SLEEP for 2000 Done! [Fri Jul 07 14:00:53 SGT 2017]
INFO: ---------------WebActions.SLEEP for 2000 Done! [Fri Jul 07 14:00:53 SGT 2017]
INFO: ---------------WebActions.CLOSE browser Done! [Fri Jul 07 14:00:54 SGT 2017]
INFO: ---------------WebActions.CLOSE browser Done! [Fri Jul 07 14:00:54 SGT 2017]
INFO: Running Test set TC0001.1.3 Correct Password No Email [Fri Jul 07 14:00:55 SGT 2017]
INFO: ---------------WebActions.LAUNCH https://kudos.storm.tech Done! [Fri Jul 07 14:01:05 SGT 2017]
INFO: ---------------WebActions.LAUNCH https://kudos.storm.tech Done! [Fri Jul 07 14:01:05 SGT 2017]
INFO: ---------------WebActions.LAUNCH https://kudos.storm.tech Done! [Fri Jul 07 14:01:05 SGT 2017]
INFO: ---------------WebActions.TYPE By.name: email with  Done! [Fri Jul 07 14:01:06 SGT 2017]
INFO: ---------------WebActions.TYPE By.name: email with  Done! [Fri Jul 07 14:01:06 SGT 2017]
INFO: ---------------WebActions.TYPE By.name: email with  Done! [Fri Jul 07 14:01:06 SGT 2017]
INFO: ---------------WebActions.TYPE By.name: password with Storm2017 Done! [Fri Jul 07 14:01:07 SGT 2017]
INFO: ---------------WebActions.TYPE By.name: password with Storm2017 Done! [Fri Jul 07 14:01:07 SGT 2017]
INFO: ---------------WebActions.TYPE By.name: password with Storm2017 Done! [Fri Jul 07 14:01:07 SGT 2017]
INFO: ---------------WebActions.TICK id|show-password-checkbox SKIP [Fri Jul 07 14:01:07 SGT 2017]
INFO: ---------------WebActions.TICK id|show-password-checkbox SKIP [Fri Jul 07 14:01:07 SGT 2017]
INFO: ---------------WebActions.TICK id|show-password-checkbox SKIP [Fri Jul 07 14:01:07 SGT 2017]
INFO: ---------------WebActions.CLICK By.name: submit Done! [Fri Jul 07 14:01:08 SGT 2017]
INFO: ---------------WebActions.CLICK By.name: submit Done! [Fri Jul 07 14:01:08 SGT 2017]
INFO: ---------------WebActions.CLICK By.name: submit Done! [Fri Jul 07 14:01:08 SGT 2017]
INFO: ---------------WebActions.SLEEP for 3000 Done! [Fri Jul 07 14:01:11 SGT 2017]
INFO: ---------------WebActions.SLEEP for 3000 Done! [Fri Jul 07 14:01:11 SGT 2017]
INFO: ---------------WebActions.SLEEP for 3000 Done! [Fri Jul 07 14:01:11 SGT 2017]
INFO: ---------------WebActions.SLEEP for 2000 Done! [Fri Jul 07 14:01:14 SGT 2017]
INFO: ---------------WebActions.SLEEP for 2000 Done! [Fri Jul 07 14:01:14 SGT 2017]
INFO: ---------------WebActions.SLEEP for 2000 Done! [Fri Jul 07 14:01:14 SGT 2017]
INFO: ---------------WebActions.CLOSE browser Done! [Fri Jul 07 14:01:17 SGT 2017]
INFO: ---------------WebActions.CLOSE browser Done! [Fri Jul 07 14:01:17 SGT 2017]
INFO: ---------------WebActions.CLOSE browser Done! [Fri Jul 07 14:01:17 SGT 2017]
INFO: Running Test set TC0001.1.4 Incorrect Email, Correct Password [Fri Jul 07 14:01:17 SGT 2017]
INFO: ---------------WebActions.LAUNCH https://kudos.storm.tech Done! [Fri Jul 07 14:01:28 SGT 2017]
INFO: ---------------WebActions.LAUNCH https://kudos.storm.tech Done! [Fri Jul 07 14:01:28 SGT 2017]
INFO: ---------------WebActions.LAUNCH https://kudos.storm.tech Done! [Fri Jul 07 14:01:28 SGT 2017]
INFO: ---------------WebActions.LAUNCH https://kudos.storm.tech Done! [Fri Jul 07 14:01:28 SGT 2017]
INFO: ---------------WebActions.TYPE By.name: email with aaa@.com Done! [Fri Jul 07 14:01:29 SGT 2017]
INFO: ---------------WebActions.TYPE By.name: email with aaa@.com Done! [Fri Jul 07 14:01:29 SGT 2017]
INFO: ---------------WebActions.TYPE By.name: email with aaa@.com Done! [Fri Jul 07 14:01:29 SGT 2017]
INFO: ---------------WebActions.TYPE By.name: email with aaa@.com Done! [Fri Jul 07 14:01:29 SGT 2017]
INFO: ---------------WebActions.TYPE By.name: password with Storm2017 Done! [Fri Jul 07 14:01:29 SGT 2017]
INFO: ---------------WebActions.TYPE By.name: password with Storm2017 Done! [Fri Jul 07 14:01:29 SGT 2017]
INFO: ---------------WebActions.TYPE By.name: password with Storm2017 Done! [Fri Jul 07 14:01:29 SGT 2017]
INFO: ---------------WebActions.TYPE By.name: password with Storm2017 Done! [Fri Jul 07 14:01:29 SGT 2017]
INFO: ---------------WebActions.TICK id|show-password-checkbox SKIP [Fri Jul 07 14:01:30 SGT 2017]
INFO: ---------------WebActions.TICK id|show-password-checkbox SKIP [Fri Jul 07 14:01:30 SGT 2017]
INFO: ---------------WebActions.TICK id|show-password-checkbox SKIP [Fri Jul 07 14:01:30 SGT 2017]
INFO: ---------------WebActions.TICK id|show-password-checkbox SKIP [Fri Jul 07 14:01:30 SGT 2017]
INFO: ---------------WebActions.CLICK By.name: submit Done! [Fri Jul 07 14:01:30 SGT 2017]
INFO: ---------------WebActions.CLICK By.name: submit Done! [Fri Jul 07 14:01:30 SGT 2017]
INFO: ---------------WebActions.CLICK By.name: submit Done! [Fri Jul 07 14:01:30 SGT 2017]
INFO: ---------------WebActions.CLICK By.name: submit Done! [Fri Jul 07 14:01:30 SGT 2017]
INFO: ---------------WebActions.SLEEP for 3000 Done! [Fri Jul 07 14:01:34 SGT 2017]
INFO: ---------------WebActions.SLEEP for 3000 Done! [Fri Jul 07 14:01:34 SGT 2017]
INFO: ---------------WebActions.SLEEP for 3000 Done! [Fri Jul 07 14:01:34 SGT 2017]
INFO: ---------------WebActions.SLEEP for 3000 Done! [Fri Jul 07 14:01:34 SGT 2017]
INFO: ---------------WebActions.SLEEP for 2000 Done! [Fri Jul 07 14:01:36 SGT 2017]
INFO: ---------------WebActions.SLEEP for 2000 Done! [Fri Jul 07 14:01:36 SGT 2017]
INFO: ---------------WebActions.SLEEP for 2000 Done! [Fri Jul 07 14:01:36 SGT 2017]
INFO: ---------------WebActions.SLEEP for 2000 Done! [Fri Jul 07 14:01:36 SGT 2017]
INFO: ---------------WebActions.CLOSE browser Done! [Fri Jul 07 14:01:37 SGT 2017]
INFO: ---------------WebActions.CLOSE browser Done! [Fri Jul 07 14:01:37 SGT 2017]
INFO: ---------------WebActions.CLOSE browser Done! [Fri Jul 07 14:01:37 SGT 2017]
INFO: ---------------WebActions.CLOSE browser Done! [Fri Jul 07 14:01:37 SGT 2017]
INFO: Running Test set TC0001.1.5 Correct Email, Invalid Password [Fri Jul 07 14:01:38 SGT 2017]
SEVERE: ---------------WebActions.LAUNCH https://kudos.storm.tech Failed... Exception error org.openqa.selenium.TimeoutException: timeout
  (Session info: chrome=59.0.3071.115)
  (Driver info: chromedriver=2.29.461591 (62ebf098771772160f391d75e589dc567915b233),platform=Windows NT 10.0.15063 x86_64) (WARNING: The server did not provide any stacktrace information)
Command duration or timeout: 300.06 seconds
Build info: version: 'unknown', revision: 'unknown', time: 'unknown'
System info: host: 'HOSB-LP099', ip: '169.254.250.6', os.name: 'Windows 10', os.arch: 'x86', os.version: '10.0', java.version: '1.8.0_131'
Driver info: org.openqa.selenium.chrome.ChromeDriver
Capabilities [{applicationCacheEnabled=false, rotatable=false, mobileEmulationEnabled=false, networkConnectionEnabled=false, chrome={chromedriverVersion=2.29.461591 (62ebf098771772160f391d75e589dc567915b233), userDataDir=C:\Users\jonathan\AppData\Local\Temp\scoped_dir12064_29517}, takesHeapSnapshot=true, pageLoadStrategy=normal, databaseEnabled=false, handlesAlerts=true, hasTouchScreen=false, version=59.0.3071.115, platform=XP, browserConnectionEnabled=false, nativeEvents=true, acceptSslCerts=true, locationContextEnabled=true, webStorageEnabled=true, browserName=chrome, takesScreenshot=true, javascriptEnabled=true, cssSelectorsEnabled=true, unexpectedAlertBehaviour=}]
Session ID: 4c737869259a8793dcad940751376791 [Fri Jul 07 14:06:41 SGT 2017]
SEVERE: ---------------WebActions.LAUNCH https://kudos.storm.tech Failed... Exception error org.openqa.selenium.TimeoutException: timeout
  (Session info: chrome=59.0.3071.115)
  (Driver info: chromedriver=2.29.461591 (62ebf098771772160f391d75e589dc567915b233),platform=Windows NT 10.0.15063 x86_64) (WARNING: The server did not provide any stacktrace information)
Command duration or timeout: 300.06 seconds
Build info: version: 'unknown', revision: 'unknown', time: 'unknown'
System info: host: 'HOSB-LP099', ip: '169.254.250.6', os.name: 'Windows 10', os.arch: 'x86', os.version: '10.0', java.version: '1.8.0_131'
Driver info: org.openqa.selenium.chrome.ChromeDriver
Capabilities [{applicationCacheEnabled=false, rotatable=false, mobileEmulationEnabled=false, networkConnectionEnabled=false, chrome={chromedriverVersion=2.29.461591 (62ebf098771772160f391d75e589dc567915b233), userDataDir=C:\Users\jonathan\AppData\Local\Temp\scoped_dir12064_29517}, takesHeapSnapshot=true, pageLoadStrategy=normal, databaseEnabled=false, handlesAlerts=true, hasTouchScreen=false, version=59.0.3071.115, platform=XP, browserConnectionEnabled=false, nativeEvents=true, acceptSslCerts=true, locationContextEnabled=true, webStorageEnabled=true, browserName=chrome, takesScreenshot=true, javascriptEnabled=true, cssSelectorsEnabled=true, unexpectedAlertBehaviour=}]
Session ID: 4c737869259a8793dcad940751376791 [Fri Jul 07 14:06:41 SGT 2017]
SEVERE: ---------------WebActions.LAUNCH https://kudos.storm.tech Failed... Exception error org.openqa.selenium.TimeoutException: timeout
  (Session info: chrome=59.0.3071.115)
  (Driver info: chromedriver=2.29.461591 (62ebf098771772160f391d75e589dc567915b233),platform=Windows NT 10.0.15063 x86_64) (WARNING: The server did not provide any stacktrace information)
Command duration or timeout: 300.06 seconds
Build info: version: 'unknown', revision: 'unknown', time: 'unknown'
System info: host: 'HOSB-LP099', ip: '169.254.250.6', os.name: 'Windows 10', os.arch: 'x86', os.version: '10.0', java.version: '1.8.0_131'
Driver info: org.openqa.selenium.chrome.ChromeDriver
Capabilities [{applicationCacheEnabled=false, rotatable=false, mobileEmulationEnabled=false, networkConnectionEnabled=false, chrome={chromedriverVersion=2.29.461591 (62ebf098771772160f391d75e589dc567915b233), userDataDir=C:\Users\jonathan\AppData\Local\Temp\scoped_dir12064_29517}, takesHeapSnapshot=true, pageLoadStrategy=normal, databaseEnabled=false, handlesAlerts=true, hasTouchScreen=false, version=59.0.3071.115, platform=XP, browserConnectionEnabled=false, nativeEvents=true, acceptSslCerts=true, locationContextEnabled=true, webStorageEnabled=true, browserName=chrome, takesScreenshot=true, javascriptEnabled=true, cssSelectorsEnabled=true, unexpectedAlertBehaviour=}]
Session ID: 4c737869259a8793dcad940751376791 [Fri Jul 07 14:06:41 SGT 2017]
SEVERE: ---------------WebActions.LAUNCH https://kudos.storm.tech Failed... Exception error org.openqa.selenium.TimeoutException: timeout
  (Session info: chrome=59.0.3071.115)
  (Driver info: chromedriver=2.29.461591 (62ebf098771772160f391d75e589dc567915b233),platform=Windows NT 10.0.15063 x86_64) (WARNING: The server did not provide any stacktrace information)
Command duration or timeout: 300.06 seconds
Build info: version: 'unknown', revision: 'unknown', time: 'unknown'
System info: host: 'HOSB-LP099', ip: '169.254.250.6', os.name: 'Windows 10', os.arch: 'x86', os.version: '10.0', java.version: '1.8.0_131'
Driver info: org.openqa.selenium.chrome.ChromeDriver
Capabilities [{applicationCacheEnabled=false, rotatable=false, mobileEmulationEnabled=false, networkConnectionEnabled=false, chrome={chromedriverVersion=2.29.461591 (62ebf098771772160f391d75e589dc567915b233), userDataDir=C:\Users\jonathan\AppData\Local\Temp\scoped_dir12064_29517}, takesHeapSnapshot=true, pageLoadStrategy=normal, databaseEnabled=false, handlesAlerts=true, hasTouchScreen=false, version=59.0.3071.115, platform=XP, browserConnectionEnabled=false, nativeEvents=true, acceptSslCerts=true, locationContextEnabled=true, webStorageEnabled=true, browserName=chrome, takesScreenshot=true, javascriptEnabled=true, cssSelectorsEnabled=true, unexpectedAlertBehaviour=}]
Session ID: 4c737869259a8793dcad940751376791 [Fri Jul 07 14:06:41 SGT 2017]
SEVERE: ---------------WebActions.LAUNCH https://kudos.storm.tech Failed... Exception error org.openqa.selenium.TimeoutException: timeout
  (Session info: chrome=59.0.3071.115)
  (Driver info: chromedriver=2.29.461591 (62ebf098771772160f391d75e589dc567915b233),platform=Windows NT 10.0.15063 x86_64) (WARNING: The server did not provide any stacktrace information)
Command duration or timeout: 300.06 seconds
Build info: version: 'unknown', revision: 'unknown', time: 'unknown'
System info: host: 'HOSB-LP099', ip: '169.254.250.6', os.name: 'Windows 10', os.arch: 'x86', os.version: '10.0', java.version: '1.8.0_131'
Driver info: org.openqa.selenium.chrome.ChromeDriver
Capabilities [{applicationCacheEnabled=false, rotatable=false, mobileEmulationEnabled=false, networkConnectionEnabled=false, chrome={chromedriverVersion=2.29.461591 (62ebf098771772160f391d75e589dc567915b233), userDataDir=C:\Users\jonathan\AppData\Local\Temp\scoped_dir12064_29517}, takesHeapSnapshot=true, pageLoadStrategy=normal, databaseEnabled=false, handlesAlerts=true, hasTouchScreen=false, version=59.0.3071.115, platform=XP, browserConnectionEnabled=false, nativeEvents=true, acceptSslCerts=true, locationContextEnabled=true, webStorageEnabled=true, browserName=chrome, takesScreenshot=true, javascriptEnabled=true, cssSelectorsEnabled=true, unexpectedAlertBehaviour=}]
Session ID: 4c737869259a8793dcad940751376791 [Fri Jul 07 14:06:41 SGT 2017]
INFO: ---------------WebActions.TYPE By.name: email with dummy1@automation.com Done! [Fri Jul 07 14:06:42 SGT 2017]
INFO: ---------------WebActions.TYPE By.name: email with dummy1@automation.com Done! [Fri Jul 07 14:06:42 SGT 2017]
INFO: ---------------WebActions.TYPE By.name: email with dummy1@automation.com Done! [Fri Jul 07 14:06:42 SGT 2017]
INFO: ---------------WebActions.TYPE By.name: email with dummy1@automation.com Done! [Fri Jul 07 14:06:42 SGT 2017]
INFO: ---------------WebActions.TYPE By.name: email with dummy1@automation.com Done! [Fri Jul 07 14:06:42 SGT 2017]
INFO: ---------------WebActions.TYPE By.name: password with !@$%&*() Done! [Fri Jul 07 14:06:43 SGT 2017]
INFO: ---------------WebActions.TYPE By.name: password with !@$%&*() Done! [Fri Jul 07 14:06:43 SGT 2017]
INFO: ---------------WebActions.TYPE By.name: password with !@$%&*() Done! [Fri Jul 07 14:06:43 SGT 2017]
INFO: ---------------WebActions.TYPE By.name: password with !@$%&*() Done! [Fri Jul 07 14:06:43 SGT 2017]
INFO: ---------------WebActions.TYPE By.name: password with !@$%&*() Done! [Fri Jul 07 14:06:43 SGT 2017]
INFO: ---------------WebActions.TICK id|show-password-checkbox SKIP [Fri Jul 07 14:06:43 SGT 2017]
INFO: ---------------WebActions.TICK id|show-password-checkbox SKIP [Fri Jul 07 14:06:43 SGT 2017]
INFO: ---------------WebActions.TICK id|show-password-checkbox SKIP [Fri Jul 07 14:06:43 SGT 2017]
INFO: ---------------WebActions.TICK id|show-password-checkbox SKIP [Fri Jul 07 14:06:43 SGT 2017]
INFO: ---------------WebActions.TICK id|show-password-checkbox SKIP [Fri Jul 07 14:06:43 SGT 2017]
INFO: ---------------WebActions.CLICK By.name: submit Done! [Fri Jul 07 14:06:44 SGT 2017]
INFO: ---------------WebActions.CLICK By.name: submit Done! [Fri Jul 07 14:06:44 SGT 2017]
INFO: ---------------WebActions.CLICK By.name: submit Done! [Fri Jul 07 14:06:44 SGT 2017]
INFO: ---------------WebActions.CLICK By.name: submit Done! [Fri Jul 07 14:06:44 SGT 2017]
INFO: ---------------WebActions.CLICK By.name: submit Done! [Fri Jul 07 14:06:44 SGT 2017]
INFO: ---------------WebActions.SLEEP for 3000 Done! [Fri Jul 07 14:06:47 SGT 2017]
INFO: ---------------WebActions.SLEEP for 3000 Done! [Fri Jul 07 14:06:47 SGT 2017]
INFO: ---------------WebActions.SLEEP for 3000 Done! [Fri Jul 07 14:06:47 SGT 2017]
INFO: ---------------WebActions.SLEEP for 3000 Done! [Fri Jul 07 14:06:47 SGT 2017]
INFO: ---------------WebActions.SLEEP for 3000 Done! [Fri Jul 07 14:06:47 SGT 2017]
INFO: ---------------WebActions.SLEEP for 2000 Done! [Fri Jul 07 14:06:50 SGT 2017]
INFO: ---------------WebActions.SLEEP for 2000 Done! [Fri Jul 07 14:06:50 SGT 2017]
INFO: ---------------WebActions.SLEEP for 2000 Done! [Fri Jul 07 14:06:50 SGT 2017]
INFO: ---------------WebActions.SLEEP for 2000 Done! [Fri Jul 07 14:06:50 SGT 2017]
INFO: ---------------WebActions.SLEEP for 2000 Done! [Fri Jul 07 14:06:50 SGT 2017]
INFO: ---------------WebActions.CLOSE browser Done! [Fri Jul 07 14:06:52 SGT 2017]
INFO: ---------------WebActions.CLOSE browser Done! [Fri Jul 07 14:06:52 SGT 2017]
INFO: ---------------WebActions.CLOSE browser Done! [Fri Jul 07 14:06:52 SGT 2017]
INFO: ---------------WebActions.CLOSE browser Done! [Fri Jul 07 14:06:52 SGT 2017]
INFO: ---------------WebActions.CLOSE browser Done! [Fri Jul 07 14:06:52 SGT 2017]
INFO: Running Test set TC0001.1.6 Correct Email, Password all Uppercase [Fri Jul 07 14:06:53 SGT 2017]
INFO: ---------------WebActions.LAUNCH https://kudos.storm.tech Done! [Fri Jul 07 14:07:06 SGT 2017]
INFO: ---------------WebActions.LAUNCH https://kudos.storm.tech Done! [Fri Jul 07 14:07:06 SGT 2017]
INFO: ---------------WebActions.LAUNCH https://kudos.storm.tech Done! [Fri Jul 07 14:07:06 SGT 2017]
INFO: ---------------WebActions.LAUNCH https://kudos.storm.tech Done! [Fri Jul 07 14:07:06 SGT 2017]
INFO: ---------------WebActions.LAUNCH https://kudos.storm.tech Done! [Fri Jul 07 14:07:06 SGT 2017]
INFO: ---------------WebActions.LAUNCH https://kudos.storm.tech Done! [Fri Jul 07 14:07:06 SGT 2017]
INFO: ---------------WebActions.TYPE By.name: email with dummy1@automation.com Done! [Fri Jul 07 14:07:07 SGT 2017]
INFO: ---------------WebActions.TYPE By.name: email with dummy1@automation.com Done! [Fri Jul 07 14:07:07 SGT 2017]
INFO: ---------------WebActions.TYPE By.name: email with dummy1@automation.com Done! [Fri Jul 07 14:07:07 SGT 2017]
INFO: ---------------WebActions.TYPE By.name: email with dummy1@automation.com Done! [Fri Jul 07 14:07:07 SGT 2017]
INFO: ---------------WebActions.TYPE By.name: email with dummy1@automation.com Done! [Fri Jul 07 14:07:07 SGT 2017]
INFO: ---------------WebActions.TYPE By.name: email with dummy1@automation.com Done! [Fri Jul 07 14:07:07 SGT 2017]
INFO: ---------------WebActions.TYPE By.name: password with STORM2017 Done! [Fri Jul 07 14:07:08 SGT 2017]
INFO: ---------------WebActions.TYPE By.name: password with STORM2017 Done! [Fri Jul 07 14:07:08 SGT 2017]
INFO: ---------------WebActions.TYPE By.name: password with STORM2017 Done! [Fri Jul 07 14:07:08 SGT 2017]
INFO: ---------------WebActions.TYPE By.name: password with STORM2017 Done! [Fri Jul 07 14:07:08 SGT 2017]
INFO: ---------------WebActions.TYPE By.name: password with STORM2017 Done! [Fri Jul 07 14:07:08 SGT 2017]
INFO: ---------------WebActions.TYPE By.name: password with STORM2017 Done! [Fri Jul 07 14:07:08 SGT 2017]
INFO: ---------------WebActions.TICK id|show-password-checkbox SKIP [Fri Jul 07 14:07:08 SGT 2017]
INFO: ---------------WebActions.TICK id|show-password-checkbox SKIP [Fri Jul 07 14:07:08 SGT 2017]
INFO: ---------------WebActions.TICK id|show-password-checkbox SKIP [Fri Jul 07 14:07:08 SGT 2017]
INFO: ---------------WebActions.TICK id|show-password-checkbox SKIP [Fri Jul 07 14:07:08 SGT 2017]
INFO: ---------------WebActions.TICK id|show-password-checkbox SKIP [Fri Jul 07 14:07:08 SGT 2017]
INFO: ---------------WebActions.TICK id|show-password-checkbox SKIP [Fri Jul 07 14:07:08 SGT 2017]
INFO: ---------------WebActions.CLICK By.name: submit Done! [Fri Jul 07 14:07:09 SGT 2017]
INFO: ---------------WebActions.CLICK By.name: submit Done! [Fri Jul 07 14:07:09 SGT 2017]
INFO: ---------------WebActions.CLICK By.name: submit Done! [Fri Jul 07 14:07:09 SGT 2017]
INFO: ---------------WebActions.CLICK By.name: submit Done! [Fri Jul 07 14:07:09 SGT 2017]
INFO: ---------------WebActions.CLICK By.name: submit Done! [Fri Jul 07 14:07:09 SGT 2017]
INFO: ---------------WebActions.CLICK By.name: submit Done! [Fri Jul 07 14:07:09 SGT 2017]
INFO: ---------------WebActions.SLEEP for 3000 Done! [Fri Jul 07 14:07:13 SGT 2017]
INFO: ---------------WebActions.SLEEP for 3000 Done! [Fri Jul 07 14:07:13 SGT 2017]
INFO: ---------------WebActions.SLEEP for 3000 Done! [Fri Jul 07 14:07:13 SGT 2017]
INFO: ---------------WebActions.SLEEP for 3000 Done! [Fri Jul 07 14:07:13 SGT 2017]
INFO: ---------------WebActions.SLEEP for 3000 Done! [Fri Jul 07 14:07:13 SGT 2017]
INFO: ---------------WebActions.SLEEP for 3000 Done! [Fri Jul 07 14:07:13 SGT 2017]
INFO: ---------------WebActions.SLEEP for 2000 Done! [Fri Jul 07 14:07:15 SGT 2017]
INFO: ---------------WebActions.SLEEP for 2000 Done! [Fri Jul 07 14:07:15 SGT 2017]
INFO: ---------------WebActions.SLEEP for 2000 Done! [Fri Jul 07 14:07:15 SGT 2017]
INFO: ---------------WebActions.SLEEP for 2000 Done! [Fri Jul 07 14:07:15 SGT 2017]
INFO: ---------------WebActions.SLEEP for 2000 Done! [Fri Jul 07 14:07:15 SGT 2017]
INFO: ---------------WebActions.SLEEP for 2000 Done! [Fri Jul 07 14:07:15 SGT 2017]
INFO: ---------------WebActions.CLOSE browser Done! [Fri Jul 07 14:07:17 SGT 2017]
INFO: ---------------WebActions.CLOSE browser Done! [Fri Jul 07 14:07:17 SGT 2017]
INFO: ---------------WebActions.CLOSE browser Done! [Fri Jul 07 14:07:17 SGT 2017]
INFO: ---------------WebActions.CLOSE browser Done! [Fri Jul 07 14:07:17 SGT 2017]
INFO: ---------------WebActions.CLOSE browser Done! [Fri Jul 07 14:07:17 SGT 2017]
INFO: ---------------WebActions.CLOSE browser Done! [Fri Jul 07 14:07:17 SGT 2017]
INFO: Running Test set TC0001.1.7 Correct Email, Invalid Password [Fri Jul 07 14:07:17 SGT 2017]
INFO: ---------------WebActions.LAUNCH https://kudos.storm.tech Done! [Fri Jul 07 14:07:26 SGT 2017]
INFO: ---------------WebActions.LAUNCH https://kudos.storm.tech Done! [Fri Jul 07 14:07:26 SGT 2017]
INFO: ---------------WebActions.LAUNCH https://kudos.storm.tech Done! [Fri Jul 07 14:07:26 SGT 2017]
INFO: ---------------WebActions.LAUNCH https://kudos.storm.tech Done! [Fri Jul 07 14:07:26 SGT 2017]
INFO: ---------------WebActions.LAUNCH https://kudos.storm.tech Done! [Fri Jul 07 14:07:26 SGT 2017]
INFO: ---------------WebActions.LAUNCH https://kudos.storm.tech Done! [Fri Jul 07 14:07:26 SGT 2017]
INFO: ---------------WebActions.LAUNCH https://kudos.storm.tech Done! [Fri Jul 07 14:07:26 SGT 2017]
INFO: ---------------WebActions.TYPE By.name: email with dummy1@automation.com Done! [Fri Jul 07 14:07:27 SGT 2017]
INFO: ---------------WebActions.TYPE By.name: email with dummy1@automation.com Done! [Fri Jul 07 14:07:27 SGT 2017]
INFO: ---------------WebActions.TYPE By.name: email with dummy1@automation.com Done! [Fri Jul 07 14:07:27 SGT 2017]
INFO: ---------------WebActions.TYPE By.name: email with dummy1@automation.com Done! [Fri Jul 07 14:07:27 SGT 2017]
INFO: ---------------WebActions.TYPE By.name: email with dummy1@automation.com Done! [Fri Jul 07 14:07:27 SGT 2017]
INFO: ---------------WebActions.TYPE By.name: email with dummy1@automation.com Done! [Fri Jul 07 14:07:27 SGT 2017]
INFO: ---------------WebActions.TYPE By.name: email with dummy1@automation.com Done! [Fri Jul 07 14:07:27 SGT 2017]
INFO: ---------------WebActions.TYPE By.name: password with STORM@2017 Done! [Fri Jul 07 14:07:28 SGT 2017]
INFO: ---------------WebActions.TYPE By.name: password with STORM@2017 Done! [Fri Jul 07 14:07:28 SGT 2017]
INFO: ---------------WebActions.TYPE By.name: password with STORM@2017 Done! [Fri Jul 07 14:07:28 SGT 2017]
INFO: ---------------WebActions.TYPE By.name: password with STORM@2017 Done! [Fri Jul 07 14:07:28 SGT 2017]
INFO: ---------------WebActions.TYPE By.name: password with STORM@2017 Done! [Fri Jul 07 14:07:28 SGT 2017]
INFO: ---------------WebActions.TYPE By.name: password with STORM@2017 Done! [Fri Jul 07 14:07:28 SGT 2017]
INFO: ---------------WebActions.TYPE By.name: password with STORM@2017 Done! [Fri Jul 07 14:07:28 SGT 2017]
INFO: ---------------WebActions.TICK id|show-password-checkbox SKIP [Fri Jul 07 14:07:29 SGT 2017]
INFO: ---------------WebActions.TICK id|show-password-checkbox SKIP [Fri Jul 07 14:07:29 SGT 2017]
INFO: ---------------WebActions.TICK id|show-password-checkbox SKIP [Fri Jul 07 14:07:29 SGT 2017]
INFO: ---------------WebActions.TICK id|show-password-checkbox SKIP [Fri Jul 07 14:07:29 SGT 2017]
INFO: ---------------WebActions.TICK id|show-password-checkbox SKIP [Fri Jul 07 14:07:29 SGT 2017]
INFO: ---------------WebActions.TICK id|show-password-checkbox SKIP [Fri Jul 07 14:07:29 SGT 2017]
INFO: ---------------WebActions.TICK id|show-password-checkbox SKIP [Fri Jul 07 14:07:29 SGT 2017]
INFO: ---------------WebActions.CLICK By.name: submit Done! [Fri Jul 07 14:07:29 SGT 2017]
INFO: ---------------WebActions.CLICK By.name: submit Done! [Fri Jul 07 14:07:29 SGT 2017]
INFO: ---------------WebActions.CLICK By.name: submit Done! [Fri Jul 07 14:07:29 SGT 2017]
INFO: ---------------WebActions.CLICK By.name: submit Done! [Fri Jul 07 14:07:29 SGT 2017]
INFO: ---------------WebActions.CLICK By.name: submit Done! [Fri Jul 07 14:07:29 SGT 2017]
INFO: ---------------WebActions.CLICK By.name: submit Done! [Fri Jul 07 14:07:29 SGT 2017]
INFO: ---------------WebActions.CLICK By.name: submit Done! [Fri Jul 07 14:07:29 SGT 2017]
INFO: ---------------WebActions.SLEEP for 3000 Done! [Fri Jul 07 14:07:33 SGT 2017]
INFO: ---------------WebActions.SLEEP for 3000 Done! [Fri Jul 07 14:07:33 SGT 2017]
INFO: ---------------WebActions.SLEEP for 3000 Done! [Fri Jul 07 14:07:33 SGT 2017]
INFO: ---------------WebActions.SLEEP for 3000 Done! [Fri Jul 07 14:07:33 SGT 2017]
INFO: ---------------WebActions.SLEEP for 3000 Done! [Fri Jul 07 14:07:33 SGT 2017]
INFO: ---------------WebActions.SLEEP for 3000 Done! [Fri Jul 07 14:07:33 SGT 2017]
INFO: ---------------WebActions.SLEEP for 3000 Done! [Fri Jul 07 14:07:33 SGT 2017]
INFO: ---------------WebActions.SLEEP for 2000 Done! [Fri Jul 07 14:07:36 SGT 2017]
INFO: ---------------WebActions.SLEEP for 2000 Done! [Fri Jul 07 14:07:36 SGT 2017]
INFO: ---------------WebActions.SLEEP for 2000 Done! [Fri Jul 07 14:07:36 SGT 2017]
INFO: ---------------WebActions.SLEEP for 2000 Done! [Fri Jul 07 14:07:36 SGT 2017]
INFO: ---------------WebActions.SLEEP for 2000 Done! [Fri Jul 07 14:07:36 SGT 2017]
INFO: ---------------WebActions.SLEEP for 2000 Done! [Fri Jul 07 14:07:36 SGT 2017]
INFO: ---------------WebActions.SLEEP for 2000 Done! [Fri Jul 07 14:07:36 SGT 2017]
INFO: ---------------WebActions.CLOSE browser Done! [Fri Jul 07 14:07:38 SGT 2017]
INFO: ---------------WebActions.CLOSE browser Done! [Fri Jul 07 14:07:38 SGT 2017]
INFO: ---------------WebActions.CLOSE browser Done! [Fri Jul 07 14:07:38 SGT 2017]
INFO: ---------------WebActions.CLOSE browser Done! [Fri Jul 07 14:07:38 SGT 2017]
INFO: ---------------WebActions.CLOSE browser Done! [Fri Jul 07 14:07:38 SGT 2017]
INFO: ---------------WebActions.CLOSE browser Done! [Fri Jul 07 14:07:38 SGT 2017]
INFO: ---------------WebActions.CLOSE browser Done! [Fri Jul 07 14:07:38 SGT 2017]
INFO: Running Test set TC0001.1.7.a Refresh user 1 [Fri Jul 07 14:07:38 SGT 2017]
INFO: ---------------WebActions.LAUNCH https://kudos.storm.tech Done! [Fri Jul 07 14:07:59 SGT 2017]
INFO: ---------------WebActions.LAUNCH https://kudos.storm.tech Done! [Fri Jul 07 14:07:59 SGT 2017]
INFO: ---------------WebActions.LAUNCH https://kudos.storm.tech Done! [Fri Jul 07 14:07:59 SGT 2017]
INFO: ---------------WebActions.LAUNCH https://kudos.storm.tech Done! [Fri Jul 07 14:07:59 SGT 2017]
INFO: ---------------WebActions.LAUNCH https://kudos.storm.tech Done! [Fri Jul 07 14:07:59 SGT 2017]
INFO: ---------------WebActions.LAUNCH https://kudos.storm.tech Done! [Fri Jul 07 14:07:59 SGT 2017]
INFO: ---------------WebActions.LAUNCH https://kudos.storm.tech Done! [Fri Jul 07 14:07:59 SGT 2017]
INFO: ---------------WebActions.LAUNCH https://kudos.storm.tech Done! [Fri Jul 07 14:07:59 SGT 2017]
INFO: ---------------WebActions.TYPE By.name: email with dummy1@automation.com Done! [Fri Jul 07 14:08:01 SGT 2017]
INFO: ---------------WebActions.TYPE By.name: email with dummy1@automation.com Done! [Fri Jul 07 14:08:01 SGT 2017]
INFO: ---------------WebActions.TYPE By.name: email with dummy1@automation.com Done! [Fri Jul 07 14:08:01 SGT 2017]
INFO: ---------------WebActions.TYPE By.name: email with dummy1@automation.com Done! [Fri Jul 07 14:08:01 SGT 2017]
INFO: ---------------WebActions.TYPE By.name: email with dummy1@automation.com Done! [Fri Jul 07 14:08:01 SGT 2017]
INFO: ---------------WebActions.TYPE By.name: email with dummy1@automation.com Done! [Fri Jul 07 14:08:01 SGT 2017]
INFO: ---------------WebActions.TYPE By.name: email with dummy1@automation.com Done! [Fri Jul 07 14:08:01 SGT 2017]
INFO: ---------------WebActions.TYPE By.name: email with dummy1@automation.com Done! [Fri Jul 07 14:08:01 SGT 2017]
INFO: ---------------WebActions.TYPE By.name: password with Storm2017 Done! [Fri Jul 07 14:08:02 SGT 2017]
INFO: ---------------WebActions.TYPE By.name: password with Storm2017 Done! [Fri Jul 07 14:08:02 SGT 2017]
INFO: ---------------WebActions.TYPE By.name: password with Storm2017 Done! [Fri Jul 07 14:08:02 SGT 2017]
INFO: ---------------WebActions.TYPE By.name: password with Storm2017 Done! [Fri Jul 07 14:08:02 SGT 2017]
INFO: ---------------WebActions.TYPE By.name: password with Storm2017 Done! [Fri Jul 07 14:08:02 SGT 2017]
INFO: ---------------WebActions.TYPE By.name: password with Storm2017 Done! [Fri Jul 07 14:08:02 SGT 2017]
INFO: ---------------WebActions.TYPE By.name: password with Storm2017 Done! [Fri Jul 07 14:08:02 SGT 2017]
INFO: ---------------WebActions.TYPE By.name: password with Storm2017 Done! [Fri Jul 07 14:08:02 SGT 2017]
INFO: ---------------WebActions.TICK id|show-password-checkbox SKIP [Fri Jul 07 14:08:02 SGT 2017]
INFO: ---------------WebActions.TICK id|show-password-checkbox SKIP [Fri Jul 07 14:08:02 SGT 2017]
INFO: ---------------WebActions.TICK id|show-password-checkbox SKIP [Fri Jul 07 14:08:02 SGT 2017]
INFO: ---------------WebActions.TICK id|show-password-checkbox SKIP [Fri Jul 07 14:08:02 SGT 2017]
INFO: ---------------WebActions.TICK id|show-password-checkbox SKIP [Fri Jul 07 14:08:02 SGT 2017]
INFO: ---------------WebActions.TICK id|show-password-checkbox SKIP [Fri Jul 07 14:08:02 SGT 2017]
INFO: ---------------WebActions.TICK id|show-password-checkbox SKIP [Fri Jul 07 14:08:02 SGT 2017]
INFO: ---------------WebActions.TICK id|show-password-checkbox SKIP [Fri Jul 07 14:08:02 SGT 2017]
INFO: ---------------WebActions.CLICK By.name: submit Done! [Fri Jul 07 14:08:02 SGT 2017]
INFO: ---------------WebActions.CLICK By.name: submit Done! [Fri Jul 07 14:08:02 SGT 2017]
INFO: ---------------WebActions.CLICK By.name: submit Done! [Fri Jul 07 14:08:02 SGT 2017]
INFO: ---------------WebActions.CLICK By.name: submit Done! [Fri Jul 07 14:08:02 SGT 2017]
INFO: ---------------WebActions.CLICK By.name: submit Done! [Fri Jul 07 14:08:02 SGT 2017]
INFO: ---------------WebActions.CLICK By.name: submit Done! [Fri Jul 07 14:08:02 SGT 2017]
INFO: ---------------WebActions.CLICK By.name: submit Done! [Fri Jul 07 14:08:02 SGT 2017]
INFO: ---------------WebActions.CLICK By.name: submit Done! [Fri Jul 07 14:08:02 SGT 2017]
