INFO: ================================================== [Thu Jul 06 20:19:14 SGT 2017]
INFO: -----START of STORM Automation Framework main.TestAF [Thu Jul 06 20:19:14 SGT 2017]
INFO: ----------START of SetFilePaths [Thu Jul 06 20:19:14 SGT 2017]
INFO: ----------END of SetFilePaths [Thu Jul 06 20:19:14 SGT 2017]
INFO: ----------START of SetStormProperties [Thu Jul 06 20:19:14 SGT 2017]
INFO: ---------------START of getPropertyResultFileName [Thu Jul 06 20:19:14 SGT 2017]
INFO: ---------------GetStormProperties.getPropertyResultFileName : resultFileName = Result_File_ [Thu Jul 06 20:19:14 SGT 2017]
INFO: ---------------END of GetStormProperties.getPropertyResultFileName [Thu Jul 06 20:19:14 SGT 2017]
INFO: ---------------START of getPropertyTestFileType [Thu Jul 06 20:19:14 SGT 2017]
INFO: ---------------GetStormProperties.getPropertyTestFileType : testFileType = .xlsx [Thu Jul 06 20:19:14 SGT 2017]
INFO: ---------------END of GetStormProperties.getPropertyTestFileType [Thu Jul 06 20:19:14 SGT 2017]
INFO: ---------------START of getPropertyObjectDBName [Thu Jul 06 20:19:14 SGT 2017]
INFO: ---------------GetStormProperties.getPropertyObjectDBName : objectDBName = ObjectDB.STORM.KUDOS.xlsx [Thu Jul 06 20:19:14 SGT 2017]
INFO: ---------------START of getPropertyExeutionType [Thu Jul 06 20:19:14 SGT 2017]
INFO: ---------------GetStormProperties.getPropertyExeutionType : executionType = dataset [Thu Jul 06 20:19:14 SGT 2017]
INFO: ---------------START of getDefaultURL [Thu Jul 06 20:19:14 SGT 2017]
INFO: ---------------GetStormProperties.getDefaultURL : defaultURL = https://kudos.storm.tech [Thu Jul 06 20:19:14 SGT 2017]
INFO: ----------END of SetStormProperties [Thu Jul 06 20:19:14 SGT 2017]
INFO: ----------START of FindFiles.getFileName [Thu Jul 06 20:19:14 SGT 2017]
INFO: ----------START of FindFiles.getFileName [Thu Jul 06 20:19:14 SGT 2017]
INFO: ----------START of FindFiles.getFileName [Thu Jul 06 20:19:14 SGT 2017]
INFO: ----------END of FindFiles.getFileName [Thu Jul 06 20:19:14 SGT 2017]
INFO: ----------END of FindFiles.getFileName [Thu Jul 06 20:19:14 SGT 2017]
INFO: ----------END of FindFiles.getFileName [Thu Jul 06 20:19:14 SGT 2017]
INFO: ----------END of FindFiles.getFileName [Thu Jul 06 20:19:14 SGT 2017]
INFO: ----------START of FindFiles.getFileName [Thu Jul 06 20:19:14 SGT 2017]
INFO: ----------START of FindFiles.getFileName [Thu Jul 06 20:19:14 SGT 2017]
INFO: ----------START of FindFiles.getFileName [Thu Jul 06 20:19:14 SGT 2017]
INFO: ----------END of FindFiles.getFileName [Thu Jul 06 20:19:14 SGT 2017]
INFO: ----------END of FindFiles.getFileName [Thu Jul 06 20:19:14 SGT 2017]
INFO: ----------END of FindFiles.getFileName [Thu Jul 06 20:19:14 SGT 2017]
INFO: ----------END of FindFiles.getFileName [Thu Jul 06 20:19:14 SGT 2017]
INFO: ----------END of FindFiles.getFileName [Thu Jul 06 20:19:14 SGT 2017]
INFO: ----------END of FindFiles.getFileName [Thu Jul 06 20:19:14 SGT 2017]
INFO: ----------START of FindFiles.getFileName [Thu Jul 06 20:19:14 SGT 2017]
INFO: ----------START of FindFiles.getFileName [Thu Jul 06 20:19:14 SGT 2017]
INFO: ----------START of FindFiles.getFileName [Thu Jul 06 20:19:14 SGT 2017]
INFO: ----------START of FindFiles.getFileName [Thu Jul 06 20:19:14 SGT 2017]
INFO: ----------END of FindFiles.getFileName [Thu Jul 06 20:19:14 SGT 2017]
INFO: ----------END of FindFiles.getFileName [Thu Jul 06 20:19:14 SGT 2017]
INFO: ----------END of FindFiles.getFileName [Thu Jul 06 20:19:14 SGT 2017]
INFO: ----------END of FindFiles.getFileName [Thu Jul 06 20:19:14 SGT 2017]
INFO: ----------END of FindFiles.getFileName [Thu Jul 06 20:19:14 SGT 2017]
INFO: ----------END of FindFiles.getFileName [Thu Jul 06 20:19:14 SGT 2017]
INFO: ----------END of FindFiles.getFileName [Thu Jul 06 20:19:14 SGT 2017]
INFO: ----------END of FindFiles.getFileName [Thu Jul 06 20:19:14 SGT 2017]
INFO: ----------END of FindFiles.getFileName [Thu Jul 06 20:19:14 SGT 2017]
INFO: ----------END of FindFiles.getFileName [Thu Jul 06 20:19:14 SGT 2017]
INFO: ----------END of FindFiles.getFileName [Thu Jul 06 20:19:14 SGT 2017]
INFO: ----------END of FindFiles.getFileName [Thu Jul 06 20:19:14 SGT 2017]
INFO: ----------END of FindFiles.getFileName [Thu Jul 06 20:19:14 SGT 2017]
INFO: ----------END of FindFiles.getFileName [Thu Jul 06 20:19:14 SGT 2017]
INFO: ----------END of FindFiles.getFileName [Thu Jul 06 20:19:14 SGT 2017]
INFO: ----------END of FindFiles.getFileName [Thu Jul 06 20:19:14 SGT 2017]
INFO: ----------START execution for TC0001.1 Login Client.xlsx [Thu Jul 06 20:19:15 SGT 2017]
INFO: Running Test set TC0001.1.1 Correct Email, Correct Password [Thu Jul 06 20:19:15 SGT 2017]
INFO: ---------------WebActions.LAUNCH https://kudos.storm.tech Done! [Thu Jul 06 20:19:24 SGT 2017]
INFO: ---------------WebActions.TYPE By.name: email with jonathan@automation.com Done! [Thu Jul 06 20:19:25 SGT 2017]
INFO: ---------------WebActions.TYPE By.name: password with Storm2017 Done! [Thu Jul 06 20:19:25 SGT 2017]
INFO: ---------------WebActions.TICK id|show-password-checkbox SKIP [Thu Jul 06 20:19:25 SGT 2017]
INFO: ---------------WebActions.CLICK By.name: submit Done! [Thu Jul 06 20:19:25 SGT 2017]
INFO: ---------------WebActions.SLEEP for 3000 Done! [Thu Jul 06 20:19:29 SGT 2017]
INFO: ---------------WebActions.SLEEP for 2000 Done! [Thu Jul 06 20:19:31 SGT 2017]
SEVERE: ---------------WebActions.CLOSE browser Failed... Exception errororg.openqa.selenium.WebDriverException: chrome not reachable
  (Session info: chrome=59.0.3071.115)
  (Driver info: chromedriver=2.29.461591 (62ebf098771772160f391d75e589dc567915b233),platform=Windows NT 10.0.15063 x86_64) (WARNING: The server did not provide any stacktrace information)
Command duration or timeout: 2.01 seconds
Build info: version: 'unknown', revision: 'unknown', time: 'unknown'
System info: host: 'HOSB-LP099', ip: '192.168.1.109', os.name: 'Windows 10', os.arch: 'x86', os.version: '10.0', java.version: '1.8.0_131'
Driver info: org.openqa.selenium.chrome.ChromeDriver
Capabilities [{applicationCacheEnabled=false, rotatable=false, mobileEmulationEnabled=false, networkConnectionEnabled=false, chrome={chromedriverVersion=2.29.461591 (62ebf098771772160f391d75e589dc567915b233), userDataDir=C:\Users\jonathan\AppData\Local\Temp\scoped_dir11748_17799}, takesHeapSnapshot=true, pageLoadStrategy=normal, databaseEnabled=false, handlesAlerts=true, hasTouchScreen=false, version=59.0.3071.115, platform=XP, browserConnectionEnabled=false, nativeEvents=true, acceptSslCerts=true, locationContextEnabled=true, webStorageEnabled=true, browserName=chrome, takesScreenshot=true, javascriptEnabled=true, cssSelectorsEnabled=true, unexpectedAlertBehaviour=}]
Session ID: 828df74c4c8c727a2ce9de804472020e [Thu Jul 06 20:19:33 SGT 2017]
INFO: Running Test set TC0001.1.2 Correct Email, no Password [Thu Jul 06 20:19:33 SGT 2017]
INFO: ---------------WebActions.LAUNCH https://kudos.storm.tech Done! [Thu Jul 06 20:19:48 SGT 2017]
INFO: ---------------WebActions.LAUNCH https://kudos.storm.tech Done! [Thu Jul 06 20:19:48 SGT 2017]
INFO: ---------------WebActions.TYPE By.name: email with jonathan@automation.com Done! [Thu Jul 06 20:19:48 SGT 2017]
INFO: ---------------WebActions.TYPE By.name: email with jonathan@automation.com Done! [Thu Jul 06 20:19:48 SGT 2017]
INFO: ---------------WebActions.TYPE By.name: password with  Done! [Thu Jul 06 20:19:48 SGT 2017]
INFO: ---------------WebActions.TYPE By.name: password with  Done! [Thu Jul 06 20:19:48 SGT 2017]
INFO: ---------------WebActions.TICK id|show-password-checkbox SKIP [Thu Jul 06 20:19:48 SGT 2017]
INFO: ---------------WebActions.TICK id|show-password-checkbox SKIP [Thu Jul 06 20:19:48 SGT 2017]
INFO: ---------------WebActions.CLICK By.name: submit Done! [Thu Jul 06 20:19:49 SGT 2017]
INFO: ---------------WebActions.CLICK By.name: submit Done! [Thu Jul 06 20:19:49 SGT 2017]
INFO: ---------------WebActions.SLEEP for 3000 Done! [Thu Jul 06 20:19:52 SGT 2017]
INFO: ---------------WebActions.SLEEP for 3000 Done! [Thu Jul 06 20:19:52 SGT 2017]
INFO: ---------------WebActions.SLEEP for 2000 Done! [Thu Jul 06 20:19:54 SGT 2017]
INFO: ---------------WebActions.SLEEP for 2000 Done! [Thu Jul 06 20:19:54 SGT 2017]
INFO: ---------------WebActions.CLOSE browser Done! [Thu Jul 06 20:19:55 SGT 2017]
INFO: ---------------WebActions.CLOSE browser Done! [Thu Jul 06 20:19:55 SGT 2017]
INFO: Running Test set TC0001.1.3 Correct Password No Email [Thu Jul 06 20:19:55 SGT 2017]
INFO: ---------------WebActions.LAUNCH https://kudos.storm.tech Done! [Thu Jul 06 20:20:07 SGT 2017]
INFO: ---------------WebActions.LAUNCH https://kudos.storm.tech Done! [Thu Jul 06 20:20:07 SGT 2017]
INFO: ---------------WebActions.LAUNCH https://kudos.storm.tech Done! [Thu Jul 06 20:20:07 SGT 2017]
INFO: ---------------WebActions.TYPE By.name: email with  Done! [Thu Jul 06 20:20:07 SGT 2017]
INFO: ---------------WebActions.TYPE By.name: email with  Done! [Thu Jul 06 20:20:07 SGT 2017]
INFO: ---------------WebActions.TYPE By.name: email with  Done! [Thu Jul 06 20:20:07 SGT 2017]
INFO: ---------------WebActions.TYPE By.name: password with Storm2017 Done! [Thu Jul 06 20:20:07 SGT 2017]
INFO: ---------------WebActions.TYPE By.name: password with Storm2017 Done! [Thu Jul 06 20:20:07 SGT 2017]
INFO: ---------------WebActions.TYPE By.name: password with Storm2017 Done! [Thu Jul 06 20:20:07 SGT 2017]
INFO: ---------------WebActions.TICK id|show-password-checkbox SKIP [Thu Jul 06 20:20:07 SGT 2017]
INFO: ---------------WebActions.TICK id|show-password-checkbox SKIP [Thu Jul 06 20:20:07 SGT 2017]
INFO: ---------------WebActions.TICK id|show-password-checkbox SKIP [Thu Jul 06 20:20:07 SGT 2017]
INFO: ---------------WebActions.CLICK By.name: submit Done! [Thu Jul 06 20:20:08 SGT 2017]
INFO: ---------------WebActions.CLICK By.name: submit Done! [Thu Jul 06 20:20:08 SGT 2017]
INFO: ---------------WebActions.CLICK By.name: submit Done! [Thu Jul 06 20:20:08 SGT 2017]
INFO: ---------------WebActions.SLEEP for 3000 Done! [Thu Jul 06 20:20:11 SGT 2017]
INFO: ---------------WebActions.SLEEP for 3000 Done! [Thu Jul 06 20:20:11 SGT 2017]
INFO: ---------------WebActions.SLEEP for 3000 Done! [Thu Jul 06 20:20:11 SGT 2017]
INFO: ---------------WebActions.SLEEP for 2000 Done! [Thu Jul 06 20:20:13 SGT 2017]
INFO: ---------------WebActions.SLEEP for 2000 Done! [Thu Jul 06 20:20:13 SGT 2017]
INFO: ---------------WebActions.SLEEP for 2000 Done! [Thu Jul 06 20:20:13 SGT 2017]
INFO: ---------------WebActions.CLOSE browser Done! [Thu Jul 06 20:20:14 SGT 2017]
INFO: ---------------WebActions.CLOSE browser Done! [Thu Jul 06 20:20:14 SGT 2017]
INFO: ---------------WebActions.CLOSE browser Done! [Thu Jul 06 20:20:14 SGT 2017]
INFO: Running Test set TC0001.1.4 Incorrect Email, Correct Password [Thu Jul 06 20:20:14 SGT 2017]
INFO: ---------------WebActions.LAUNCH https://kudos.storm.tech Done! [Thu Jul 06 20:20:20 SGT 2017]
INFO: ---------------WebActions.LAUNCH https://kudos.storm.tech Done! [Thu Jul 06 20:20:20 SGT 2017]
INFO: ---------------WebActions.LAUNCH https://kudos.storm.tech Done! [Thu Jul 06 20:20:20 SGT 2017]
INFO: ---------------WebActions.LAUNCH https://kudos.storm.tech Done! [Thu Jul 06 20:20:20 SGT 2017]
