INFO: ================================================== [Fri Jul 07 13:00:00 SGT 2017]
INFO: -----START of STORM Automation Framework main.TestAF [Fri Jul 07 13:00:01 SGT 2017]
INFO: ----------START of SetFilePaths [Fri Jul 07 13:00:01 SGT 2017]
INFO: ----------END of SetFilePaths [Fri Jul 07 13:00:01 SGT 2017]
INFO: ----------START of SetStormProperties [Fri Jul 07 13:00:01 SGT 2017]
INFO: ---------------START of getPropertyResultFileName [Fri Jul 07 13:00:01 SGT 2017]
INFO: ---------------GetStormProperties.getPropertyResultFileName : resultFileName = Result_File_ [Fri Jul 07 13:00:01 SGT 2017]
INFO: ---------------END of GetStormProperties.getPropertyResultFileName [Fri Jul 07 13:00:01 SGT 2017]
INFO: ---------------START of getPropertyTestFileType [Fri Jul 07 13:00:01 SGT 2017]
INFO: ---------------GetStormProperties.getPropertyTestFileType : testFileType = .xlsx [Fri Jul 07 13:00:01 SGT 2017]
INFO: ---------------END of GetStormProperties.getPropertyTestFileType [Fri Jul 07 13:00:01 SGT 2017]
INFO: ---------------START of getPropertyObjectDBName [Fri Jul 07 13:00:01 SGT 2017]
INFO: ---------------GetStormProperties.getPropertyObjectDBName : objectDBName = ObjectDB.STORM.KUDOS.xlsx [Fri Jul 07 13:00:01 SGT 2017]
INFO: ---------------START of getPropertyExeutionType [Fri Jul 07 13:00:01 SGT 2017]
INFO: ---------------GetStormProperties.getPropertyExeutionType : executionType = dataset [Fri Jul 07 13:00:01 SGT 2017]
INFO: ---------------START of getDefaultURL [Fri Jul 07 13:00:01 SGT 2017]
INFO: ---------------GetStormProperties.getDefaultURL : defaultURL = https://kudos.storm.tech [Fri Jul 07 13:00:01 SGT 2017]
INFO: ----------END of SetStormProperties [Fri Jul 07 13:00:01 SGT 2017]
INFO: ----------START of FindFiles.getFileName [Fri Jul 07 13:00:01 SGT 2017]
INFO: ----------START of FindFiles.getFileName [Fri Jul 07 13:00:01 SGT 2017]
INFO: ----------START of FindFiles.getFileName [Fri Jul 07 13:00:01 SGT 2017]
INFO: ----------END of FindFiles.getFileName [Fri Jul 07 13:00:01 SGT 2017]
INFO: ----------END of FindFiles.getFileName [Fri Jul 07 13:00:01 SGT 2017]
INFO: ----------END of FindFiles.getFileName [Fri Jul 07 13:00:01 SGT 2017]
INFO: ----------END of FindFiles.getFileName [Fri Jul 07 13:00:01 SGT 2017]
INFO: ----------START of FindFiles.getFileName [Fri Jul 07 13:00:01 SGT 2017]
INFO: ----------START of FindFiles.getFileName [Fri Jul 07 13:00:01 SGT 2017]
INFO: ----------START of FindFiles.getFileName [Fri Jul 07 13:00:01 SGT 2017]
INFO: ----------END of FindFiles.getFileName [Fri Jul 07 13:00:01 SGT 2017]
INFO: ----------END of FindFiles.getFileName [Fri Jul 07 13:00:01 SGT 2017]
INFO: ----------END of FindFiles.getFileName [Fri Jul 07 13:00:01 SGT 2017]
INFO: ----------END of FindFiles.getFileName [Fri Jul 07 13:00:01 SGT 2017]
INFO: ----------END of FindFiles.getFileName [Fri Jul 07 13:00:01 SGT 2017]
INFO: ----------END of FindFiles.getFileName [Fri Jul 07 13:00:01 SGT 2017]
INFO: ----------START of FindFiles.getFileName [Fri Jul 07 13:00:01 SGT 2017]
INFO: ----------START of FindFiles.getFileName [Fri Jul 07 13:00:01 SGT 2017]
INFO: ----------START of FindFiles.getFileName [Fri Jul 07 13:00:01 SGT 2017]
INFO: ----------START of FindFiles.getFileName [Fri Jul 07 13:00:01 SGT 2017]
INFO: ----------END of FindFiles.getFileName [Fri Jul 07 13:00:01 SGT 2017]
INFO: ----------END of FindFiles.getFileName [Fri Jul 07 13:00:01 SGT 2017]
INFO: ----------END of FindFiles.getFileName [Fri Jul 07 13:00:01 SGT 2017]
INFO: ----------END of FindFiles.getFileName [Fri Jul 07 13:00:01 SGT 2017]
INFO: ----------END of FindFiles.getFileName [Fri Jul 07 13:00:01 SGT 2017]
INFO: ----------END of FindFiles.getFileName [Fri Jul 07 13:00:01 SGT 2017]
INFO: ----------END of FindFiles.getFileName [Fri Jul 07 13:00:01 SGT 2017]
INFO: ----------END of FindFiles.getFileName [Fri Jul 07 13:00:01 SGT 2017]
INFO: ----------END of FindFiles.getFileName [Fri Jul 07 13:00:01 SGT 2017]
INFO: ----------END of FindFiles.getFileName [Fri Jul 07 13:00:01 SGT 2017]
INFO: ----------END of FindFiles.getFileName [Fri Jul 07 13:00:01 SGT 2017]
INFO: ----------END of FindFiles.getFileName [Fri Jul 07 13:00:01 SGT 2017]
INFO: ----------END of FindFiles.getFileName [Fri Jul 07 13:00:01 SGT 2017]
INFO: ----------END of FindFiles.getFileName [Fri Jul 07 13:00:01 SGT 2017]
INFO: ----------END of FindFiles.getFileName [Fri Jul 07 13:00:01 SGT 2017]
INFO: ----------END of FindFiles.getFileName [Fri Jul 07 13:00:01 SGT 2017]
INFO: ----------START execution for TC0001.1 Login Client.xlsx [Fri Jul 07 13:00:03 SGT 2017]
INFO: Running Test set TC0001.1.1 Correct Email, Correct Password [Fri Jul 07 13:00:04 SGT 2017]
INFO: ---------------WebActions.LAUNCH https://kudos.storm.tech Done! [Fri Jul 07 13:00:20 SGT 2017]
INFO: ---------------WebActions.TYPE By.name: email with jonathan@automation.com Done! [Fri Jul 07 13:00:22 SGT 2017]
INFO: ---------------WebActions.TYPE By.name: password with Storm2017 Done! [Fri Jul 07 13:00:23 SGT 2017]
INFO: ---------------WebActions.TICK id|show-password-checkbox SKIP [Fri Jul 07 13:00:23 SGT 2017]
INFO: ---------------WebActions.CLICK By.name: submit Done! [Fri Jul 07 13:00:24 SGT 2017]
INFO: ---------------WebActions.SLEEP for 3000 Done! [Fri Jul 07 13:00:28 SGT 2017]
INFO: ---------------WebActions.SLEEP for 2000 Done! [Fri Jul 07 13:00:30 SGT 2017]
INFO: ---------------WebActions.CLOSE browser Done! [Fri Jul 07 13:00:32 SGT 2017]
INFO: Running Test set TC0001.1.2 Correct Email, no Password [Fri Jul 07 13:00:32 SGT 2017]
INFO: ---------------WebActions.LAUNCH https://kudos.storm.tech Done! [Fri Jul 07 13:01:03 SGT 2017]
INFO: ---------------WebActions.LAUNCH https://kudos.storm.tech Done! [Fri Jul 07 13:01:03 SGT 2017]
INFO: ---------------WebActions.TYPE By.name: email with jonathan@automation.com Done! [Fri Jul 07 13:01:04 SGT 2017]
INFO: ---------------WebActions.TYPE By.name: email with jonathan@automation.com Done! [Fri Jul 07 13:01:04 SGT 2017]
INFO: ---------------WebActions.TYPE By.name: password with  Done! [Fri Jul 07 13:01:04 SGT 2017]
INFO: ---------------WebActions.TYPE By.name: password with  Done! [Fri Jul 07 13:01:04 SGT 2017]
INFO: ---------------WebActions.TICK id|show-password-checkbox SKIP [Fri Jul 07 13:01:05 SGT 2017]
INFO: ---------------WebActions.TICK id|show-password-checkbox SKIP [Fri Jul 07 13:01:05 SGT 2017]
INFO: ---------------WebActions.CLICK By.name: submit Done! [Fri Jul 07 13:01:05 SGT 2017]
INFO: ---------------WebActions.CLICK By.name: submit Done! [Fri Jul 07 13:01:05 SGT 2017]
INFO: ---------------WebActions.SLEEP for 3000 Done! [Fri Jul 07 13:01:09 SGT 2017]
INFO: ---------------WebActions.SLEEP for 3000 Done! [Fri Jul 07 13:01:09 SGT 2017]
INFO: ---------------WebActions.SLEEP for 2000 Done! [Fri Jul 07 13:01:12 SGT 2017]
INFO: ---------------WebActions.SLEEP for 2000 Done! [Fri Jul 07 13:01:12 SGT 2017]
INFO: ---------------WebActions.CLOSE browser Done! [Fri Jul 07 13:01:14 SGT 2017]
INFO: ---------------WebActions.CLOSE browser Done! [Fri Jul 07 13:01:14 SGT 2017]
INFO: Running Test set TC0001.1.3 Correct Password No Email [Fri Jul 07 13:01:14 SGT 2017]
INFO: ---------------WebActions.LAUNCH https://kudos.storm.tech Done! [Fri Jul 07 13:01:32 SGT 2017]
INFO: ---------------WebActions.LAUNCH https://kudos.storm.tech Done! [Fri Jul 07 13:01:32 SGT 2017]
INFO: ---------------WebActions.LAUNCH https://kudos.storm.tech Done! [Fri Jul 07 13:01:32 SGT 2017]
INFO: ---------------WebActions.TYPE By.name: email with  Done! [Fri Jul 07 13:01:33 SGT 2017]
INFO: ---------------WebActions.TYPE By.name: email with  Done! [Fri Jul 07 13:01:33 SGT 2017]
INFO: ---------------WebActions.TYPE By.name: email with  Done! [Fri Jul 07 13:01:33 SGT 2017]
INFO: ---------------WebActions.TYPE By.name: password with Storm2017 Done! [Fri Jul 07 13:01:34 SGT 2017]
INFO: ---------------WebActions.TYPE By.name: password with Storm2017 Done! [Fri Jul 07 13:01:34 SGT 2017]
INFO: ---------------WebActions.TYPE By.name: password with Storm2017 Done! [Fri Jul 07 13:01:34 SGT 2017]
INFO: ---------------WebActions.TICK id|show-password-checkbox SKIP [Fri Jul 07 13:01:34 SGT 2017]
INFO: ---------------WebActions.TICK id|show-password-checkbox SKIP [Fri Jul 07 13:01:34 SGT 2017]
INFO: ---------------WebActions.TICK id|show-password-checkbox SKIP [Fri Jul 07 13:01:34 SGT 2017]
INFO: ---------------WebActions.CLICK By.name: submit Done! [Fri Jul 07 13:01:34 SGT 2017]
INFO: ---------------WebActions.CLICK By.name: submit Done! [Fri Jul 07 13:01:34 SGT 2017]
INFO: ---------------WebActions.CLICK By.name: submit Done! [Fri Jul 07 13:01:34 SGT 2017]
INFO: ---------------WebActions.SLEEP for 3000 Done! [Fri Jul 07 13:01:38 SGT 2017]
INFO: ---------------WebActions.SLEEP for 3000 Done! [Fri Jul 07 13:01:38 SGT 2017]
INFO: ---------------WebActions.SLEEP for 3000 Done! [Fri Jul 07 13:01:38 SGT 2017]
INFO: ---------------WebActions.SLEEP for 2000 Done! [Fri Jul 07 13:01:41 SGT 2017]
INFO: ---------------WebActions.SLEEP for 2000 Done! [Fri Jul 07 13:01:41 SGT 2017]
INFO: ---------------WebActions.SLEEP for 2000 Done! [Fri Jul 07 13:01:41 SGT 2017]
INFO: ---------------WebActions.CLOSE browser Done! [Fri Jul 07 13:01:42 SGT 2017]
INFO: ---------------WebActions.CLOSE browser Done! [Fri Jul 07 13:01:42 SGT 2017]
INFO: ---------------WebActions.CLOSE browser Done! [Fri Jul 07 13:01:42 SGT 2017]
INFO: Running Test set TC0001.1.4 Incorrect Email, Correct Password [Fri Jul 07 13:01:43 SGT 2017]
INFO: ---------------WebActions.LAUNCH https://kudos.storm.tech Done! [Fri Jul 07 13:02:01 SGT 2017]
INFO: ---------------WebActions.LAUNCH https://kudos.storm.tech Done! [Fri Jul 07 13:02:01 SGT 2017]
INFO: ---------------WebActions.LAUNCH https://kudos.storm.tech Done! [Fri Jul 07 13:02:01 SGT 2017]
INFO: ---------------WebActions.LAUNCH https://kudos.storm.tech Done! [Fri Jul 07 13:02:01 SGT 2017]
INFO: ---------------WebActions.TYPE By.name: email with aaa@.com Done! [Fri Jul 07 13:02:02 SGT 2017]
INFO: ---------------WebActions.TYPE By.name: email with aaa@.com Done! [Fri Jul 07 13:02:02 SGT 2017]
INFO: ---------------WebActions.TYPE By.name: email with aaa@.com Done! [Fri Jul 07 13:02:02 SGT 2017]
INFO: ---------------WebActions.TYPE By.name: email with aaa@.com Done! [Fri Jul 07 13:02:02 SGT 2017]
INFO: ---------------WebActions.TYPE By.name: password with Storm2017 Done! [Fri Jul 07 13:02:03 SGT 2017]
INFO: ---------------WebActions.TYPE By.name: password with Storm2017 Done! [Fri Jul 07 13:02:03 SGT 2017]
INFO: ---------------WebActions.TYPE By.name: password with Storm2017 Done! [Fri Jul 07 13:02:03 SGT 2017]
INFO: ---------------WebActions.TYPE By.name: password with Storm2017 Done! [Fri Jul 07 13:02:03 SGT 2017]
INFO: ---------------WebActions.TICK id|show-password-checkbox SKIP [Fri Jul 07 13:02:03 SGT 2017]
INFO: ---------------WebActions.TICK id|show-password-checkbox SKIP [Fri Jul 07 13:02:03 SGT 2017]
INFO: ---------------WebActions.TICK id|show-password-checkbox SKIP [Fri Jul 07 13:02:03 SGT 2017]
INFO: ---------------WebActions.TICK id|show-password-checkbox SKIP [Fri Jul 07 13:02:03 SGT 2017]
INFO: ---------------WebActions.CLICK By.name: submit Done! [Fri Jul 07 13:02:04 SGT 2017]
INFO: ---------------WebActions.CLICK By.name: submit Done! [Fri Jul 07 13:02:04 SGT 2017]
INFO: ---------------WebActions.CLICK By.name: submit Done! [Fri Jul 07 13:02:04 SGT 2017]
INFO: ---------------WebActions.CLICK By.name: submit Done! [Fri Jul 07 13:02:04 SGT 2017]
INFO: ---------------WebActions.SLEEP for 3000 Done! [Fri Jul 07 13:02:07 SGT 2017]
INFO: ---------------WebActions.SLEEP for 3000 Done! [Fri Jul 07 13:02:07 SGT 2017]
INFO: ---------------WebActions.SLEEP for 3000 Done! [Fri Jul 07 13:02:07 SGT 2017]
INFO: ---------------WebActions.SLEEP for 3000 Done! [Fri Jul 07 13:02:07 SGT 2017]
INFO: ---------------WebActions.SLEEP for 2000 Done! [Fri Jul 07 13:02:10 SGT 2017]
INFO: ---------------WebActions.SLEEP for 2000 Done! [Fri Jul 07 13:02:10 SGT 2017]
INFO: ---------------WebActions.SLEEP for 2000 Done! [Fri Jul 07 13:02:10 SGT 2017]
INFO: ---------------WebActions.SLEEP for 2000 Done! [Fri Jul 07 13:02:10 SGT 2017]
INFO: ---------------WebActions.CLOSE browser Done! [Fri Jul 07 13:02:12 SGT 2017]
INFO: ---------------WebActions.CLOSE browser Done! [Fri Jul 07 13:02:12 SGT 2017]
INFO: ---------------WebActions.CLOSE browser Done! [Fri Jul 07 13:02:12 SGT 2017]
INFO: ---------------WebActions.CLOSE browser Done! [Fri Jul 07 13:02:12 SGT 2017]
INFO: Running Test set TC0001.1.5 Correct Email, Invalid Password [Fri Jul 07 13:02:12 SGT 2017]
INFO: ---------------WebActions.LAUNCH https://kudos.storm.tech Done! [Fri Jul 07 13:02:33 SGT 2017]
INFO: ---------------WebActions.LAUNCH https://kudos.storm.tech Done! [Fri Jul 07 13:02:33 SGT 2017]
INFO: ---------------WebActions.LAUNCH https://kudos.storm.tech Done! [Fri Jul 07 13:02:33 SGT 2017]
INFO: ---------------WebActions.LAUNCH https://kudos.storm.tech Done! [Fri Jul 07 13:02:33 SGT 2017]
INFO: ---------------WebActions.LAUNCH https://kudos.storm.tech Done! [Fri Jul 07 13:02:33 SGT 2017]
INFO: ---------------WebActions.TYPE By.name: email with dummy1@automation.com Done! [Fri Jul 07 13:02:34 SGT 2017]
INFO: ---------------WebActions.TYPE By.name: email with dummy1@automation.com Done! [Fri Jul 07 13:02:34 SGT 2017]
INFO: ---------------WebActions.TYPE By.name: email with dummy1@automation.com Done! [Fri Jul 07 13:02:34 SGT 2017]
INFO: ---------------WebActions.TYPE By.name: email with dummy1@automation.com Done! [Fri Jul 07 13:02:34 SGT 2017]
INFO: ---------------WebActions.TYPE By.name: email with dummy1@automation.com Done! [Fri Jul 07 13:02:34 SGT 2017]
INFO: ---------------WebActions.TYPE By.name: password with !@$%&*() Done! [Fri Jul 07 13:02:34 SGT 2017]
INFO: ---------------WebActions.TYPE By.name: password with !@$%&*() Done! [Fri Jul 07 13:02:34 SGT 2017]
INFO: ---------------WebActions.TYPE By.name: password with !@$%&*() Done! [Fri Jul 07 13:02:34 SGT 2017]
INFO: ---------------WebActions.TYPE By.name: password with !@$%&*() Done! [Fri Jul 07 13:02:34 SGT 2017]
INFO: ---------------WebActions.TYPE By.name: password with !@$%&*() Done! [Fri Jul 07 13:02:34 SGT 2017]
INFO: ---------------WebActions.TICK id|show-password-checkbox SKIP [Fri Jul 07 13:02:35 SGT 2017]
INFO: ---------------WebActions.TICK id|show-password-checkbox SKIP [Fri Jul 07 13:02:35 SGT 2017]
INFO: ---------------WebActions.TICK id|show-password-checkbox SKIP [Fri Jul 07 13:02:35 SGT 2017]
INFO: ---------------WebActions.TICK id|show-password-checkbox SKIP [Fri Jul 07 13:02:35 SGT 2017]
INFO: ---------------WebActions.TICK id|show-password-checkbox SKIP [Fri Jul 07 13:02:35 SGT 2017]
INFO: ---------------WebActions.CLICK By.name: submit Done! [Fri Jul 07 13:02:35 SGT 2017]
INFO: ---------------WebActions.CLICK By.name: submit Done! [Fri Jul 07 13:02:35 SGT 2017]
INFO: ---------------WebActions.CLICK By.name: submit Done! [Fri Jul 07 13:02:35 SGT 2017]
INFO: ---------------WebActions.CLICK By.name: submit Done! [Fri Jul 07 13:02:35 SGT 2017]
INFO: ---------------WebActions.CLICK By.name: submit Done! [Fri Jul 07 13:02:35 SGT 2017]
INFO: ---------------WebActions.SLEEP for 3000 Done! [Fri Jul 07 13:02:39 SGT 2017]
INFO: ---------------WebActions.SLEEP for 3000 Done! [Fri Jul 07 13:02:39 SGT 2017]
INFO: ---------------WebActions.SLEEP for 3000 Done! [Fri Jul 07 13:02:39 SGT 2017]
INFO: ---------------WebActions.SLEEP for 3000 Done! [Fri Jul 07 13:02:39 SGT 2017]
INFO: ---------------WebActions.SLEEP for 3000 Done! [Fri Jul 07 13:02:39 SGT 2017]
INFO: ---------------WebActions.SLEEP for 2000 Done! [Fri Jul 07 13:02:41 SGT 2017]
INFO: ---------------WebActions.SLEEP for 2000 Done! [Fri Jul 07 13:02:41 SGT 2017]
INFO: ---------------WebActions.SLEEP for 2000 Done! [Fri Jul 07 13:02:41 SGT 2017]
INFO: ---------------WebActions.SLEEP for 2000 Done! [Fri Jul 07 13:02:41 SGT 2017]
INFO: ---------------WebActions.SLEEP for 2000 Done! [Fri Jul 07 13:02:41 SGT 2017]
INFO: ---------------WebActions.CLOSE browser Done! [Fri Jul 07 13:02:43 SGT 2017]
INFO: ---------------WebActions.CLOSE browser Done! [Fri Jul 07 13:02:43 SGT 2017]
INFO: ---------------WebActions.CLOSE browser Done! [Fri Jul 07 13:02:43 SGT 2017]
INFO: ---------------WebActions.CLOSE browser Done! [Fri Jul 07 13:02:43 SGT 2017]
INFO: ---------------WebActions.CLOSE browser Done! [Fri Jul 07 13:02:43 SGT 2017]
INFO: Running Test set TC0001.1.6 Correct Email, Password all Uppercase [Fri Jul 07 13:02:43 SGT 2017]
INFO: ---------------WebActions.LAUNCH https://kudos.storm.tech Done! [Fri Jul 07 13:03:03 SGT 2017]
INFO: ---------------WebActions.LAUNCH https://kudos.storm.tech Done! [Fri Jul 07 13:03:03 SGT 2017]
INFO: ---------------WebActions.LAUNCH https://kudos.storm.tech Done! [Fri Jul 07 13:03:03 SGT 2017]
INFO: ---------------WebActions.LAUNCH https://kudos.storm.tech Done! [Fri Jul 07 13:03:03 SGT 2017]
INFO: ---------------WebActions.LAUNCH https://kudos.storm.tech Done! [Fri Jul 07 13:03:03 SGT 2017]
INFO: ---------------WebActions.LAUNCH https://kudos.storm.tech Done! [Fri Jul 07 13:03:03 SGT 2017]
INFO: ---------------WebActions.TYPE By.name: email with dummy1@automation.com Done! [Fri Jul 07 13:03:05 SGT 2017]
INFO: ---------------WebActions.TYPE By.name: email with dummy1@automation.com Done! [Fri Jul 07 13:03:05 SGT 2017]
INFO: ---------------WebActions.TYPE By.name: email with dummy1@automation.com Done! [Fri Jul 07 13:03:05 SGT 2017]
INFO: ---------------WebActions.TYPE By.name: email with dummy1@automation.com Done! [Fri Jul 07 13:03:05 SGT 2017]
INFO: ---------------WebActions.TYPE By.name: email with dummy1@automation.com Done! [Fri Jul 07 13:03:05 SGT 2017]
INFO: ---------------WebActions.TYPE By.name: email with dummy1@automation.com Done! [Fri Jul 07 13:03:05 SGT 2017]
INFO: ---------------WebActions.TYPE By.name: password with STORM2017 Done! [Fri Jul 07 13:03:06 SGT 2017]
INFO: ---------------WebActions.TYPE By.name: password with STORM2017 Done! [Fri Jul 07 13:03:06 SGT 2017]
INFO: ---------------WebActions.TYPE By.name: password with STORM2017 Done! [Fri Jul 07 13:03:06 SGT 2017]
INFO: ---------------WebActions.TYPE By.name: password with STORM2017 Done! [Fri Jul 07 13:03:06 SGT 2017]
INFO: ---------------WebActions.TYPE By.name: password with STORM2017 Done! [Fri Jul 07 13:03:06 SGT 2017]
INFO: ---------------WebActions.TYPE By.name: password with STORM2017 Done! [Fri Jul 07 13:03:06 SGT 2017]
INFO: ---------------WebActions.TICK id|show-password-checkbox SKIP [Fri Jul 07 13:03:06 SGT 2017]
INFO: ---------------WebActions.TICK id|show-password-checkbox SKIP [Fri Jul 07 13:03:06 SGT 2017]
INFO: ---------------WebActions.TICK id|show-password-checkbox SKIP [Fri Jul 07 13:03:06 SGT 2017]
INFO: ---------------WebActions.TICK id|show-password-checkbox SKIP [Fri Jul 07 13:03:06 SGT 2017]
INFO: ---------------WebActions.TICK id|show-password-checkbox SKIP [Fri Jul 07 13:03:06 SGT 2017]
INFO: ---------------WebActions.TICK id|show-password-checkbox SKIP [Fri Jul 07 13:03:06 SGT 2017]
INFO: ---------------WebActions.CLICK By.name: submit Done! [Fri Jul 07 13:03:07 SGT 2017]
INFO: ---------------WebActions.CLICK By.name: submit Done! [Fri Jul 07 13:03:07 SGT 2017]
INFO: ---------------WebActions.CLICK By.name: submit Done! [Fri Jul 07 13:03:07 SGT 2017]
INFO: ---------------WebActions.CLICK By.name: submit Done! [Fri Jul 07 13:03:07 SGT 2017]
INFO: ---------------WebActions.CLICK By.name: submit Done! [Fri Jul 07 13:03:07 SGT 2017]
INFO: ---------------WebActions.CLICK By.name: submit Done! [Fri Jul 07 13:03:07 SGT 2017]
INFO: ---------------WebActions.SLEEP for 3000 Done! [Fri Jul 07 13:03:10 SGT 2017]
INFO: ---------------WebActions.SLEEP for 3000 Done! [Fri Jul 07 13:03:10 SGT 2017]
INFO: ---------------WebActions.SLEEP for 3000 Done! [Fri Jul 07 13:03:10 SGT 2017]
INFO: ---------------WebActions.SLEEP for 3000 Done! [Fri Jul 07 13:03:10 SGT 2017]
INFO: ---------------WebActions.SLEEP for 3000 Done! [Fri Jul 07 13:03:10 SGT 2017]
INFO: ---------------WebActions.SLEEP for 3000 Done! [Fri Jul 07 13:03:10 SGT 2017]
INFO: ---------------WebActions.SLEEP for 2000 Done! [Fri Jul 07 13:03:13 SGT 2017]
INFO: ---------------WebActions.SLEEP for 2000 Done! [Fri Jul 07 13:03:13 SGT 2017]
INFO: ---------------WebActions.SLEEP for 2000 Done! [Fri Jul 07 13:03:13 SGT 2017]
INFO: ---------------WebActions.SLEEP for 2000 Done! [Fri Jul 07 13:03:13 SGT 2017]
INFO: ---------------WebActions.SLEEP for 2000 Done! [Fri Jul 07 13:03:13 SGT 2017]
INFO: ---------------WebActions.SLEEP for 2000 Done! [Fri Jul 07 13:03:13 SGT 2017]
INFO: ---------------WebActions.CLOSE browser Done! [Fri Jul 07 13:03:14 SGT 2017]
INFO: ---------------WebActions.CLOSE browser Done! [Fri Jul 07 13:03:14 SGT 2017]
INFO: ---------------WebActions.CLOSE browser Done! [Fri Jul 07 13:03:14 SGT 2017]
INFO: ---------------WebActions.CLOSE browser Done! [Fri Jul 07 13:03:14 SGT 2017]
INFO: ---------------WebActions.CLOSE browser Done! [Fri Jul 07 13:03:14 SGT 2017]
INFO: ---------------WebActions.CLOSE browser Done! [Fri Jul 07 13:03:14 SGT 2017]
INFO: Running Test set TC0001.1.7 Correct Email, Invalid Password [Fri Jul 07 13:03:15 SGT 2017]
INFO: ---------------WebActions.LAUNCH https://kudos.storm.tech Done! [Fri Jul 07 13:03:39 SGT 2017]
INFO: ---------------WebActions.LAUNCH https://kudos.storm.tech Done! [Fri Jul 07 13:03:39 SGT 2017]
INFO: ---------------WebActions.LAUNCH https://kudos.storm.tech Done! [Fri Jul 07 13:03:39 SGT 2017]
INFO: ---------------WebActions.LAUNCH https://kudos.storm.tech Done! [Fri Jul 07 13:03:39 SGT 2017]
INFO: ---------------WebActions.LAUNCH https://kudos.storm.tech Done! [Fri Jul 07 13:03:39 SGT 2017]
INFO: ---------------WebActions.LAUNCH https://kudos.storm.tech Done! [Fri Jul 07 13:03:39 SGT 2017]
INFO: ---------------WebActions.LAUNCH https://kudos.storm.tech Done! [Fri Jul 07 13:03:39 SGT 2017]
INFO: ---------------WebActions.TYPE By.name: email with dummy1@automation.com Done! [Fri Jul 07 13:03:40 SGT 2017]
INFO: ---------------WebActions.TYPE By.name: email with dummy1@automation.com Done! [Fri Jul 07 13:03:40 SGT 2017]
INFO: ---------------WebActions.TYPE By.name: email with dummy1@automation.com Done! [Fri Jul 07 13:03:40 SGT 2017]
INFO: ---------------WebActions.TYPE By.name: email with dummy1@automation.com Done! [Fri Jul 07 13:03:40 SGT 2017]
INFO: ---------------WebActions.TYPE By.name: email with dummy1@automation.com Done! [Fri Jul 07 13:03:40 SGT 2017]
INFO: ---------------WebActions.TYPE By.name: email with dummy1@automation.com Done! [Fri Jul 07 13:03:40 SGT 2017]
INFO: ---------------WebActions.TYPE By.name: email with dummy1@automation.com Done! [Fri Jul 07 13:03:40 SGT 2017]
INFO: ---------------WebActions.TYPE By.name: password with STORM@2017 Done! [Fri Jul 07 13:03:41 SGT 2017]
INFO: ---------------WebActions.TYPE By.name: password with STORM@2017 Done! [Fri Jul 07 13:03:41 SGT 2017]
INFO: ---------------WebActions.TYPE By.name: password with STORM@2017 Done! [Fri Jul 07 13:03:41 SGT 2017]
INFO: ---------------WebActions.TYPE By.name: password with STORM@2017 Done! [Fri Jul 07 13:03:41 SGT 2017]
INFO: ---------------WebActions.TYPE By.name: password with STORM@2017 Done! [Fri Jul 07 13:03:41 SGT 2017]
INFO: ---------------WebActions.TYPE By.name: password with STORM@2017 Done! [Fri Jul 07 13:03:41 SGT 2017]
INFO: ---------------WebActions.TYPE By.name: password with STORM@2017 Done! [Fri Jul 07 13:03:41 SGT 2017]
INFO: ---------------WebActions.TICK id|show-password-checkbox SKIP [Fri Jul 07 13:03:41 SGT 2017]
INFO: ---------------WebActions.TICK id|show-password-checkbox SKIP [Fri Jul 07 13:03:41 SGT 2017]
INFO: ---------------WebActions.TICK id|show-password-checkbox SKIP [Fri Jul 07 13:03:41 SGT 2017]
INFO: ---------------WebActions.TICK id|show-password-checkbox SKIP [Fri Jul 07 13:03:41 SGT 2017]
INFO: ---------------WebActions.TICK id|show-password-checkbox SKIP [Fri Jul 07 13:03:41 SGT 2017]
INFO: ---------------WebActions.TICK id|show-password-checkbox SKIP [Fri Jul 07 13:03:41 SGT 2017]
INFO: ---------------WebActions.TICK id|show-password-checkbox SKIP [Fri Jul 07 13:03:41 SGT 2017]
INFO: ---------------WebActions.CLICK By.name: submit Done! [Fri Jul 07 13:03:41 SGT 2017]
INFO: ---------------WebActions.CLICK By.name: submit Done! [Fri Jul 07 13:03:41 SGT 2017]
INFO: ---------------WebActions.CLICK By.name: submit Done! [Fri Jul 07 13:03:41 SGT 2017]
INFO: ---------------WebActions.CLICK By.name: submit Done! [Fri Jul 07 13:03:41 SGT 2017]
INFO: ---------------WebActions.CLICK By.name: submit Done! [Fri Jul 07 13:03:41 SGT 2017]
INFO: ---------------WebActions.CLICK By.name: submit Done! [Fri Jul 07 13:03:41 SGT 2017]
INFO: ---------------WebActions.CLICK By.name: submit Done! [Fri Jul 07 13:03:41 SGT 2017]
INFO: ---------------WebActions.SLEEP for 3000 Done! [Fri Jul 07 13:03:45 SGT 2017]
INFO: ---------------WebActions.SLEEP for 3000 Done! [Fri Jul 07 13:03:45 SGT 2017]
INFO: ---------------WebActions.SLEEP for 3000 Done! [Fri Jul 07 13:03:45 SGT 2017]
INFO: ---------------WebActions.SLEEP for 3000 Done! [Fri Jul 07 13:03:45 SGT 2017]
INFO: ---------------WebActions.SLEEP for 3000 Done! [Fri Jul 07 13:03:45 SGT 2017]
INFO: ---------------WebActions.SLEEP for 3000 Done! [Fri Jul 07 13:03:45 SGT 2017]
INFO: ---------------WebActions.SLEEP for 3000 Done! [Fri Jul 07 13:03:45 SGT 2017]
INFO: ---------------WebActions.SLEEP for 2000 Done! [Fri Jul 07 13:03:48 SGT 2017]
INFO: ---------------WebActions.SLEEP for 2000 Done! [Fri Jul 07 13:03:48 SGT 2017]
INFO: ---------------WebActions.SLEEP for 2000 Done! [Fri Jul 07 13:03:48 SGT 2017]
INFO: ---------------WebActions.SLEEP for 2000 Done! [Fri Jul 07 13:03:48 SGT 2017]
INFO: ---------------WebActions.SLEEP for 2000 Done! [Fri Jul 07 13:03:48 SGT 2017]
INFO: ---------------WebActions.SLEEP for 2000 Done! [Fri Jul 07 13:03:48 SGT 2017]
INFO: ---------------WebActions.SLEEP for 2000 Done! [Fri Jul 07 13:03:48 SGT 2017]
INFO: ---------------WebActions.CLOSE browser Done! [Fri Jul 07 13:03:49 SGT 2017]
INFO: ---------------WebActions.CLOSE browser Done! [Fri Jul 07 13:03:49 SGT 2017]
INFO: ---------------WebActions.CLOSE browser Done! [Fri Jul 07 13:03:49 SGT 2017]
INFO: ---------------WebActions.CLOSE browser Done! [Fri Jul 07 13:03:49 SGT 2017]
INFO: ---------------WebActions.CLOSE browser Done! [Fri Jul 07 13:03:49 SGT 2017]
INFO: ---------------WebActions.CLOSE browser Done! [Fri Jul 07 13:03:49 SGT 2017]
INFO: ---------------WebActions.CLOSE browser Done! [Fri Jul 07 13:03:49 SGT 2017]
INFO: Running Test set TC0001.1.7.a Refresh user 1 [Fri Jul 07 13:03:49 SGT 2017]
INFO: ---------------WebActions.LAUNCH https://kudos.storm.tech Done! [Fri Jul 07 13:04:12 SGT 2017]
INFO: ---------------WebActions.LAUNCH https://kudos.storm.tech Done! [Fri Jul 07 13:04:12 SGT 2017]
INFO: ---------------WebActions.LAUNCH https://kudos.storm.tech Done! [Fri Jul 07 13:04:12 SGT 2017]
INFO: ---------------WebActions.LAUNCH https://kudos.storm.tech Done! [Fri Jul 07 13:04:12 SGT 2017]
INFO: ---------------WebActions.LAUNCH https://kudos.storm.tech Done! [Fri Jul 07 13:04:12 SGT 2017]
INFO: ---------------WebActions.LAUNCH https://kudos.storm.tech Done! [Fri Jul 07 13:04:12 SGT 2017]
INFO: ---------------WebActions.LAUNCH https://kudos.storm.tech Done! [Fri Jul 07 13:04:12 SGT 2017]
INFO: ---------------WebActions.LAUNCH https://kudos.storm.tech Done! [Fri Jul 07 13:04:12 SGT 2017]
INFO: ---------------WebActions.TYPE By.name: email with dummy1@automation.com Done! [Fri Jul 07 13:04:13 SGT 2017]
INFO: ---------------WebActions.TYPE By.name: email with dummy1@automation.com Done! [Fri Jul 07 13:04:13 SGT 2017]
INFO: ---------------WebActions.TYPE By.name: email with dummy1@automation.com Done! [Fri Jul 07 13:04:13 SGT 2017]
INFO: ---------------WebActions.TYPE By.name: email with dummy1@automation.com Done! [Fri Jul 07 13:04:13 SGT 2017]
INFO: ---------------WebActions.TYPE By.name: email with dummy1@automation.com Done! [Fri Jul 07 13:04:13 SGT 2017]
INFO: ---------------WebActions.TYPE By.name: email with dummy1@automation.com Done! [Fri Jul 07 13:04:13 SGT 2017]
INFO: ---------------WebActions.TYPE By.name: email with dummy1@automation.com Done! [Fri Jul 07 13:04:13 SGT 2017]
INFO: ---------------WebActions.TYPE By.name: email with dummy1@automation.com Done! [Fri Jul 07 13:04:13 SGT 2017]
INFO: ---------------WebActions.TYPE By.name: password with Storm2017 Done! [Fri Jul 07 13:04:14 SGT 2017]
INFO: ---------------WebActions.TYPE By.name: password with Storm2017 Done! [Fri Jul 07 13:04:14 SGT 2017]
INFO: ---------------WebActions.TYPE By.name: password with Storm2017 Done! [Fri Jul 07 13:04:14 SGT 2017]
INFO: ---------------WebActions.TYPE By.name: password with Storm2017 Done! [Fri Jul 07 13:04:14 SGT 2017]
INFO: ---------------WebActions.TYPE By.name: password with Storm2017 Done! [Fri Jul 07 13:04:14 SGT 2017]
INFO: ---------------WebActions.TYPE By.name: password with Storm2017 Done! [Fri Jul 07 13:04:14 SGT 2017]
INFO: ---------------WebActions.TYPE By.name: password with Storm2017 Done! [Fri Jul 07 13:04:14 SGT 2017]
INFO: ---------------WebActions.TYPE By.name: password with Storm2017 Done! [Fri Jul 07 13:04:14 SGT 2017]
INFO: ---------------WebActions.TICK id|show-password-checkbox SKIP [Fri Jul 07 13:04:14 SGT 2017]
INFO: ---------------WebActions.TICK id|show-password-checkbox SKIP [Fri Jul 07 13:04:14 SGT 2017]
INFO: ---------------WebActions.TICK id|show-password-checkbox SKIP [Fri Jul 07 13:04:14 SGT 2017]
INFO: ---------------WebActions.TICK id|show-password-checkbox SKIP [Fri Jul 07 13:04:14 SGT 2017]
INFO: ---------------WebActions.TICK id|show-password-checkbox SKIP [Fri Jul 07 13:04:14 SGT 2017]
INFO: ---------------WebActions.TICK id|show-password-checkbox SKIP [Fri Jul 07 13:04:14 SGT 2017]
INFO: ---------------WebActions.TICK id|show-password-checkbox SKIP [Fri Jul 07 13:04:14 SGT 2017]
INFO: ---------------WebActions.TICK id|show-password-checkbox SKIP [Fri Jul 07 13:04:14 SGT 2017]
INFO: ---------------WebActions.CLICK By.name: submit Done! [Fri Jul 07 13:04:14 SGT 2017]
INFO: ---------------WebActions.CLICK By.name: submit Done! [Fri Jul 07 13:04:14 SGT 2017]
INFO: ---------------WebActions.CLICK By.name: submit Done! [Fri Jul 07 13:04:14 SGT 2017]
INFO: ---------------WebActions.CLICK By.name: submit Done! [Fri Jul 07 13:04:14 SGT 2017]
INFO: ---------------WebActions.CLICK By.name: submit Done! [Fri Jul 07 13:04:14 SGT 2017]
INFO: ---------------WebActions.CLICK By.name: submit Done! [Fri Jul 07 13:04:14 SGT 2017]
INFO: ---------------WebActions.CLICK By.name: submit Done! [Fri Jul 07 13:04:14 SGT 2017]
INFO: ---------------WebActions.CLICK By.name: submit Done! [Fri Jul 07 13:04:14 SGT 2017]
INFO: ---------------WebActions.SLEEP for 3000 Done! [Fri Jul 07 13:04:18 SGT 2017]
INFO: ---------------WebActions.SLEEP for 3000 Done! [Fri Jul 07 13:04:18 SGT 2017]
INFO: ---------------WebActions.SLEEP for 3000 Done! [Fri Jul 07 13:04:18 SGT 2017]
INFO: ---------------WebActions.SLEEP for 3000 Done! [Fri Jul 07 13:04:18 SGT 2017]
INFO: ---------------WebActions.SLEEP for 3000 Done! [Fri Jul 07 13:04:18 SGT 2017]
INFO: ---------------WebActions.SLEEP for 3000 Done! [Fri Jul 07 13:04:18 SGT 2017]
INFO: ---------------WebActions.SLEEP for 3000 Done! [Fri Jul 07 13:04:18 SGT 2017]
INFO: ---------------WebActions.SLEEP for 3000 Done! [Fri Jul 07 13:04:18 SGT 2017]
INFO: ---------------WebActions.SLEEP for 2000 Done! [Fri Jul 07 13:04:21 SGT 2017]
INFO: ---------------WebActions.SLEEP for 2000 Done! [Fri Jul 07 13:04:21 SGT 2017]
INFO: ---------------WebActions.SLEEP for 2000 Done! [Fri Jul 07 13:04:21 SGT 2017]
INFO: ---------------WebActions.SLEEP for 2000 Done! [Fri Jul 07 13:04:21 SGT 2017]
INFO: ---------------WebActions.SLEEP for 2000 Done! [Fri Jul 07 13:04:21 SGT 2017]
INFO: ---------------WebActions.SLEEP for 2000 Done! [Fri Jul 07 13:04:21 SGT 2017]
INFO: ---------------WebActions.SLEEP for 2000 Done! [Fri Jul 07 13:04:21 SGT 2017]
INFO: ---------------WebActions.SLEEP for 2000 Done! [Fri Jul 07 13:04:21 SGT 2017]
INFO: ---------------WebActions.CLOSE browser Done! [Fri Jul 07 13:04:24 SGT 2017]
INFO: ---------------WebActions.CLOSE browser Done! [Fri Jul 07 13:04:24 SGT 2017]
INFO: ---------------WebActions.CLOSE browser Done! [Fri Jul 07 13:04:24 SGT 2017]
INFO: ---------------WebActions.CLOSE browser Done! [Fri Jul 07 13:04:24 SGT 2017]
INFO: ---------------WebActions.CLOSE browser Done! [Fri Jul 07 13:04:24 SGT 2017]
INFO: ---------------WebActions.CLOSE browser Done! [Fri Jul 07 13:04:24 SGT 2017]
INFO: ---------------WebActions.CLOSE browser Done! [Fri Jul 07 13:04:24 SGT 2017]
INFO: ---------------WebActions.CLOSE browser Done! [Fri Jul 07 13:04:24 SGT 2017]
INFO: Running Test set TC0001.1.8 Correct Email, Invalid Password [Fri Jul 07 13:04:24 SGT 2017]
INFO: ---------------WebActions.LAUNCH https://kudos.storm.tech Done! [Fri Jul 07 13:04:41 SGT 2017]
INFO: ---------------WebActions.LAUNCH https://kudos.storm.tech Done! [Fri Jul 07 13:04:41 SGT 2017]
INFO: ---------------WebActions.LAUNCH https://kudos.storm.tech Done! [Fri Jul 07 13:04:41 SGT 2017]
INFO: ---------------WebActions.LAUNCH https://kudos.storm.tech Done! [Fri Jul 07 13:04:41 SGT 2017]
INFO: ---------------WebActions.LAUNCH https://kudos.storm.tech Done! [Fri Jul 07 13:04:41 SGT 2017]
INFO: ---------------WebActions.LAUNCH https://kudos.storm.tech Done! [Fri Jul 07 13:04:41 SGT 2017]
INFO: ---------------WebActions.LAUNCH https://kudos.storm.tech Done! [Fri Jul 07 13:04:41 SGT 2017]
INFO: ---------------WebActions.LAUNCH https://kudos.storm.tech Done! [Fri Jul 07 13:04:41 SGT 2017]
INFO: ---------------WebActions.LAUNCH https://kudos.storm.tech Done! [Fri Jul 07 13:04:41 SGT 2017]
INFO: ---------------WebActions.TYPE By.name: email with dummy2@automation.com Done! [Fri Jul 07 13:04:42 SGT 2017]
INFO: ---------------WebActions.TYPE By.name: email with dummy2@automation.com Done! [Fri Jul 07 13:04:42 SGT 2017]
INFO: ---------------WebActions.TYPE By.name: email with dummy2@automation.com Done! [Fri Jul 07 13:04:42 SGT 2017]
INFO: ---------------WebActions.TYPE By.name: email with dummy2@automation.com Done! [Fri Jul 07 13:04:42 SGT 2017]
INFO: ---------------WebActions.TYPE By.name: email with dummy2@automation.com Done! [Fri Jul 07 13:04:42 SGT 2017]
INFO: ---------------WebActions.TYPE By.name: email with dummy2@automation.com Done! [Fri Jul 07 13:04:42 SGT 2017]
INFO: ---------------WebActions.TYPE By.name: email with dummy2@automation.com Done! [Fri Jul 07 13:04:42 SGT 2017]
INFO: ---------------WebActions.TYPE By.name: email with dummy2@automation.com Done! [Fri Jul 07 13:04:42 SGT 2017]
INFO: ---------------WebActions.TYPE By.name: email with dummy2@automation.com Done! [Fri Jul 07 13:04:42 SGT 2017]
INFO: ---------------WebActions.TYPE By.name: password with sto2017 Done! [Fri Jul 07 13:04:42 SGT 2017]
INFO: ---------------WebActions.TYPE By.name: password with sto2017 Done! [Fri Jul 07 13:04:42 SGT 2017]
INFO: ---------------WebActions.TYPE By.name: password with sto2017 Done! [Fri Jul 07 13:04:42 SGT 2017]
INFO: ---------------WebActions.TYPE By.name: password with sto2017 Done! [Fri Jul 07 13:04:42 SGT 2017]
INFO: ---------------WebActions.TYPE By.name: password with sto2017 Done! [Fri Jul 07 13:04:42 SGT 2017]
INFO: ---------------WebActions.TYPE By.name: password with sto2017 Done! [Fri Jul 07 13:04:42 SGT 2017]
INFO: ---------------WebActions.TYPE By.name: password with sto2017 Done! [Fri Jul 07 13:04:42 SGT 2017]
INFO: ---------------WebActions.TYPE By.name: password with sto2017 Done! [Fri Jul 07 13:04:42 SGT 2017]
INFO: ---------------WebActions.TYPE By.name: password with sto2017 Done! [Fri Jul 07 13:04:42 SGT 2017]
INFO: ---------------WebActions.TICK id|show-password-checkbox SKIP [Fri Jul 07 13:04:43 SGT 2017]
INFO: ---------------WebActions.TICK id|show-password-checkbox SKIP [Fri Jul 07 13:04:43 SGT 2017]
INFO: ---------------WebActions.TICK id|show-password-checkbox SKIP [Fri Jul 07 13:04:43 SGT 2017]
INFO: ---------------WebActions.TICK id|show-password-checkbox SKIP [Fri Jul 07 13:04:43 SGT 2017]
INFO: ---------------WebActions.TICK id|show-password-checkbox SKIP [Fri Jul 07 13:04:43 SGT 2017]
INFO: ---------------WebActions.TICK id|show-password-checkbox SKIP [Fri Jul 07 13:04:43 SGT 2017]
INFO: ---------------WebActions.TICK id|show-password-checkbox SKIP [Fri Jul 07 13:04:43 SGT 2017]
INFO: ---------------WebActions.TICK id|show-password-checkbox SKIP [Fri Jul 07 13:04:43 SGT 2017]
INFO: ---------------WebActions.TICK id|show-password-checkbox SKIP [Fri Jul 07 13:04:43 SGT 2017]
INFO: ---------------WebActions.CLICK By.name: submit Done! [Fri Jul 07 13:04:43 SGT 2017]
INFO: ---------------WebActions.CLICK By.name: submit Done! [Fri Jul 07 13:04:43 SGT 2017]
INFO: ---------------WebActions.CLICK By.name: submit Done! [Fri Jul 07 13:04:43 SGT 2017]
INFO: ---------------WebActions.CLICK By.name: submit Done! [Fri Jul 07 13:04:43 SGT 2017]
INFO: ---------------WebActions.CLICK By.name: submit Done! [Fri Jul 07 13:04:43 SGT 2017]
INFO: ---------------WebActions.CLICK By.name: submit Done! [Fri Jul 07 13:04:43 SGT 2017]
INFO: ---------------WebActions.CLICK By.name: submit Done! [Fri Jul 07 13:04:43 SGT 2017]
INFO: ---------------WebActions.CLICK By.name: submit Done! [Fri Jul 07 13:04:43 SGT 2017]
INFO: ---------------WebActions.CLICK By.name: submit Done! [Fri Jul 07 13:04:43 SGT 2017]
INFO: ---------------WebActions.SLEEP for 3000 Done! [Fri Jul 07 13:04:47 SGT 2017]
INFO: ---------------WebActions.SLEEP for 3000 Done! [Fri Jul 07 13:04:47 SGT 2017]
INFO: ---------------WebActions.SLEEP for 3000 Done! [Fri Jul 07 13:04:47 SGT 2017]
INFO: ---------------WebActions.SLEEP for 3000 Done! [Fri Jul 07 13:04:47 SGT 2017]
INFO: ---------------WebActions.SLEEP for 3000 Done! [Fri Jul 07 13:04:47 SGT 2017]
INFO: ---------------WebActions.SLEEP for 3000 Done! [Fri Jul 07 13:04:47 SGT 2017]
INFO: ---------------WebActions.SLEEP for 3000 Done! [Fri Jul 07 13:04:47 SGT 2017]
INFO: ---------------WebActions.SLEEP for 3000 Done! [Fri Jul 07 13:04:47 SGT 2017]
INFO: ---------------WebActions.SLEEP for 3000 Done! [Fri Jul 07 13:04:47 SGT 2017]
INFO: ---------------WebActions.SLEEP for 2000 Done! [Fri Jul 07 13:04:49 SGT 2017]
INFO: ---------------WebActions.SLEEP for 2000 Done! [Fri Jul 07 13:04:49 SGT 2017]
INFO: ---------------WebActions.SLEEP for 2000 Done! [Fri Jul 07 13:04:49 SGT 2017]
INFO: ---------------WebActions.SLEEP for 2000 Done! [Fri Jul 07 13:04:49 SGT 2017]
INFO: ---------------WebActions.SLEEP for 2000 Done! [Fri Jul 07 13:04:49 SGT 2017]
INFO: ---------------WebActions.SLEEP for 2000 Done! [Fri Jul 07 13:04:49 SGT 2017]
INFO: ---------------WebActions.SLEEP for 2000 Done! [Fri Jul 07 13:04:49 SGT 2017]
INFO: ---------------WebActions.SLEEP for 2000 Done! [Fri Jul 07 13:04:49 SGT 2017]
INFO: ---------------WebActions.SLEEP for 2000 Done! [Fri Jul 07 13:04:49 SGT 2017]
INFO: ---------------WebActions.CLOSE browser Done! [Fri Jul 07 13:04:51 SGT 2017]
INFO: ---------------WebActions.CLOSE browser Done! [Fri Jul 07 13:04:51 SGT 2017]
INFO: ---------------WebActions.CLOSE browser Done! [Fri Jul 07 13:04:51 SGT 2017]
INFO: ---------------WebActions.CLOSE browser Done! [Fri Jul 07 13:04:51 SGT 2017]
INFO: ---------------WebActions.CLOSE browser Done! [Fri Jul 07 13:04:51 SGT 2017]
INFO: ---------------WebActions.CLOSE browser Done! [Fri Jul 07 13:04:51 SGT 2017]
INFO: ---------------WebActions.CLOSE browser Done! [Fri Jul 07 13:04:51 SGT 2017]
INFO: ---------------WebActions.CLOSE browser Done! [Fri Jul 07 13:04:51 SGT 2017]
INFO: ---------------WebActions.CLOSE browser Done! [Fri Jul 07 13:04:51 SGT 2017]
INFO: Running Test set TC0001.1.9 Correct Email, Invalid Password [Fri Jul 07 13:04:51 SGT 2017]
INFO: ---------------WebActions.LAUNCH https://kudos.storm.tech Done! [Fri Jul 07 13:05:05 SGT 2017]
INFO: ---------------WebActions.LAUNCH https://kudos.storm.tech Done! [Fri Jul 07 13:05:05 SGT 2017]
INFO: ---------------WebActions.LAUNCH https://kudos.storm.tech Done! [Fri Jul 07 13:05:05 SGT 2017]
INFO: ---------------WebActions.LAUNCH https://kudos.storm.tech Done! [Fri Jul 07 13:05:05 SGT 2017]
INFO: ---------------WebActions.LAUNCH https://kudos.storm.tech Done! [Fri Jul 07 13:05:05 SGT 2017]
INFO: ---------------WebActions.LAUNCH https://kudos.storm.tech Done! [Fri Jul 07 13:05:05 SGT 2017]
INFO: ---------------WebActions.LAUNCH https://kudos.storm.tech Done! [Fri Jul 07 13:05:05 SGT 2017]
INFO: ---------------WebActions.LAUNCH https://kudos.storm.tech Done! [Fri Jul 07 13:05:05 SGT 2017]
INFO: ---------------WebActions.LAUNCH https://kudos.storm.tech Done! [Fri Jul 07 13:05:05 SGT 2017]
INFO: ---------------WebActions.LAUNCH https://kudos.storm.tech Done! [Fri Jul 07 13:05:05 SGT 2017]
INFO: ---------------WebActions.TYPE By.name: email with dummy2@automation.com Done! [Fri Jul 07 13:05:06 SGT 2017]
INFO: ---------------WebActions.TYPE By.name: email with dummy2@automation.com Done! [Fri Jul 07 13:05:06 SGT 2017]
INFO: ---------------WebActions.TYPE By.name: email with dummy2@automation.com Done! [Fri Jul 07 13:05:06 SGT 2017]
INFO: ---------------WebActions.TYPE By.name: email with dummy2@automation.com Done! [Fri Jul 07 13:05:06 SGT 2017]
INFO: ---------------WebActions.TYPE By.name: email with dummy2@automation.com Done! [Fri Jul 07 13:05:06 SGT 2017]
INFO: ---------------WebActions.TYPE By.name: email with dummy2@automation.com Done! [Fri Jul 07 13:05:06 SGT 2017]
INFO: ---------------WebActions.TYPE By.name: email with dummy2@automation.com Done! [Fri Jul 07 13:05:06 SGT 2017]
INFO: ---------------WebActions.TYPE By.name: email with dummy2@automation.com Done! [Fri Jul 07 13:05:06 SGT 2017]
INFO: ---------------WebActions.TYPE By.name: email with dummy2@automation.com Done! [Fri Jul 07 13:05:06 SGT 2017]
INFO: ---------------WebActions.TYPE By.name: email with dummy2@automation.com Done! [Fri Jul 07 13:05:06 SGT 2017]
INFO: ---------------WebActions.TYPE By.name: password with storm@2017 Done! [Fri Jul 07 13:05:07 SGT 2017]
INFO: ---------------WebActions.TYPE By.name: password with storm@2017 Done! [Fri Jul 07 13:05:07 SGT 2017]
INFO: ---------------WebActions.TYPE By.name: password with storm@2017 Done! [Fri Jul 07 13:05:07 SGT 2017]
INFO: ---------------WebActions.TYPE By.name: password with storm@2017 Done! [Fri Jul 07 13:05:07 SGT 2017]
INFO: ---------------WebActions.TYPE By.name: password with storm@2017 Done! [Fri Jul 07 13:05:07 SGT 2017]
INFO: ---------------WebActions.TYPE By.name: password with storm@2017 Done! [Fri Jul 07 13:05:07 SGT 2017]
INFO: ---------------WebActions.TYPE By.name: password with storm@2017 Done! [Fri Jul 07 13:05:07 SGT 2017]
INFO: ---------------WebActions.TYPE By.name: password with storm@2017 Done! [Fri Jul 07 13:05:07 SGT 2017]
INFO: ---------------WebActions.TYPE By.name: password with storm@2017 Done! [Fri Jul 07 13:05:07 SGT 2017]
INFO: ---------------WebActions.TYPE By.name: password with storm@2017 Done! [Fri Jul 07 13:05:07 SGT 2017]
INFO: ---------------WebActions.TICK id|show-password-checkbox SKIP [Fri Jul 07 13:05:07 SGT 2017]
INFO: ---------------WebActions.TICK id|show-password-checkbox SKIP [Fri Jul 07 13:05:07 SGT 2017]
INFO: ---------------WebActions.TICK id|show-password-checkbox SKIP [Fri Jul 07 13:05:07 SGT 2017]
INFO: ---------------WebActions.TICK id|show-password-checkbox SKIP [Fri Jul 07 13:05:07 SGT 2017]
INFO: ---------------WebActions.TICK id|show-password-checkbox SKIP [Fri Jul 07 13:05:07 SGT 2017]
INFO: ---------------WebActions.TICK id|show-password-checkbox SKIP [Fri Jul 07 13:05:07 SGT 2017]
INFO: ---------------WebActions.TICK id|show-password-checkbox SKIP [Fri Jul 07 13:05:07 SGT 2017]
INFO: ---------------WebActions.TICK id|show-password-checkbox SKIP [Fri Jul 07 13:05:07 SGT 2017]
INFO: ---------------WebActions.TICK id|show-password-checkbox SKIP [Fri Jul 07 13:05:07 SGT 2017]
INFO: ---------------WebActions.TICK id|show-password-checkbox SKIP [Fri Jul 07 13:05:07 SGT 2017]
INFO: ---------------WebActions.CLICK By.name: submit Done! [Fri Jul 07 13:05:08 SGT 2017]
INFO: ---------------WebActions.CLICK By.name: submit Done! [Fri Jul 07 13:05:08 SGT 2017]
INFO: ---------------WebActions.CLICK By.name: submit Done! [Fri Jul 07 13:05:08 SGT 2017]
INFO: ---------------WebActions.CLICK By.name: submit Done! [Fri Jul 07 13:05:08 SGT 2017]
INFO: ---------------WebActions.CLICK By.name: submit Done! [Fri Jul 07 13:05:08 SGT 2017]
INFO: ---------------WebActions.CLICK By.name: submit Done! [Fri Jul 07 13:05:08 SGT 2017]
INFO: ---------------WebActions.CLICK By.name: submit Done! [Fri Jul 07 13:05:08 SGT 2017]
INFO: ---------------WebActions.CLICK By.name: submit Done! [Fri Jul 07 13:05:08 SGT 2017]
INFO: ---------------WebActions.CLICK By.name: submit Done! [Fri Jul 07 13:05:08 SGT 2017]
INFO: ---------------WebActions.CLICK By.name: submit Done! [Fri Jul 07 13:05:08 SGT 2017]
INFO: ---------------WebActions.SLEEP for 3000 Done! [Fri Jul 07 13:05:12 SGT 2017]
INFO: ---------------WebActions.SLEEP for 3000 Done! [Fri Jul 07 13:05:12 SGT 2017]
INFO: ---------------WebActions.SLEEP for 3000 Done! [Fri Jul 07 13:05:12 SGT 2017]
INFO: ---------------WebActions.SLEEP for 3000 Done! [Fri Jul 07 13:05:12 SGT 2017]
INFO: ---------------WebActions.SLEEP for 3000 Done! [Fri Jul 07 13:05:12 SGT 2017]
INFO: ---------------WebActions.SLEEP for 3000 Done! [Fri Jul 07 13:05:12 SGT 2017]
INFO: ---------------WebActions.SLEEP for 3000 Done! [Fri Jul 07 13:05:12 SGT 2017]
INFO: ---------------WebActions.SLEEP for 3000 Done! [Fri Jul 07 13:05:12 SGT 2017]
INFO: ---------------WebActions.SLEEP for 3000 Done! [Fri Jul 07 13:05:12 SGT 2017]
INFO: ---------------WebActions.SLEEP for 3000 Done! [Fri Jul 07 13:05:12 SGT 2017]
INFO: ---------------WebActions.SLEEP for 2000 Done! [Fri Jul 07 13:05:15 SGT 2017]
INFO: ---------------WebActions.SLEEP for 2000 Done! [Fri Jul 07 13:05:15 SGT 2017]
INFO: ---------------WebActions.SLEEP for 2000 Done! [Fri Jul 07 13:05:15 SGT 2017]
INFO: ---------------WebActions.SLEEP for 2000 Done! [Fri Jul 07 13:05:15 SGT 2017]
INFO: ---------------WebActions.SLEEP for 2000 Done! [Fri Jul 07 13:05:15 SGT 2017]
INFO: ---------------WebActions.SLEEP for 2000 Done! [Fri Jul 07 13:05:15 SGT 2017]
INFO: ---------------WebActions.SLEEP for 2000 Done! [Fri Jul 07 13:05:15 SGT 2017]
INFO: ---------------WebActions.SLEEP for 2000 Done! [Fri Jul 07 13:05:15 SGT 2017]
INFO: ---------------WebActions.SLEEP for 2000 Done! [Fri Jul 07 13:05:15 SGT 2017]
INFO: ---------------WebActions.SLEEP for 2000 Done! [Fri Jul 07 13:05:15 SGT 2017]
INFO: ---------------WebActions.CLOSE browser Done! [Fri Jul 07 13:05:16 SGT 2017]
INFO: ---------------WebActions.CLOSE browser Done! [Fri Jul 07 13:05:16 SGT 2017]
INFO: ---------------WebActions.CLOSE browser Done! [Fri Jul 07 13:05:16 SGT 2017]
INFO: ---------------WebActions.CLOSE browser Done! [Fri Jul 07 13:05:16 SGT 2017]
INFO: ---------------WebActions.CLOSE browser Done! [Fri Jul 07 13:05:16 SGT 2017]
INFO: ---------------WebActions.CLOSE browser Done! [Fri Jul 07 13:05:16 SGT 2017]
INFO: ---------------WebActions.CLOSE browser Done! [Fri Jul 07 13:05:16 SGT 2017]
INFO: ---------------WebActions.CLOSE browser Done! [Fri Jul 07 13:05:16 SGT 2017]
INFO: ---------------WebActions.CLOSE browser Done! [Fri Jul 07 13:05:16 SGT 2017]
INFO: ---------------WebActions.CLOSE browser Done! [Fri Jul 07 13:05:16 SGT 2017]
INFO: Running Test set TC0001.1.10 Correct Email, Invalid Password [Fri Jul 07 13:05:16 SGT 2017]
INFO: ---------------WebActions.LAUNCH https://kudos.storm.tech Done! [Fri Jul 07 13:06:13 SGT 2017]
INFO: ---------------WebActions.LAUNCH https://kudos.storm.tech Done! [Fri Jul 07 13:06:13 SGT 2017]
INFO: ---------------WebActions.LAUNCH https://kudos.storm.tech Done! [Fri Jul 07 13:06:13 SGT 2017]
INFO: ---------------WebActions.LAUNCH https://kudos.storm.tech Done! [Fri Jul 07 13:06:13 SGT 2017]
INFO: ---------------WebActions.LAUNCH https://kudos.storm.tech Done! [Fri Jul 07 13:06:13 SGT 2017]
INFO: ---------------WebActions.LAUNCH https://kudos.storm.tech Done! [Fri Jul 07 13:06:13 SGT 2017]
INFO: ---------------WebActions.LAUNCH https://kudos.storm.tech Done! [Fri Jul 07 13:06:13 SGT 2017]
INFO: ---------------WebActions.LAUNCH https://kudos.storm.tech Done! [Fri Jul 07 13:06:13 SGT 2017]
INFO: ---------------WebActions.LAUNCH https://kudos.storm.tech Done! [Fri Jul 07 13:06:13 SGT 2017]
INFO: ---------------WebActions.LAUNCH https://kudos.storm.tech Done! [Fri Jul 07 13:06:13 SGT 2017]
INFO: ---------------WebActions.LAUNCH https://kudos.storm.tech Done! [Fri Jul 07 13:06:13 SGT 2017]
INFO: ---------------WebActions.TYPE By.name: email with dummy2@automation.com Done! [Fri Jul 07 13:06:14 SGT 2017]
INFO: ---------------WebActions.TYPE By.name: email with dummy2@automation.com Done! [Fri Jul 07 13:06:14 SGT 2017]
INFO: ---------------WebActions.TYPE By.name: email with dummy2@automation.com Done! [Fri Jul 07 13:06:14 SGT 2017]
INFO: ---------------WebActions.TYPE By.name: email with dummy2@automation.com Done! [Fri Jul 07 13:06:14 SGT 2017]
INFO: ---------------WebActions.TYPE By.name: email with dummy2@automation.com Done! [Fri Jul 07 13:06:14 SGT 2017]
INFO: ---------------WebActions.TYPE By.name: email with dummy2@automation.com Done! [Fri Jul 07 13:06:14 SGT 2017]
INFO: ---------------WebActions.TYPE By.name: email with dummy2@automation.com Done! [Fri Jul 07 13:06:14 SGT 2017]
INFO: ---------------WebActions.TYPE By.name: email with dummy2@automation.com Done! [Fri Jul 07 13:06:14 SGT 2017]
INFO: ---------------WebActions.TYPE By.name: email with dummy2@automation.com Done! [Fri Jul 07 13:06:14 SGT 2017]
INFO: ---------------WebActions.TYPE By.name: email with dummy2@automation.com Done! [Fri Jul 07 13:06:14 SGT 2017]
INFO: ---------------WebActions.TYPE By.name: email with dummy2@automation.com Done! [Fri Jul 07 13:06:14 SGT 2017]
INFO: ---------------WebActions.TYPE By.name: password with storm@20178 Done! [Fri Jul 07 13:06:15 SGT 2017]
INFO: ---------------WebActions.TYPE By.name: password with storm@20178 Done! [Fri Jul 07 13:06:15 SGT 2017]
INFO: ---------------WebActions.TYPE By.name: password with storm@20178 Done! [Fri Jul 07 13:06:15 SGT 2017]
INFO: ---------------WebActions.TYPE By.name: password with storm@20178 Done! [Fri Jul 07 13:06:15 SGT 2017]
INFO: ---------------WebActions.TYPE By.name: password with storm@20178 Done! [Fri Jul 07 13:06:15 SGT 2017]
INFO: ---------------WebActions.TYPE By.name: password with storm@20178 Done! [Fri Jul 07 13:06:15 SGT 2017]
INFO: ---------------WebActions.TYPE By.name: password with storm@20178 Done! [Fri Jul 07 13:06:15 SGT 2017]
INFO: ---------------WebActions.TYPE By.name: password with storm@20178 Done! [Fri Jul 07 13:06:15 SGT 2017]
INFO: ---------------WebActions.TYPE By.name: password with storm@20178 Done! [Fri Jul 07 13:06:15 SGT 2017]
INFO: ---------------WebActions.TYPE By.name: password with storm@20178 Done! [Fri Jul 07 13:06:15 SGT 2017]
INFO: ---------------WebActions.TYPE By.name: password with storm@20178 Done! [Fri Jul 07 13:06:15 SGT 2017]
INFO: ---------------WebActions.TICK id|show-password-checkbox SKIP [Fri Jul 07 13:06:15 SGT 2017]
INFO: ---------------WebActions.TICK id|show-password-checkbox SKIP [Fri Jul 07 13:06:15 SGT 2017]
INFO: ---------------WebActions.TICK id|show-password-checkbox SKIP [Fri Jul 07 13:06:15 SGT 2017]
INFO: ---------------WebActions.TICK id|show-password-checkbox SKIP [Fri Jul 07 13:06:15 SGT 2017]
INFO: ---------------WebActions.TICK id|show-password-checkbox SKIP [Fri Jul 07 13:06:15 SGT 2017]
INFO: ---------------WebActions.TICK id|show-password-checkbox SKIP [Fri Jul 07 13:06:15 SGT 2017]
INFO: ---------------WebActions.TICK id|show-password-checkbox SKIP [Fri Jul 07 13:06:15 SGT 2017]
INFO: ---------------WebActions.TICK id|show-password-checkbox SKIP [Fri Jul 07 13:06:15 SGT 2017]
INFO: ---------------WebActions.TICK id|show-password-checkbox SKIP [Fri Jul 07 13:06:15 SGT 2017]
INFO: ---------------WebActions.TICK id|show-password-checkbox SKIP [Fri Jul 07 13:06:15 SGT 2017]
INFO: ---------------WebActions.TICK id|show-password-checkbox SKIP [Fri Jul 07 13:06:15 SGT 2017]
INFO: ---------------WebActions.CLICK By.name: submit Done! [Fri Jul 07 13:06:16 SGT 2017]
INFO: ---------------WebActions.CLICK By.name: submit Done! [Fri Jul 07 13:06:16 SGT 2017]
INFO: ---------------WebActions.CLICK By.name: submit Done! [Fri Jul 07 13:06:16 SGT 2017]
INFO: ---------------WebActions.CLICK By.name: submit Done! [Fri Jul 07 13:06:16 SGT 2017]
INFO: ---------------WebActions.CLICK By.name: submit Done! [Fri Jul 07 13:06:16 SGT 2017]
INFO: ---------------WebActions.CLICK By.name: submit Done! [Fri Jul 07 13:06:16 SGT 2017]
INFO: ---------------WebActions.CLICK By.name: submit Done! [Fri Jul 07 13:06:16 SGT 2017]
INFO: ---------------WebActions.CLICK By.name: submit Done! [Fri Jul 07 13:06:16 SGT 2017]
INFO: ---------------WebActions.CLICK By.name: submit Done! [Fri Jul 07 13:06:16 SGT 2017]
INFO: ---------------WebActions.CLICK By.name: submit Done! [Fri Jul 07 13:06:16 SGT 2017]
INFO: ---------------WebActions.CLICK By.name: submit Done! [Fri Jul 07 13:06:16 SGT 2017]
INFO: ---------------WebActions.SLEEP for 3000 Done! [Fri Jul 07 13:06:19 SGT 2017]
INFO: ---------------WebActions.SLEEP for 3000 Done! [Fri Jul 07 13:06:19 SGT 2017]
INFO: ---------------WebActions.SLEEP for 3000 Done! [Fri Jul 07 13:06:19 SGT 2017]
INFO: ---------------WebActions.SLEEP for 3000 Done! [Fri Jul 07 13:06:19 SGT 2017]
INFO: ---------------WebActions.SLEEP for 3000 Done! [Fri Jul 07 13:06:19 SGT 2017]
INFO: ---------------WebActions.SLEEP for 3000 Done! [Fri Jul 07 13:06:19 SGT 2017]
INFO: ---------------WebActions.SLEEP for 3000 Done! [Fri Jul 07 13:06:19 SGT 2017]
INFO: ---------------WebActions.SLEEP for 3000 Done! [Fri Jul 07 13:06:19 SGT 2017]
INFO: ---------------WebActions.SLEEP for 3000 Done! [Fri Jul 07 13:06:19 SGT 2017]
INFO: ---------------WebActions.SLEEP for 3000 Done! [Fri Jul 07 13:06:19 SGT 2017]
INFO: ---------------WebActions.SLEEP for 3000 Done! [Fri Jul 07 13:06:19 SGT 2017]
INFO: ---------------WebActions.SLEEP for 2000 Done! [Fri Jul 07 13:06:22 SGT 2017]
INFO: ---------------WebActions.SLEEP for 2000 Done! [Fri Jul 07 13:06:22 SGT 2017]
INFO: ---------------WebActions.SLEEP for 2000 Done! [Fri Jul 07 13:06:22 SGT 2017]
INFO: ---------------WebActions.SLEEP for 2000 Done! [Fri Jul 07 13:06:22 SGT 2017]
INFO: ---------------WebActions.SLEEP for 2000 Done! [Fri Jul 07 13:06:22 SGT 2017]
INFO: ---------------WebActions.SLEEP for 2000 Done! [Fri Jul 07 13:06:22 SGT 2017]
INFO: ---------------WebActions.SLEEP for 2000 Done! [Fri Jul 07 13:06:22 SGT 2017]
INFO: ---------------WebActions.SLEEP for 2000 Done! [Fri Jul 07 13:06:22 SGT 2017]
INFO: ---------------WebActions.SLEEP for 2000 Done! [Fri Jul 07 13:06:22 SGT 2017]
INFO: ---------------WebActions.SLEEP for 2000 Done! [Fri Jul 07 13:06:22 SGT 2017]
INFO: ---------------WebActions.SLEEP for 2000 Done! [Fri Jul 07 13:06:22 SGT 2017]
INFO: ---------------WebActions.CLOSE browser Done! [Fri Jul 07 13:06:23 SGT 2017]
INFO: ---------------WebActions.CLOSE browser Done! [Fri Jul 07 13:06:23 SGT 2017]
INFO: ---------------WebActions.CLOSE browser Done! [Fri Jul 07 13:06:23 SGT 2017]
INFO: ---------------WebActions.CLOSE browser Done! [Fri Jul 07 13:06:23 SGT 2017]
INFO: ---------------WebActions.CLOSE browser Done! [Fri Jul 07 13:06:23 SGT 2017]
INFO: ---------------WebActions.CLOSE browser Done! [Fri Jul 07 13:06:23 SGT 2017]
INFO: ---------------WebActions.CLOSE browser Done! [Fri Jul 07 13:06:23 SGT 2017]
INFO: ---------------WebActions.CLOSE browser Done! [Fri Jul 07 13:06:23 SGT 2017]
INFO: ---------------WebActions.CLOSE browser Done! [Fri Jul 07 13:06:23 SGT 2017]
INFO: ---------------WebActions.CLOSE browser Done! [Fri Jul 07 13:06:23 SGT 2017]
INFO: ---------------WebActions.CLOSE browser Done! [Fri Jul 07 13:06:23 SGT 2017]
INFO: Running Test set TC0001.1.11 Correct Email, Invalid Password [Fri Jul 07 13:06:24 SGT 2017]
SEVERE: ---------------WebActions.LAUNCH https://kudos.storm.tech Failed... Exception error org.openqa.selenium.TimeoutException: timeout
  (Session info: chrome=59.0.3071.115)
  (Driver info: chromedriver=2.29.461591 (62ebf098771772160f391d75e589dc567915b233),platform=Windows NT 10.0.15063 x86_64) (WARNING: The server did not provide any stacktrace information)
Command duration or timeout: 300.21 seconds
Build info: version: 'unknown', revision: 'unknown', time: 'unknown'
System info: host: 'HOSB-LP099', ip: '169.254.250.6', os.name: 'Windows 10', os.arch: 'x86', os.version: '10.0', java.version: '1.8.0_131'
Driver info: org.openqa.selenium.chrome.ChromeDriver
Capabilities [{applicationCacheEnabled=false, rotatable=false, mobileEmulationEnabled=false, networkConnectionEnabled=false, chrome={chromedriverVersion=2.29.461591 (62ebf098771772160f391d75e589dc567915b233), userDataDir=C:\Users\jonathan\AppData\Local\Temp\scoped_dir8372_3751}, takesHeapSnapshot=true, pageLoadStrategy=normal, databaseEnabled=false, handlesAlerts=true, hasTouchScreen=false, version=59.0.3071.115, platform=XP, browserConnectionEnabled=false, nativeEvents=true, acceptSslCerts=true, locationContextEnabled=true, webStorageEnabled=true, browserName=chrome, takesScreenshot=true, javascriptEnabled=true, cssSelectorsEnabled=true, unexpectedAlertBehaviour=}]
Session ID: e57bb417b76ddf13f0f456a37d3c3a90 [Fri Jul 07 13:11:28 SGT 2017]
SEVERE: ---------------WebActions.LAUNCH https://kudos.storm.tech Failed... Exception error org.openqa.selenium.TimeoutException: timeout
  (Session info: chrome=59.0.3071.115)
  (Driver info: chromedriver=2.29.461591 (62ebf098771772160f391d75e589dc567915b233),platform=Windows NT 10.0.15063 x86_64) (WARNING: The server did not provide any stacktrace information)
Command duration or timeout: 300.21 seconds
Build info: version: 'unknown', revision: 'unknown', time: 'unknown'
System info: host: 'HOSB-LP099', ip: '169.254.250.6', os.name: 'Windows 10', os.arch: 'x86', os.version: '10.0', java.version: '1.8.0_131'
Driver info: org.openqa.selenium.chrome.ChromeDriver
Capabilities [{applicationCacheEnabled=false, rotatable=false, mobileEmulationEnabled=false, networkConnectionEnabled=false, chrome={chromedriverVersion=2.29.461591 (62ebf098771772160f391d75e589dc567915b233), userDataDir=C:\Users\jonathan\AppData\Local\Temp\scoped_dir8372_3751}, takesHeapSnapshot=true, pageLoadStrategy=normal, databaseEnabled=false, handlesAlerts=true, hasTouchScreen=false, version=59.0.3071.115, platform=XP, browserConnectionEnabled=false, nativeEvents=true, acceptSslCerts=true, locationContextEnabled=true, webStorageEnabled=true, browserName=chrome, takesScreenshot=true, javascriptEnabled=true, cssSelectorsEnabled=true, unexpectedAlertBehaviour=}]
Session ID: e57bb417b76ddf13f0f456a37d3c3a90 [Fri Jul 07 13:11:28 SGT 2017]
SEVERE: ---------------WebActions.LAUNCH https://kudos.storm.tech Failed... Exception error org.openqa.selenium.TimeoutException: timeout
  (Session info: chrome=59.0.3071.115)
  (Driver info: chromedriver=2.29.461591 (62ebf098771772160f391d75e589dc567915b233),platform=Windows NT 10.0.15063 x86_64) (WARNING: The server did not provide any stacktrace information)
Command duration or timeout: 300.21 seconds
Build info: version: 'unknown', revision: 'unknown', time: 'unknown'
System info: host: 'HOSB-LP099', ip: '169.254.250.6', os.name: 'Windows 10', os.arch: 'x86', os.version: '10.0', java.version: '1.8.0_131'
Driver info: org.openqa.selenium.chrome.ChromeDriver
Capabilities [{applicationCacheEnabled=false, rotatable=false, mobileEmulationEnabled=false, networkConnectionEnabled=false, chrome={chromedriverVersion=2.29.461591 (62ebf098771772160f391d75e589dc567915b233), userDataDir=C:\Users\jonathan\AppData\Local\Temp\scoped_dir8372_3751}, takesHeapSnapshot=true, pageLoadStrategy=normal, databaseEnabled=false, handlesAlerts=true, hasTouchScreen=false, version=59.0.3071.115, platform=XP, browserConnectionEnabled=false, nativeEvents=true, acceptSslCerts=true, locationContextEnabled=true, webStorageEnabled=true, browserName=chrome, takesScreenshot=true, javascriptEnabled=true, cssSelectorsEnabled=true, unexpectedAlertBehaviour=}]
Session ID: e57bb417b76ddf13f0f456a37d3c3a90 [Fri Jul 07 13:11:28 SGT 2017]
SEVERE: ---------------WebActions.LAUNCH https://kudos.storm.tech Failed... Exception error org.openqa.selenium.TimeoutException: timeout
  (Session info: chrome=59.0.3071.115)
  (Driver info: chromedriver=2.29.461591 (62ebf098771772160f391d75e589dc567915b233),platform=Windows NT 10.0.15063 x86_64) (WARNING: The server did not provide any stacktrace information)
Command duration or timeout: 300.21 seconds
Build info: version: 'unknown', revision: 'unknown', time: 'unknown'
System info: host: 'HOSB-LP099', ip: '169.254.250.6', os.name: 'Windows 10', os.arch: 'x86', os.version: '10.0', java.version: '1.8.0_131'
Driver info: org.openqa.selenium.chrome.ChromeDriver
Capabilities [{applicationCacheEnabled=false, rotatable=false, mobileEmulationEnabled=false, networkConnectionEnabled=false, chrome={chromedriverVersion=2.29.461591 (62ebf098771772160f391d75e589dc567915b233), userDataDir=C:\Users\jonathan\AppData\Local\Temp\scoped_dir8372_3751}, takesHeapSnapshot=true, pageLoadStrategy=normal, databaseEnabled=false, handlesAlerts=true, hasTouchScreen=false, version=59.0.3071.115, platform=XP, browserConnectionEnabled=false, nativeEvents=true, acceptSslCerts=true, locationContextEnabled=true, webStorageEnabled=true, browserName=chrome, takesScreenshot=true, javascriptEnabled=true, cssSelectorsEnabled=true, unexpectedAlertBehaviour=}]
Session ID: e57bb417b76ddf13f0f456a37d3c3a90 [Fri Jul 07 13:11:28 SGT 2017]
SEVERE: ---------------WebActions.LAUNCH https://kudos.storm.tech Failed... Exception error org.openqa.selenium.TimeoutException: timeout
  (Session info: chrome=59.0.3071.115)
  (Driver info: chromedriver=2.29.461591 (62ebf098771772160f391d75e589dc567915b233),platform=Windows NT 10.0.15063 x86_64) (WARNING: The server did not provide any stacktrace information)
Command duration or timeout: 300.21 seconds
Build info: version: 'unknown', revision: 'unknown', time: 'unknown'
System info: host: 'HOSB-LP099', ip: '169.254.250.6', os.name: 'Windows 10', os.arch: 'x86', os.version: '10.0', java.version: '1.8.0_131'
Driver info: org.openqa.selenium.chrome.ChromeDriver
Capabilities [{applicationCacheEnabled=false, rotatable=false, mobileEmulationEnabled=false, networkConnectionEnabled=false, chrome={chromedriverVersion=2.29.461591 (62ebf098771772160f391d75e589dc567915b233), userDataDir=C:\Users\jonathan\AppData\Local\Temp\scoped_dir8372_3751}, takesHeapSnapshot=true, pageLoadStrategy=normal, databaseEnabled=false, handlesAlerts=true, hasTouchScreen=false, version=59.0.3071.115, platform=XP, browserConnectionEnabled=false, nativeEvents=true, acceptSslCerts=true, locationContextEnabled=true, webStorageEnabled=true, browserName=chrome, takesScreenshot=true, javascriptEnabled=true, cssSelectorsEnabled=true, unexpectedAlertBehaviour=}]
Session ID: e57bb417b76ddf13f0f456a37d3c3a90 [Fri Jul 07 13:11:28 SGT 2017]
SEVERE: ---------------WebActions.LAUNCH https://kudos.storm.tech Failed... Exception error org.openqa.selenium.TimeoutException: timeout
  (Session info: chrome=59.0.3071.115)
  (Driver info: chromedriver=2.29.461591 (62ebf098771772160f391d75e589dc567915b233),platform=Windows NT 10.0.15063 x86_64) (WARNING: The server did not provide any stacktrace information)
Command duration or timeout: 300.21 seconds
Build info: version: 'unknown', revision: 'unknown', time: 'unknown'
System info: host: 'HOSB-LP099', ip: '169.254.250.6', os.name: 'Windows 10', os.arch: 'x86', os.version: '10.0', java.version: '1.8.0_131'
Driver info: org.openqa.selenium.chrome.ChromeDriver
Capabilities [{applicationCacheEnabled=false, rotatable=false, mobileEmulationEnabled=false, networkConnectionEnabled=false, chrome={chromedriverVersion=2.29.461591 (62ebf098771772160f391d75e589dc567915b233), userDataDir=C:\Users\jonathan\AppData\Local\Temp\scoped_dir8372_3751}, takesHeapSnapshot=true, pageLoadStrategy=normal, databaseEnabled=false, handlesAlerts=true, hasTouchScreen=false, version=59.0.3071.115, platform=XP, browserConnectionEnabled=false, nativeEvents=true, acceptSslCerts=true, locationContextEnabled=true, webStorageEnabled=true, browserName=chrome, takesScreenshot=true, javascriptEnabled=true, cssSelectorsEnabled=true, unexpectedAlertBehaviour=}]
Session ID: e57bb417b76ddf13f0f456a37d3c3a90 [Fri Jul 07 13:11:28 SGT 2017]
SEVERE: ---------------WebActions.LAUNCH https://kudos.storm.tech Failed... Exception error org.openqa.selenium.TimeoutException: timeout
  (Session info: chrome=59.0.3071.115)
  (Driver info: chromedriver=2.29.461591 (62ebf098771772160f391d75e589dc567915b233),platform=Windows NT 10.0.15063 x86_64) (WARNING: The server did not provide any stacktrace information)
Command duration or timeout: 300.21 seconds
Build info: version: 'unknown', revision: 'unknown', time: 'unknown'
System info: host: 'HOSB-LP099', ip: '169.254.250.6', os.name: 'Windows 10', os.arch: 'x86', os.version: '10.0', java.version: '1.8.0_131'
Driver info: org.openqa.selenium.chrome.ChromeDriver
Capabilities [{applicationCacheEnabled=false, rotatable=false, mobileEmulationEnabled=false, networkConnectionEnabled=false, chrome={chromedriverVersion=2.29.461591 (62ebf098771772160f391d75e589dc567915b233), userDataDir=C:\Users\jonathan\AppData\Local\Temp\scoped_dir8372_3751}, takesHeapSnapshot=true, pageLoadStrategy=normal, databaseEnabled=false, handlesAlerts=true, hasTouchScreen=false, version=59.0.3071.115, platform=XP, browserConnectionEnabled=false, nativeEvents=true, acceptSslCerts=true, locationContextEnabled=true, webStorageEnabled=true, browserName=chrome, takesScreenshot=true, javascriptEnabled=true, cssSelectorsEnabled=true, unexpectedAlertBehaviour=}]
Session ID: e57bb417b76ddf13f0f456a37d3c3a90 [Fri Jul 07 13:11:28 SGT 2017]
SEVERE: ---------------WebActions.LAUNCH https://kudos.storm.tech Failed... Exception error org.openqa.selenium.TimeoutException: timeout
  (Session info: chrome=59.0.3071.115)
  (Driver info: chromedriver=2.29.461591 (62ebf098771772160f391d75e589dc567915b233),platform=Windows NT 10.0.15063 x86_64) (WARNING: The server did not provide any stacktrace information)
Command duration or timeout: 300.21 seconds
Build info: version: 'unknown', revision: 'unknown', time: 'unknown'
System info: host: 'HOSB-LP099', ip: '169.254.250.6', os.name: 'Windows 10', os.arch: 'x86', os.version: '10.0', java.version: '1.8.0_131'
Driver info: org.openqa.selenium.chrome.ChromeDriver
Capabilities [{applicationCacheEnabled=false, rotatable=false, mobileEmulationEnabled=false, networkConnectionEnabled=false, chrome={chromedriverVersion=2.29.461591 (62ebf098771772160f391d75e589dc567915b233), userDataDir=C:\Users\jonathan\AppData\Local\Temp\scoped_dir8372_3751}, takesHeapSnapshot=true, pageLoadStrategy=normal, databaseEnabled=false, handlesAlerts=true, hasTouchScreen=false, version=59.0.3071.115, platform=XP, browserConnectionEnabled=false, nativeEvents=true, acceptSslCerts=true, locationContextEnabled=true, webStorageEnabled=true, browserName=chrome, takesScreenshot=true, javascriptEnabled=true, cssSelectorsEnabled=true, unexpectedAlertBehaviour=}]
Session ID: e57bb417b76ddf13f0f456a37d3c3a90 [Fri Jul 07 13:11:28 SGT 2017]
SEVERE: ---------------WebActions.LAUNCH https://kudos.storm.tech Failed... Exception error org.openqa.selenium.TimeoutException: timeout
  (Session info: chrome=59.0.3071.115)
  (Driver info: chromedriver=2.29.461591 (62ebf098771772160f391d75e589dc567915b233),platform=Windows NT 10.0.15063 x86_64) (WARNING: The server did not provide any stacktrace information)
Command duration or timeout: 300.21 seconds
Build info: version: 'unknown', revision: 'unknown', time: 'unknown'
System info: host: 'HOSB-LP099', ip: '169.254.250.6', os.name: 'Windows 10', os.arch: 'x86', os.version: '10.0', java.version: '1.8.0_131'
Driver info: org.openqa.selenium.chrome.ChromeDriver
Capabilities [{applicationCacheEnabled=false, rotatable=false, mobileEmulationEnabled=false, networkConnectionEnabled=false, chrome={chromedriverVersion=2.29.461591 (62ebf098771772160f391d75e589dc567915b233), userDataDir=C:\Users\jonathan\AppData\Local\Temp\scoped_dir8372_3751}, takesHeapSnapshot=true, pageLoadStrategy=normal, databaseEnabled=false, handlesAlerts=true, hasTouchScreen=false, version=59.0.3071.115, platform=XP, browserConnectionEnabled=false, nativeEvents=true, acceptSslCerts=true, locationContextEnabled=true, webStorageEnabled=true, browserName=chrome, takesScreenshot=true, javascriptEnabled=true, cssSelectorsEnabled=true, unexpectedAlertBehaviour=}]
Session ID: e57bb417b76ddf13f0f456a37d3c3a90 [Fri Jul 07 13:11:28 SGT 2017]
SEVERE: ---------------WebActions.LAUNCH https://kudos.storm.tech Failed... Exception error org.openqa.selenium.TimeoutException: timeout
  (Session info: chrome=59.0.3071.115)
  (Driver info: chromedriver=2.29.461591 (62ebf098771772160f391d75e589dc567915b233),platform=Windows NT 10.0.15063 x86_64) (WARNING: The server did not provide any stacktrace information)
Command duration or timeout: 300.21 seconds
Build info: version: 'unknown', revision: 'unknown', time: 'unknown'
System info: host: 'HOSB-LP099', ip: '169.254.250.6', os.name: 'Windows 10', os.arch: 'x86', os.version: '10.0', java.version: '1.8.0_131'
Driver info: org.openqa.selenium.chrome.ChromeDriver
Capabilities [{applicationCacheEnabled=false, rotatable=false, mobileEmulationEnabled=false, networkConnectionEnabled=false, chrome={chromedriverVersion=2.29.461591 (62ebf098771772160f391d75e589dc567915b233), userDataDir=C:\Users\jonathan\AppData\Local\Temp\scoped_dir8372_3751}, takesHeapSnapshot=true, pageLoadStrategy=normal, databaseEnabled=false, handlesAlerts=true, hasTouchScreen=false, version=59.0.3071.115, platform=XP, browserConnectionEnabled=false, nativeEvents=true, acceptSslCerts=true, locationContextEnabled=true, webStorageEnabled=true, browserName=chrome, takesScreenshot=true, javascriptEnabled=true, cssSelectorsEnabled=true, unexpectedAlertBehaviour=}]
Session ID: e57bb417b76ddf13f0f456a37d3c3a90 [Fri Jul 07 13:11:28 SGT 2017]
SEVERE: ---------------WebActions.LAUNCH https://kudos.storm.tech Failed... Exception error org.openqa.selenium.TimeoutException: timeout
  (Session info: chrome=59.0.3071.115)
  (Driver info: chromedriver=2.29.461591 (62ebf098771772160f391d75e589dc567915b233),platform=Windows NT 10.0.15063 x86_64) (WARNING: The server did not provide any stacktrace information)
Command duration or timeout: 300.21 seconds
Build info: version: 'unknown', revision: 'unknown', time: 'unknown'
System info: host: 'HOSB-LP099', ip: '169.254.250.6', os.name: 'Windows 10', os.arch: 'x86', os.version: '10.0', java.version: '1.8.0_131'
Driver info: org.openqa.selenium.chrome.ChromeDriver
Capabilities [{applicationCacheEnabled=false, rotatable=false, mobileEmulationEnabled=false, networkConnectionEnabled=false, chrome={chromedriverVersion=2.29.461591 (62ebf098771772160f391d75e589dc567915b233), userDataDir=C:\Users\jonathan\AppData\Local\Temp\scoped_dir8372_3751}, takesHeapSnapshot=true, pageLoadStrategy=normal, databaseEnabled=false, handlesAlerts=true, hasTouchScreen=false, version=59.0.3071.115, platform=XP, browserConnectionEnabled=false, nativeEvents=true, acceptSslCerts=true, locationContextEnabled=true, webStorageEnabled=true, browserName=chrome, takesScreenshot=true, javascriptEnabled=true, cssSelectorsEnabled=true, unexpectedAlertBehaviour=}]
Session ID: e57bb417b76ddf13f0f456a37d3c3a90 [Fri Jul 07 13:11:28 SGT 2017]
SEVERE: ---------------WebActions.LAUNCH https://kudos.storm.tech Failed... Exception error org.openqa.selenium.TimeoutException: timeout
  (Session info: chrome=59.0.3071.115)
  (Driver info: chromedriver=2.29.461591 (62ebf098771772160f391d75e589dc567915b233),platform=Windows NT 10.0.15063 x86_64) (WARNING: The server did not provide any stacktrace information)
Command duration or timeout: 300.21 seconds
Build info: version: 'unknown', revision: 'unknown', time: 'unknown'
System info: host: 'HOSB-LP099', ip: '169.254.250.6', os.name: 'Windows 10', os.arch: 'x86', os.version: '10.0', java.version: '1.8.0_131'
Driver info: org.openqa.selenium.chrome.ChromeDriver
Capabilities [{applicationCacheEnabled=false, rotatable=false, mobileEmulationEnabled=false, networkConnectionEnabled=false, chrome={chromedriverVersion=2.29.461591 (62ebf098771772160f391d75e589dc567915b233), userDataDir=C:\Users\jonathan\AppData\Local\Temp\scoped_dir8372_3751}, takesHeapSnapshot=true, pageLoadStrategy=normal, databaseEnabled=false, handlesAlerts=true, hasTouchScreen=false, version=59.0.3071.115, platform=XP, browserConnectionEnabled=false, nativeEvents=true, acceptSslCerts=true, locationContextEnabled=true, webStorageEnabled=true, browserName=chrome, takesScreenshot=true, javascriptEnabled=true, cssSelectorsEnabled=true, unexpectedAlertBehaviour=}]
Session ID: e57bb417b76ddf13f0f456a37d3c3a90 [Fri Jul 07 13:11:28 SGT 2017]
INFO: ---------------WebActions.TYPE By.name: email with dummy2@automation.com Done! [Fri Jul 07 13:11:29 SGT 2017]
INFO: ---------------WebActions.TYPE By.name: email with dummy2@automation.com Done! [Fri Jul 07 13:11:29 SGT 2017]
INFO: ---------------WebActions.TYPE By.name: email with dummy2@automation.com Done! [Fri Jul 07 13:11:29 SGT 2017]
INFO: ---------------WebActions.TYPE By.name: email with dummy2@automation.com Done! [Fri Jul 07 13:11:29 SGT 2017]
INFO: ---------------WebActions.TYPE By.name: email with dummy2@automation.com Done! [Fri Jul 07 13:11:29 SGT 2017]
INFO: ---------------WebActions.TYPE By.name: email with dummy2@automation.com Done! [Fri Jul 07 13:11:29 SGT 2017]
INFO: ---------------WebActions.TYPE By.name: email with dummy2@automation.com Done! [Fri Jul 07 13:11:29 SGT 2017]
INFO: ---------------WebActions.TYPE By.name: email with dummy2@automation.com Done! [Fri Jul 07 13:11:29 SGT 2017]
INFO: ---------------WebActions.TYPE By.name: email with dummy2@automation.com Done! [Fri Jul 07 13:11:29 SGT 2017]
INFO: ---------------WebActions.TYPE By.name: email with dummy2@automation.com Done! [Fri Jul 07 13:11:29 SGT 2017]
INFO: ---------------WebActions.TYPE By.name: email with dummy2@automation.com Done! [Fri Jul 07 13:11:29 SGT 2017]
INFO: ---------------WebActions.TYPE By.name: email with dummy2@automation.com Done! [Fri Jul 07 13:11:29 SGT 2017]
INFO: ---------------WebActions.TYPE By.name: password with storm@20179 Done! [Fri Jul 07 13:11:30 SGT 2017]
INFO: ---------------WebActions.TYPE By.name: password with storm@20179 Done! [Fri Jul 07 13:11:30 SGT 2017]
INFO: ---------------WebActions.TYPE By.name: password with storm@20179 Done! [Fri Jul 07 13:11:30 SGT 2017]
INFO: ---------------WebActions.TYPE By.name: password with storm@20179 Done! [Fri Jul 07 13:11:30 SGT 2017]
INFO: ---------------WebActions.TYPE By.name: password with storm@20179 Done! [Fri Jul 07 13:11:30 SGT 2017]
INFO: ---------------WebActions.TYPE By.name: password with storm@20179 Done! [Fri Jul 07 13:11:30 SGT 2017]
INFO: ---------------WebActions.TYPE By.name: password with storm@20179 Done! [Fri Jul 07 13:11:30 SGT 2017]
INFO: ---------------WebActions.TYPE By.name: password with storm@20179 Done! [Fri Jul 07 13:11:30 SGT 2017]
INFO: ---------------WebActions.TYPE By.name: password with storm@20179 Done! [Fri Jul 07 13:11:30 SGT 2017]
INFO: ---------------WebActions.TYPE By.name: password with storm@20179 Done! [Fri Jul 07 13:11:30 SGT 2017]
INFO: ---------------WebActions.TYPE By.name: password with storm@20179 Done! [Fri Jul 07 13:11:30 SGT 2017]
INFO: ---------------WebActions.TYPE By.name: password with storm@20179 Done! [Fri Jul 07 13:11:30 SGT 2017]
INFO: ---------------WebActions.TICK id|show-password-checkbox SKIP [Fri Jul 07 13:11:30 SGT 2017]
INFO: ---------------WebActions.TICK id|show-password-checkbox SKIP [Fri Jul 07 13:11:30 SGT 2017]
INFO: ---------------WebActions.TICK id|show-password-checkbox SKIP [Fri Jul 07 13:11:30 SGT 2017]
INFO: ---------------WebActions.TICK id|show-password-checkbox SKIP [Fri Jul 07 13:11:30 SGT 2017]
INFO: ---------------WebActions.TICK id|show-password-checkbox SKIP [Fri Jul 07 13:11:30 SGT 2017]
INFO: ---------------WebActions.TICK id|show-password-checkbox SKIP [Fri Jul 07 13:11:30 SGT 2017]
INFO: ---------------WebActions.TICK id|show-password-checkbox SKIP [Fri Jul 07 13:11:30 SGT 2017]
INFO: ---------------WebActions.TICK id|show-password-checkbox SKIP [Fri Jul 07 13:11:30 SGT 2017]
INFO: ---------------WebActions.TICK id|show-password-checkbox SKIP [Fri Jul 07 13:11:30 SGT 2017]
INFO: ---------------WebActions.TICK id|show-password-checkbox SKIP [Fri Jul 07 13:11:30 SGT 2017]
INFO: ---------------WebActions.TICK id|show-password-checkbox SKIP [Fri Jul 07 13:11:30 SGT 2017]
INFO: ---------------WebActions.TICK id|show-password-checkbox SKIP [Fri Jul 07 13:11:30 SGT 2017]
INFO: ---------------WebActions.CLICK By.name: submit Done! [Fri Jul 07 13:11:31 SGT 2017]
INFO: ---------------WebActions.CLICK By.name: submit Done! [Fri Jul 07 13:11:31 SGT 2017]
INFO: ---------------WebActions.CLICK By.name: submit Done! [Fri Jul 07 13:11:31 SGT 2017]
INFO: ---------------WebActions.CLICK By.name: submit Done! [Fri Jul 07 13:11:31 SGT 2017]
INFO: ---------------WebActions.CLICK By.name: submit Done! [Fri Jul 07 13:11:31 SGT 2017]
INFO: ---------------WebActions.CLICK By.name: submit Done! [Fri Jul 07 13:11:31 SGT 2017]
INFO: ---------------WebActions.CLICK By.name: submit Done! [Fri Jul 07 13:11:31 SGT 2017]
INFO: ---------------WebActions.CLICK By.name: submit Done! [Fri Jul 07 13:11:31 SGT 2017]
INFO: ---------------WebActions.CLICK By.name: submit Done! [Fri Jul 07 13:11:31 SGT 2017]
INFO: ---------------WebActions.CLICK By.name: submit Done! [Fri Jul 07 13:11:31 SGT 2017]
INFO: ---------------WebActions.CLICK By.name: submit Done! [Fri Jul 07 13:11:31 SGT 2017]
INFO: ---------------WebActions.CLICK By.name: submit Done! [Fri Jul 07 13:11:31 SGT 2017]
INFO: ---------------WebActions.SLEEP for 3000 Done! [Fri Jul 07 13:11:35 SGT 2017]
INFO: ---------------WebActions.SLEEP for 3000 Done! [Fri Jul 07 13:11:35 SGT 2017]
INFO: ---------------WebActions.SLEEP for 3000 Done! [Fri Jul 07 13:11:35 SGT 2017]
INFO: ---------------WebActions.SLEEP for 3000 Done! [Fri Jul 07 13:11:35 SGT 2017]
INFO: ---------------WebActions.SLEEP for 3000 Done! [Fri Jul 07 13:11:35 SGT 2017]
INFO: ---------------WebActions.SLEEP for 3000 Done! [Fri Jul 07 13:11:35 SGT 2017]
INFO: ---------------WebActions.SLEEP for 3000 Done! [Fri Jul 07 13:11:35 SGT 2017]
INFO: ---------------WebActions.SLEEP for 3000 Done! [Fri Jul 07 13:11:35 SGT 2017]
INFO: ---------------WebActions.SLEEP for 3000 Done! [Fri Jul 07 13:11:35 SGT 2017]
INFO: ---------------WebActions.SLEEP for 3000 Done! [Fri Jul 07 13:11:35 SGT 2017]
INFO: ---------------WebActions.SLEEP for 3000 Done! [Fri Jul 07 13:11:35 SGT 2017]
INFO: ---------------WebActions.SLEEP for 3000 Done! [Fri Jul 07 13:11:35 SGT 2017]
INFO: ---------------WebActions.SLEEP for 2000 Done! [Fri Jul 07 13:11:39 SGT 2017]
INFO: ---------------WebActions.SLEEP for 2000 Done! [Fri Jul 07 13:11:39 SGT 2017]
INFO: ---------------WebActions.SLEEP for 2000 Done! [Fri Jul 07 13:11:39 SGT 2017]
INFO: ---------------WebActions.SLEEP for 2000 Done! [Fri Jul 07 13:11:39 SGT 2017]
INFO: ---------------WebActions.SLEEP for 2000 Done! [Fri Jul 07 13:11:39 SGT 2017]
INFO: ---------------WebActions.SLEEP for 2000 Done! [Fri Jul 07 13:11:39 SGT 2017]
INFO: ---------------WebActions.SLEEP for 2000 Done! [Fri Jul 07 13:11:39 SGT 2017]
INFO: ---------------WebActions.SLEEP for 2000 Done! [Fri Jul 07 13:11:39 SGT 2017]
INFO: ---------------WebActions.SLEEP for 2000 Done! [Fri Jul 07 13:11:39 SGT 2017]
INFO: ---------------WebActions.SLEEP for 2000 Done! [Fri Jul 07 13:11:39 SGT 2017]
INFO: ---------------WebActions.SLEEP for 2000 Done! [Fri Jul 07 13:11:39 SGT 2017]
INFO: ---------------WebActions.SLEEP for 2000 Done! [Fri Jul 07 13:11:39 SGT 2017]
INFO: ---------------WebActions.CLOSE browser Done! [Fri Jul 07 13:11:42 SGT 2017]
INFO: ---------------WebActions.CLOSE browser Done! [Fri Jul 07 13:11:42 SGT 2017]
INFO: ---------------WebActions.CLOSE browser Done! [Fri Jul 07 13:11:42 SGT 2017]
INFO: ---------------WebActions.CLOSE browser Done! [Fri Jul 07 13:11:42 SGT 2017]
INFO: ---------------WebActions.CLOSE browser Done! [Fri Jul 07 13:11:42 SGT 2017]
INFO: ---------------WebActions.CLOSE browser Done! [Fri Jul 07 13:11:42 SGT 2017]
INFO: ---------------WebActions.CLOSE browser Done! [Fri Jul 07 13:11:42 SGT 2017]
INFO: ---------------WebActions.CLOSE browser Done! [Fri Jul 07 13:11:42 SGT 2017]
INFO: ---------------WebActions.CLOSE browser Done! [Fri Jul 07 13:11:42 SGT 2017]
INFO: ---------------WebActions.CLOSE browser Done! [Fri Jul 07 13:11:42 SGT 2017]
INFO: ---------------WebActions.CLOSE browser Done! [Fri Jul 07 13:11:42 SGT 2017]
INFO: ---------------WebActions.CLOSE browser Done! [Fri Jul 07 13:11:42 SGT 2017]
INFO: Running Test set TC0001.1.11.a Refresh user 2 [Fri Jul 07 13:11:42 SGT 2017]
INFO: ---------------WebActions.LAUNCH https://kudos.storm.tech Done! [Fri Jul 07 13:11:57 SGT 2017]
INFO: ---------------WebActions.LAUNCH https://kudos.storm.tech Done! [Fri Jul 07 13:11:57 SGT 2017]
INFO: ---------------WebActions.LAUNCH https://kudos.storm.tech Done! [Fri Jul 07 13:11:57 SGT 2017]
INFO: ---------------WebActions.LAUNCH https://kudos.storm.tech Done! [Fri Jul 07 13:11:57 SGT 2017]
INFO: ---------------WebActions.LAUNCH https://kudos.storm.tech Done! [Fri Jul 07 13:11:57 SGT 2017]
INFO: ---------------WebActions.LAUNCH https://kudos.storm.tech Done! [Fri Jul 07 13:11:57 SGT 2017]
INFO: ---------------WebActions.LAUNCH https://kudos.storm.tech Done! [Fri Jul 07 13:11:57 SGT 2017]
INFO: ---------------WebActions.LAUNCH https://kudos.storm.tech Done! [Fri Jul 07 13:11:57 SGT 2017]
INFO: ---------------WebActions.LAUNCH https://kudos.storm.tech Done! [Fri Jul 07 13:11:57 SGT 2017]
INFO: ---------------WebActions.LAUNCH https://kudos.storm.tech Done! [Fri Jul 07 13:11:57 SGT 2017]
INFO: ---------------WebActions.LAUNCH https://kudos.storm.tech Done! [Fri Jul 07 13:11:57 SGT 2017]
INFO: ---------------WebActions.LAUNCH https://kudos.storm.tech Done! [Fri Jul 07 13:11:57 SGT 2017]
INFO: ---------------WebActions.LAUNCH https://kudos.storm.tech Done! [Fri Jul 07 13:11:57 SGT 2017]
INFO: ---------------WebActions.TYPE By.name: email with dummy2@automation.com Done! [Fri Jul 07 13:11:59 SGT 2017]
INFO: ---------------WebActions.TYPE By.name: email with dummy2@automation.com Done! [Fri Jul 07 13:11:59 SGT 2017]
INFO: ---------------WebActions.TYPE By.name: email with dummy2@automation.com Done! [Fri Jul 07 13:11:59 SGT 2017]
INFO: ---------------WebActions.TYPE By.name: email with dummy2@automation.com Done! [Fri Jul 07 13:11:59 SGT 2017]
INFO: ---------------WebActions.TYPE By.name: email with dummy2@automation.com Done! [Fri Jul 07 13:11:59 SGT 2017]
INFO: ---------------WebActions.TYPE By.name: email with dummy2@automation.com Done! [Fri Jul 07 13:11:59 SGT 2017]
INFO: ---------------WebActions.TYPE By.name: email with dummy2@automation.com Done! [Fri Jul 07 13:11:59 SGT 2017]
INFO: ---------------WebActions.TYPE By.name: email with dummy2@automation.com Done! [Fri Jul 07 13:11:59 SGT 2017]
INFO: ---------------WebActions.TYPE By.name: email with dummy2@automation.com Done! [Fri Jul 07 13:11:59 SGT 2017]
INFO: ---------------WebActions.TYPE By.name: email with dummy2@automation.com Done! [Fri Jul 07 13:11:59 SGT 2017]
INFO: ---------------WebActions.TYPE By.name: email with dummy2@automation.com Done! [Fri Jul 07 13:11:59 SGT 2017]
INFO: ---------------WebActions.TYPE By.name: email with dummy2@automation.com Done! [Fri Jul 07 13:11:59 SGT 2017]
INFO: ---------------WebActions.TYPE By.name: email with dummy2@automation.com Done! [Fri Jul 07 13:11:59 SGT 2017]
INFO: ---------------WebActions.TYPE By.name: password with Storm2017 Done! [Fri Jul 07 13:11:59 SGT 2017]
INFO: ---------------WebActions.TYPE By.name: password with Storm2017 Done! [Fri Jul 07 13:11:59 SGT 2017]
INFO: ---------------WebActions.TYPE By.name: password with Storm2017 Done! [Fri Jul 07 13:11:59 SGT 2017]
INFO: ---------------WebActions.TYPE By.name: password with Storm2017 Done! [Fri Jul 07 13:11:59 SGT 2017]
INFO: ---------------WebActions.TYPE By.name: password with Storm2017 Done! [Fri Jul 07 13:11:59 SGT 2017]
INFO: ---------------WebActions.TYPE By.name: password with Storm2017 Done! [Fri Jul 07 13:11:59 SGT 2017]
INFO: ---------------WebActions.TYPE By.name: password with Storm2017 Done! [Fri Jul 07 13:11:59 SGT 2017]
INFO: ---------------WebActions.TYPE By.name: password with Storm2017 Done! [Fri Jul 07 13:11:59 SGT 2017]
INFO: ---------------WebActions.TYPE By.name: password with Storm2017 Done! [Fri Jul 07 13:11:59 SGT 2017]
INFO: ---------------WebActions.TYPE By.name: password with Storm2017 Done! [Fri Jul 07 13:11:59 SGT 2017]
INFO: ---------------WebActions.TYPE By.name: password with Storm2017 Done! [Fri Jul 07 13:11:59 SGT 2017]
INFO: ---------------WebActions.TYPE By.name: password with Storm2017 Done! [Fri Jul 07 13:11:59 SGT 2017]
INFO: ---------------WebActions.TYPE By.name: password with Storm2017 Done! [Fri Jul 07 13:11:59 SGT 2017]
INFO: ---------------WebActions.TICK id|show-password-checkbox SKIP [Fri Jul 07 13:12:00 SGT 2017]
INFO: ---------------WebActions.TICK id|show-password-checkbox SKIP [Fri Jul 07 13:12:00 SGT 2017]
INFO: ---------------WebActions.TICK id|show-password-checkbox SKIP [Fri Jul 07 13:12:00 SGT 2017]
INFO: ---------------WebActions.TICK id|show-password-checkbox SKIP [Fri Jul 07 13:12:00 SGT 2017]
INFO: ---------------WebActions.TICK id|show-password-checkbox SKIP [Fri Jul 07 13:12:00 SGT 2017]
INFO: ---------------WebActions.TICK id|show-password-checkbox SKIP [Fri Jul 07 13:12:00 SGT 2017]
INFO: ---------------WebActions.TICK id|show-password-checkbox SKIP [Fri Jul 07 13:12:00 SGT 2017]
INFO: ---------------WebActions.TICK id|show-password-checkbox SKIP [Fri Jul 07 13:12:00 SGT 2017]
INFO: ---------------WebActions.TICK id|show-password-checkbox SKIP [Fri Jul 07 13:12:00 SGT 2017]
INFO: ---------------WebActions.TICK id|show-password-checkbox SKIP [Fri Jul 07 13:12:00 SGT 2017]
INFO: ---------------WebActions.TICK id|show-password-checkbox SKIP [Fri Jul 07 13:12:00 SGT 2017]
INFO: ---------------WebActions.TICK id|show-password-checkbox SKIP [Fri Jul 07 13:12:00 SGT 2017]
INFO: ---------------WebActions.TICK id|show-password-checkbox SKIP [Fri Jul 07 13:12:00 SGT 2017]
INFO: ---------------WebActions.CLICK By.name: submit Done! [Fri Jul 07 13:12:00 SGT 2017]
INFO: ---------------WebActions.CLICK By.name: submit Done! [Fri Jul 07 13:12:00 SGT 2017]
INFO: ---------------WebActions.CLICK By.name: submit Done! [Fri Jul 07 13:12:00 SGT 2017]
INFO: ---------------WebActions.CLICK By.name: submit Done! [Fri Jul 07 13:12:00 SGT 2017]
INFO: ---------------WebActions.CLICK By.name: submit Done! [Fri Jul 07 13:12:00 SGT 2017]
INFO: ---------------WebActions.CLICK By.name: submit Done! [Fri Jul 07 13:12:00 SGT 2017]
INFO: ---------------WebActions.CLICK By.name: submit Done! [Fri Jul 07 13:12:00 SGT 2017]
INFO: ---------------WebActions.CLICK By.name: submit Done! [Fri Jul 07 13:12:00 SGT 2017]
INFO: ---------------WebActions.CLICK By.name: submit Done! [Fri Jul 07 13:12:00 SGT 2017]
INFO: ---------------WebActions.CLICK By.name: submit Done! [Fri Jul 07 13:12:00 SGT 2017]
INFO: ---------------WebActions.CLICK By.name: submit Done! [Fri Jul 07 13:12:00 SGT 2017]
INFO: ---------------WebActions.CLICK By.name: submit Done! [Fri Jul 07 13:12:00 SGT 2017]
INFO: ---------------WebActions.CLICK By.name: submit Done! [Fri Jul 07 13:12:00 SGT 2017]
