INFO: ================================================== [Thu Jul 06 15:19:14 SGT 2017]
INFO: -----START of STORM Automation Framework main.TestAF [Thu Jul 06 15:19:14 SGT 2017]
INFO: ----------START of SetFilePaths [Thu Jul 06 15:19:14 SGT 2017]
INFO: ----------END of SetFilePaths [Thu Jul 06 15:19:14 SGT 2017]
INFO: ----------START of SetStormProperties [Thu Jul 06 15:19:14 SGT 2017]
INFO: ---------------START of getPropertyResultFileName [Thu Jul 06 15:19:14 SGT 2017]
INFO: ---------------GetStormProperties.getPropertyResultFileName : resultFileName = Result_File_ [Thu Jul 06 15:19:14 SGT 2017]
INFO: ---------------END of GetStormProperties.getPropertyResultFileName [Thu Jul 06 15:19:14 SGT 2017]
INFO: ---------------START of getPropertyTestFileType [Thu Jul 06 15:19:14 SGT 2017]
INFO: ---------------GetStormProperties.getPropertyTestFileType : testFileType = .xlsx [Thu Jul 06 15:19:14 SGT 2017]
INFO: ---------------END of GetStormProperties.getPropertyTestFileType [Thu Jul 06 15:19:14 SGT 2017]
INFO: ---------------START of getPropertyObjectDBName [Thu Jul 06 15:19:14 SGT 2017]
INFO: ---------------GetStormProperties.getPropertyObjectDBName : objectDBName = ObjectDB.STORM.KUDOS.xlsx [Thu Jul 06 15:19:14 SGT 2017]
INFO: ---------------START of getPropertyExeutionType [Thu Jul 06 15:19:14 SGT 2017]
INFO: ---------------GetStormProperties.getPropertyExeutionType : executionType = dataset [Thu Jul 06 15:19:14 SGT 2017]
INFO: ---------------START of getDefaultURL [Thu Jul 06 15:19:14 SGT 2017]
INFO: ---------------GetStormProperties.getDefaultURL : defaultURL = https://kudos-stg.storm.tech [Thu Jul 06 15:19:14 SGT 2017]
INFO: ----------END of SetStormProperties [Thu Jul 06 15:19:14 SGT 2017]
INFO: ----------START of FindFiles.getFileName [Thu Jul 06 15:19:14 SGT 2017]
INFO: ----------START of FindFiles.getFileName [Thu Jul 06 15:19:14 SGT 2017]
INFO: ----------START of FindFiles.getFileName [Thu Jul 06 15:19:14 SGT 2017]
INFO: ----------END of FindFiles.getFileName [Thu Jul 06 15:19:14 SGT 2017]
INFO: ----------END of FindFiles.getFileName [Thu Jul 06 15:19:14 SGT 2017]
INFO: ----------END of FindFiles.getFileName [Thu Jul 06 15:19:14 SGT 2017]
INFO: ----------END of FindFiles.getFileName [Thu Jul 06 15:19:14 SGT 2017]
INFO: ----------START of FindFiles.getFileName [Thu Jul 06 15:19:14 SGT 2017]
INFO: ----------START of FindFiles.getFileName [Thu Jul 06 15:19:14 SGT 2017]
INFO: ----------START of FindFiles.getFileName [Thu Jul 06 15:19:14 SGT 2017]
INFO: ----------END of FindFiles.getFileName [Thu Jul 06 15:19:14 SGT 2017]
INFO: ----------END of FindFiles.getFileName [Thu Jul 06 15:19:14 SGT 2017]
INFO: ----------END of FindFiles.getFileName [Thu Jul 06 15:19:14 SGT 2017]
INFO: ----------END of FindFiles.getFileName [Thu Jul 06 15:19:14 SGT 2017]
INFO: ----------END of FindFiles.getFileName [Thu Jul 06 15:19:14 SGT 2017]
INFO: ----------END of FindFiles.getFileName [Thu Jul 06 15:19:14 SGT 2017]
INFO: ----------START of FindFiles.getFileName [Thu Jul 06 15:19:14 SGT 2017]
INFO: ----------START of FindFiles.getFileName [Thu Jul 06 15:19:14 SGT 2017]
INFO: ----------START of FindFiles.getFileName [Thu Jul 06 15:19:14 SGT 2017]
INFO: ----------START of FindFiles.getFileName [Thu Jul 06 15:19:14 SGT 2017]
INFO: ----------END of FindFiles.getFileName [Thu Jul 06 15:19:14 SGT 2017]
INFO: ----------END of FindFiles.getFileName [Thu Jul 06 15:19:14 SGT 2017]
INFO: ----------END of FindFiles.getFileName [Thu Jul 06 15:19:14 SGT 2017]
INFO: ----------END of FindFiles.getFileName [Thu Jul 06 15:19:14 SGT 2017]
INFO: ----------END of FindFiles.getFileName [Thu Jul 06 15:19:14 SGT 2017]
INFO: ----------END of FindFiles.getFileName [Thu Jul 06 15:19:14 SGT 2017]
INFO: ----------END of FindFiles.getFileName [Thu Jul 06 15:19:14 SGT 2017]
INFO: ----------END of FindFiles.getFileName [Thu Jul 06 15:19:14 SGT 2017]
INFO: ----------END of FindFiles.getFileName [Thu Jul 06 15:19:14 SGT 2017]
INFO: ----------END of FindFiles.getFileName [Thu Jul 06 15:19:14 SGT 2017]
INFO: ----------END of FindFiles.getFileName [Thu Jul 06 15:19:14 SGT 2017]
INFO: ----------END of FindFiles.getFileName [Thu Jul 06 15:19:14 SGT 2017]
INFO: ----------END of FindFiles.getFileName [Thu Jul 06 15:19:14 SGT 2017]
INFO: ----------END of FindFiles.getFileName [Thu Jul 06 15:19:14 SGT 2017]
INFO: ----------END of FindFiles.getFileName [Thu Jul 06 15:19:14 SGT 2017]
INFO: ----------END of FindFiles.getFileName [Thu Jul 06 15:19:14 SGT 2017]
INFO: ----------START execution for TC0011.3 More info links.xlsx [Thu Jul 06 15:19:15 SGT 2017]
INFO: Running Test set TC0011.3.1 Terms and conditions [Thu Jul 06 15:19:15 SGT 2017]
INFO: ---------------WebActions.LAUNCH https://kudos-stg.storm.tech Done! [Thu Jul 06 15:19:25 SGT 2017]
