INFO: ================================================== [Fri Jul 07 15:00:00 SGT 2017]
INFO: -----START of STORM Automation Framework main.TestAF [Fri Jul 07 15:00:01 SGT 2017]
INFO: ----------START of SetFilePaths [Fri Jul 07 15:00:01 SGT 2017]
INFO: ----------END of SetFilePaths [Fri Jul 07 15:00:01 SGT 2017]
INFO: ----------START of SetStormProperties [Fri Jul 07 15:00:01 SGT 2017]
INFO: ---------------START of getPropertyResultFileName [Fri Jul 07 15:00:01 SGT 2017]
INFO: ---------------GetStormProperties.getPropertyResultFileName : resultFileName = Result_File_ [Fri Jul 07 15:00:01 SGT 2017]
INFO: ---------------END of GetStormProperties.getPropertyResultFileName [Fri Jul 07 15:00:01 SGT 2017]
INFO: ---------------START of getPropertyTestFileType [Fri Jul 07 15:00:01 SGT 2017]
INFO: ---------------GetStormProperties.getPropertyTestFileType : testFileType = .xlsx [Fri Jul 07 15:00:01 SGT 2017]
INFO: ---------------END of GetStormProperties.getPropertyTestFileType [Fri Jul 07 15:00:01 SGT 2017]
INFO: ---------------START of getPropertyObjectDBName [Fri Jul 07 15:00:01 SGT 2017]
INFO: ---------------GetStormProperties.getPropertyObjectDBName : objectDBName = ObjectDB.STORM.KUDOS.xlsx [Fri Jul 07 15:00:01 SGT 2017]
INFO: ---------------START of getPropertyExeutionType [Fri Jul 07 15:00:01 SGT 2017]
INFO: ---------------GetStormProperties.getPropertyExeutionType : executionType = dataset [Fri Jul 07 15:00:01 SGT 2017]
INFO: ---------------START of getDefaultURL [Fri Jul 07 15:00:01 SGT 2017]
INFO: ---------------GetStormProperties.getDefaultURL : defaultURL = https://kudos.storm.tech [Fri Jul 07 15:00:01 SGT 2017]
INFO: ----------END of SetStormProperties [Fri Jul 07 15:00:01 SGT 2017]
INFO: ----------START of FindFiles.getFileName [Fri Jul 07 15:00:01 SGT 2017]
INFO: ----------START of FindFiles.getFileName [Fri Jul 07 15:00:01 SGT 2017]
INFO: ----------START of FindFiles.getFileName [Fri Jul 07 15:00:01 SGT 2017]
INFO: ----------END of FindFiles.getFileName [Fri Jul 07 15:00:01 SGT 2017]
INFO: ----------END of FindFiles.getFileName [Fri Jul 07 15:00:01 SGT 2017]
INFO: ----------END of FindFiles.getFileName [Fri Jul 07 15:00:01 SGT 2017]
INFO: ----------END of FindFiles.getFileName [Fri Jul 07 15:00:01 SGT 2017]
INFO: ----------START of FindFiles.getFileName [Fri Jul 07 15:00:01 SGT 2017]
INFO: ----------START of FindFiles.getFileName [Fri Jul 07 15:00:01 SGT 2017]
INFO: ----------START of FindFiles.getFileName [Fri Jul 07 15:00:01 SGT 2017]
INFO: ----------END of FindFiles.getFileName [Fri Jul 07 15:00:01 SGT 2017]
INFO: ----------END of FindFiles.getFileName [Fri Jul 07 15:00:01 SGT 2017]
INFO: ----------END of FindFiles.getFileName [Fri Jul 07 15:00:01 SGT 2017]
INFO: ----------END of FindFiles.getFileName [Fri Jul 07 15:00:01 SGT 2017]
INFO: ----------END of FindFiles.getFileName [Fri Jul 07 15:00:01 SGT 2017]
INFO: ----------END of FindFiles.getFileName [Fri Jul 07 15:00:01 SGT 2017]
INFO: ----------START of FindFiles.getFileName [Fri Jul 07 15:00:01 SGT 2017]
INFO: ----------START of FindFiles.getFileName [Fri Jul 07 15:00:01 SGT 2017]
INFO: ----------START of FindFiles.getFileName [Fri Jul 07 15:00:01 SGT 2017]
INFO: ----------START of FindFiles.getFileName [Fri Jul 07 15:00:01 SGT 2017]
INFO: ----------END of FindFiles.getFileName [Fri Jul 07 15:00:01 SGT 2017]
INFO: ----------END of FindFiles.getFileName [Fri Jul 07 15:00:01 SGT 2017]
INFO: ----------END of FindFiles.getFileName [Fri Jul 07 15:00:01 SGT 2017]
INFO: ----------END of FindFiles.getFileName [Fri Jul 07 15:00:01 SGT 2017]
INFO: ----------END of FindFiles.getFileName [Fri Jul 07 15:00:01 SGT 2017]
INFO: ----------END of FindFiles.getFileName [Fri Jul 07 15:00:01 SGT 2017]
INFO: ----------END of FindFiles.getFileName [Fri Jul 07 15:00:01 SGT 2017]
INFO: ----------END of FindFiles.getFileName [Fri Jul 07 15:00:01 SGT 2017]
INFO: ----------END of FindFiles.getFileName [Fri Jul 07 15:00:01 SGT 2017]
INFO: ----------END of FindFiles.getFileName [Fri Jul 07 15:00:01 SGT 2017]
INFO: ----------END of FindFiles.getFileName [Fri Jul 07 15:00:01 SGT 2017]
INFO: ----------END of FindFiles.getFileName [Fri Jul 07 15:00:01 SGT 2017]
INFO: ----------END of FindFiles.getFileName [Fri Jul 07 15:00:01 SGT 2017]
INFO: ----------END of FindFiles.getFileName [Fri Jul 07 15:00:01 SGT 2017]
INFO: ----------END of FindFiles.getFileName [Fri Jul 07 15:00:01 SGT 2017]
INFO: ----------END of FindFiles.getFileName [Fri Jul 07 15:00:01 SGT 2017]
INFO: ----------START execution for TC0001.1 Login Client.xlsx [Fri Jul 07 15:00:03 SGT 2017]
INFO: Running Test set TC0001.1.1 Correct Email, Correct Password [Fri Jul 07 15:00:04 SGT 2017]
INFO: ---------------WebActions.LAUNCH https://kudos.storm.tech Done! [Fri Jul 07 15:00:15 SGT 2017]
INFO: ---------------WebActions.TYPE By.name: email with jonathan@automation.com Done! [Fri Jul 07 15:00:17 SGT 2017]
INFO: ---------------WebActions.TYPE By.name: password with Storm2017 Done! [Fri Jul 07 15:00:17 SGT 2017]
INFO: ---------------WebActions.TICK id|show-password-checkbox SKIP [Fri Jul 07 15:00:18 SGT 2017]
INFO: ---------------WebActions.CLICK By.name: submit Done! [Fri Jul 07 15:00:18 SGT 2017]
INFO: ---------------WebActions.SLEEP for 3000 Done! [Fri Jul 07 15:00:22 SGT 2017]
INFO: ---------------WebActions.SLEEP for 2000 Done! [Fri Jul 07 15:00:25 SGT 2017]
INFO: ---------------WebActions.CLOSE browser Done! [Fri Jul 07 15:00:27 SGT 2017]
INFO: Running Test set TC0001.1.2 Correct Email, no Password [Fri Jul 07 15:00:27 SGT 2017]
INFO: ---------------WebActions.LAUNCH https://kudos.storm.tech Done! [Fri Jul 07 15:00:36 SGT 2017]
INFO: ---------------WebActions.LAUNCH https://kudos.storm.tech Done! [Fri Jul 07 15:00:36 SGT 2017]
