INFO: ================================================== [Fri Jul 07 11:58:30 SGT 2017]
INFO: -----START of STORM Automation Framework main.TestAF [Fri Jul 07 11:58:30 SGT 2017]
INFO: ----------START of SetFilePaths [Fri Jul 07 11:58:30 SGT 2017]
INFO: ----------END of SetFilePaths [Fri Jul 07 11:58:30 SGT 2017]
INFO: ----------START of SetStormProperties [Fri Jul 07 11:58:30 SGT 2017]
INFO: ---------------START of getPropertyResultFileName [Fri Jul 07 11:58:30 SGT 2017]
INFO: ---------------GetStormProperties.getPropertyResultFileName : resultFileName = Result_File_ [Fri Jul 07 11:58:30 SGT 2017]
INFO: ---------------END of GetStormProperties.getPropertyResultFileName [Fri Jul 07 11:58:30 SGT 2017]
INFO: ---------------START of getPropertyTestFileType [Fri Jul 07 11:58:30 SGT 2017]
INFO: ---------------GetStormProperties.getPropertyTestFileType : testFileType = .xlsx [Fri Jul 07 11:58:30 SGT 2017]
INFO: ---------------END of GetStormProperties.getPropertyTestFileType [Fri Jul 07 11:58:30 SGT 2017]
INFO: ---------------START of getPropertyObjectDBName [Fri Jul 07 11:58:30 SGT 2017]
INFO: ---------------GetStormProperties.getPropertyObjectDBName : objectDBName = ObjectDB.STORM.KUDOS.xlsx [Fri Jul 07 11:58:30 SGT 2017]
INFO: ---------------START of getPropertyExeutionType [Fri Jul 07 11:58:30 SGT 2017]
INFO: ---------------GetStormProperties.getPropertyExeutionType : executionType = dataset [Fri Jul 07 11:58:30 SGT 2017]
INFO: ---------------START of getDefaultURL [Fri Jul 07 11:58:30 SGT 2017]
INFO: ---------------GetStormProperties.getDefaultURL : defaultURL = https://kudos.storm.tech [Fri Jul 07 11:58:30 SGT 2017]
INFO: ----------END of SetStormProperties [Fri Jul 07 11:58:30 SGT 2017]
INFO: ----------START of FindFiles.getFileName [Fri Jul 07 11:58:30 SGT 2017]
INFO: ----------START of FindFiles.getFileName [Fri Jul 07 11:58:30 SGT 2017]
INFO: ----------START of FindFiles.getFileName [Fri Jul 07 11:58:30 SGT 2017]
INFO: ----------END of FindFiles.getFileName [Fri Jul 07 11:58:30 SGT 2017]
INFO: ----------END of FindFiles.getFileName [Fri Jul 07 11:58:30 SGT 2017]
INFO: ----------END of FindFiles.getFileName [Fri Jul 07 11:58:30 SGT 2017]
INFO: ----------END of FindFiles.getFileName [Fri Jul 07 11:58:30 SGT 2017]
INFO: ----------START of FindFiles.getFileName [Fri Jul 07 11:58:30 SGT 2017]
INFO: ----------START of FindFiles.getFileName [Fri Jul 07 11:58:30 SGT 2017]
INFO: ----------START of FindFiles.getFileName [Fri Jul 07 11:58:30 SGT 2017]
INFO: ----------END of FindFiles.getFileName [Fri Jul 07 11:58:30 SGT 2017]
INFO: ----------END of FindFiles.getFileName [Fri Jul 07 11:58:30 SGT 2017]
INFO: ----------END of FindFiles.getFileName [Fri Jul 07 11:58:30 SGT 2017]
INFO: ----------END of FindFiles.getFileName [Fri Jul 07 11:58:30 SGT 2017]
INFO: ----------END of FindFiles.getFileName [Fri Jul 07 11:58:30 SGT 2017]
INFO: ----------END of FindFiles.getFileName [Fri Jul 07 11:58:30 SGT 2017]
INFO: ----------START of FindFiles.getFileName [Fri Jul 07 11:58:30 SGT 2017]
INFO: ----------START of FindFiles.getFileName [Fri Jul 07 11:58:30 SGT 2017]
INFO: ----------START of FindFiles.getFileName [Fri Jul 07 11:58:30 SGT 2017]
INFO: ----------START of FindFiles.getFileName [Fri Jul 07 11:58:30 SGT 2017]
INFO: ----------END of FindFiles.getFileName [Fri Jul 07 11:58:30 SGT 2017]
INFO: ----------END of FindFiles.getFileName [Fri Jul 07 11:58:30 SGT 2017]
INFO: ----------END of FindFiles.getFileName [Fri Jul 07 11:58:30 SGT 2017]
INFO: ----------END of FindFiles.getFileName [Fri Jul 07 11:58:30 SGT 2017]
INFO: ----------END of FindFiles.getFileName [Fri Jul 07 11:58:30 SGT 2017]
INFO: ----------END of FindFiles.getFileName [Fri Jul 07 11:58:30 SGT 2017]
INFO: ----------END of FindFiles.getFileName [Fri Jul 07 11:58:30 SGT 2017]
INFO: ----------END of FindFiles.getFileName [Fri Jul 07 11:58:30 SGT 2017]
INFO: ----------END of FindFiles.getFileName [Fri Jul 07 11:58:30 SGT 2017]
INFO: ----------END of FindFiles.getFileName [Fri Jul 07 11:58:30 SGT 2017]
INFO: ----------END of FindFiles.getFileName [Fri Jul 07 11:58:30 SGT 2017]
INFO: ----------END of FindFiles.getFileName [Fri Jul 07 11:58:30 SGT 2017]
INFO: ----------END of FindFiles.getFileName [Fri Jul 07 11:58:30 SGT 2017]
INFO: ----------END of FindFiles.getFileName [Fri Jul 07 11:58:30 SGT 2017]
INFO: ----------END of FindFiles.getFileName [Fri Jul 07 11:58:30 SGT 2017]
INFO: ----------END of FindFiles.getFileName [Fri Jul 07 11:58:30 SGT 2017]
INFO: ----------START execution for TC0001.1 Login Client.xlsx [Fri Jul 07 11:58:32 SGT 2017]
INFO: Running Test set TC0001.1.1 Correct Email, Correct Password [Fri Jul 07 11:58:33 SGT 2017]
INFO: ---------------WebActions.LAUNCH https://kudos.storm.tech Done! [Fri Jul 07 11:58:48 SGT 2017]
INFO: ---------------WebActions.TYPE By.name: email with jonathan@automation.com Done! [Fri Jul 07 11:58:49 SGT 2017]
INFO: ---------------WebActions.TYPE By.name: password with Storm2017 Done! [Fri Jul 07 11:58:50 SGT 2017]
INFO: ---------------WebActions.TICK id|show-password-checkbox SKIP [Fri Jul 07 11:58:50 SGT 2017]
INFO: ---------------WebActions.CLICK By.name: submit Done! [Fri Jul 07 11:58:51 SGT 2017]
INFO: ---------------WebActions.SLEEP for 3000 Done! [Fri Jul 07 11:58:55 SGT 2017]
INFO: ---------------WebActions.SLEEP for 2000 Done! [Fri Jul 07 11:58:58 SGT 2017]
INFO: ---------------WebActions.CLOSE browser Done! [Fri Jul 07 11:59:00 SGT 2017]
INFO: Running Test set TC0001.1.2 Correct Email, no Password [Fri Jul 07 11:59:00 SGT 2017]
INFO: ---------------WebActions.LAUNCH https://kudos.storm.tech Done! [Fri Jul 07 11:59:28 SGT 2017]
INFO: ---------------WebActions.LAUNCH https://kudos.storm.tech Done! [Fri Jul 07 11:59:28 SGT 2017]
INFO: ---------------WebActions.TYPE By.name: email with jonathan@automation.com Done! [Fri Jul 07 11:59:29 SGT 2017]
INFO: ---------------WebActions.TYPE By.name: email with jonathan@automation.com Done! [Fri Jul 07 11:59:29 SGT 2017]
INFO: ---------------WebActions.TYPE By.name: password with  Done! [Fri Jul 07 11:59:30 SGT 2017]
INFO: ---------------WebActions.TYPE By.name: password with  Done! [Fri Jul 07 11:59:30 SGT 2017]
INFO: ---------------WebActions.TICK id|show-password-checkbox SKIP [Fri Jul 07 11:59:30 SGT 2017]
INFO: ---------------WebActions.TICK id|show-password-checkbox SKIP [Fri Jul 07 11:59:30 SGT 2017]
INFO: ---------------WebActions.CLICK By.name: submit Done! [Fri Jul 07 11:59:31 SGT 2017]
INFO: ---------------WebActions.CLICK By.name: submit Done! [Fri Jul 07 11:59:31 SGT 2017]
INFO: ---------------WebActions.SLEEP for 3000 Done! [Fri Jul 07 11:59:35 SGT 2017]
INFO: ---------------WebActions.SLEEP for 3000 Done! [Fri Jul 07 11:59:35 SGT 2017]
INFO: ---------------WebActions.SLEEP for 2000 Done! [Fri Jul 07 11:59:38 SGT 2017]
INFO: ---------------WebActions.SLEEP for 2000 Done! [Fri Jul 07 11:59:38 SGT 2017]
INFO: ---------------WebActions.CLOSE browser Done! [Fri Jul 07 11:59:39 SGT 2017]
INFO: ---------------WebActions.CLOSE browser Done! [Fri Jul 07 11:59:39 SGT 2017]
INFO: Running Test set TC0001.1.3 Correct Password No Email [Fri Jul 07 11:59:39 SGT 2017]
INFO: ---------------WebActions.LAUNCH https://kudos.storm.tech Done! [Fri Jul 07 12:00:12 SGT 2017]
INFO: ---------------WebActions.LAUNCH https://kudos.storm.tech Done! [Fri Jul 07 12:00:12 SGT 2017]
INFO: ---------------WebActions.LAUNCH https://kudos.storm.tech Done! [Fri Jul 07 12:00:12 SGT 2017]
INFO: ---------------WebActions.TYPE By.name: email with  Done! [Fri Jul 07 12:00:20 SGT 2017]
INFO: ---------------WebActions.TYPE By.name: email with  Done! [Fri Jul 07 12:00:20 SGT 2017]
INFO: ---------------WebActions.TYPE By.name: email with  Done! [Fri Jul 07 12:00:20 SGT 2017]
INFO: ---------------WebActions.TYPE By.name: password with Storm2017 Done! [Fri Jul 07 12:00:21 SGT 2017]
INFO: ---------------WebActions.TYPE By.name: password with Storm2017 Done! [Fri Jul 07 12:00:21 SGT 2017]
INFO: ---------------WebActions.TYPE By.name: password with Storm2017 Done! [Fri Jul 07 12:00:21 SGT 2017]
INFO: ---------------WebActions.TICK id|show-password-checkbox SKIP [Fri Jul 07 12:00:22 SGT 2017]
INFO: ---------------WebActions.TICK id|show-password-checkbox SKIP [Fri Jul 07 12:00:22 SGT 2017]
INFO: ---------------WebActions.TICK id|show-password-checkbox SKIP [Fri Jul 07 12:00:22 SGT 2017]
INFO: ---------------WebActions.CLICK By.name: submit Done! [Fri Jul 07 12:00:22 SGT 2017]
INFO: ---------------WebActions.CLICK By.name: submit Done! [Fri Jul 07 12:00:22 SGT 2017]
INFO: ---------------WebActions.CLICK By.name: submit Done! [Fri Jul 07 12:00:22 SGT 2017]
INFO: ---------------WebActions.SLEEP for 3000 Done! [Fri Jul 07 12:00:26 SGT 2017]
INFO: ---------------WebActions.SLEEP for 3000 Done! [Fri Jul 07 12:00:26 SGT 2017]
INFO: ---------------WebActions.SLEEP for 3000 Done! [Fri Jul 07 12:00:26 SGT 2017]
INFO: ---------------WebActions.SLEEP for 2000 Done! [Fri Jul 07 12:00:30 SGT 2017]
INFO: ---------------WebActions.SLEEP for 2000 Done! [Fri Jul 07 12:00:30 SGT 2017]
INFO: ---------------WebActions.SLEEP for 2000 Done! [Fri Jul 07 12:00:30 SGT 2017]
INFO: ---------------WebActions.CLOSE browser Done! [Fri Jul 07 12:00:32 SGT 2017]
INFO: ---------------WebActions.CLOSE browser Done! [Fri Jul 07 12:00:32 SGT 2017]
INFO: ---------------WebActions.CLOSE browser Done! [Fri Jul 07 12:00:32 SGT 2017]
INFO: Running Test set TC0001.1.4 Incorrect Email, Correct Password [Fri Jul 07 12:00:32 SGT 2017]
INFO: ---------------WebActions.LAUNCH https://kudos.storm.tech Done! [Fri Jul 07 12:01:04 SGT 2017]
INFO: ---------------WebActions.LAUNCH https://kudos.storm.tech Done! [Fri Jul 07 12:01:04 SGT 2017]
INFO: ---------------WebActions.LAUNCH https://kudos.storm.tech Done! [Fri Jul 07 12:01:04 SGT 2017]
INFO: ---------------WebActions.LAUNCH https://kudos.storm.tech Done! [Fri Jul 07 12:01:04 SGT 2017]
INFO: ---------------WebActions.TYPE By.name: email with aaa@.com Done! [Fri Jul 07 12:01:05 SGT 2017]
INFO: ---------------WebActions.TYPE By.name: email with aaa@.com Done! [Fri Jul 07 12:01:05 SGT 2017]
INFO: ---------------WebActions.TYPE By.name: email with aaa@.com Done! [Fri Jul 07 12:01:05 SGT 2017]
INFO: ---------------WebActions.TYPE By.name: email with aaa@.com Done! [Fri Jul 07 12:01:05 SGT 2017]
INFO: ---------------WebActions.TYPE By.name: password with Storm2017 Done! [Fri Jul 07 12:01:06 SGT 2017]
INFO: ---------------WebActions.TYPE By.name: password with Storm2017 Done! [Fri Jul 07 12:01:06 SGT 2017]
INFO: ---------------WebActions.TYPE By.name: password with Storm2017 Done! [Fri Jul 07 12:01:06 SGT 2017]
INFO: ---------------WebActions.TYPE By.name: password with Storm2017 Done! [Fri Jul 07 12:01:06 SGT 2017]
INFO: ---------------WebActions.TICK id|show-password-checkbox SKIP [Fri Jul 07 12:01:06 SGT 2017]
INFO: ---------------WebActions.TICK id|show-password-checkbox SKIP [Fri Jul 07 12:01:06 SGT 2017]
INFO: ---------------WebActions.TICK id|show-password-checkbox SKIP [Fri Jul 07 12:01:06 SGT 2017]
INFO: ---------------WebActions.TICK id|show-password-checkbox SKIP [Fri Jul 07 12:01:06 SGT 2017]
INFO: ---------------WebActions.CLICK By.name: submit Done! [Fri Jul 07 12:01:07 SGT 2017]
INFO: ---------------WebActions.CLICK By.name: submit Done! [Fri Jul 07 12:01:07 SGT 2017]
INFO: ---------------WebActions.CLICK By.name: submit Done! [Fri Jul 07 12:01:07 SGT 2017]
INFO: ---------------WebActions.CLICK By.name: submit Done! [Fri Jul 07 12:01:07 SGT 2017]
INFO: ---------------WebActions.SLEEP for 3000 Done! [Fri Jul 07 12:01:11 SGT 2017]
INFO: ---------------WebActions.SLEEP for 3000 Done! [Fri Jul 07 12:01:11 SGT 2017]
INFO: ---------------WebActions.SLEEP for 3000 Done! [Fri Jul 07 12:01:11 SGT 2017]
INFO: ---------------WebActions.SLEEP for 3000 Done! [Fri Jul 07 12:01:11 SGT 2017]
INFO: ---------------WebActions.SLEEP for 2000 Done! [Fri Jul 07 12:01:13 SGT 2017]
INFO: ---------------WebActions.SLEEP for 2000 Done! [Fri Jul 07 12:01:13 SGT 2017]
INFO: ---------------WebActions.SLEEP for 2000 Done! [Fri Jul 07 12:01:13 SGT 2017]
INFO: ---------------WebActions.SLEEP for 2000 Done! [Fri Jul 07 12:01:13 SGT 2017]
INFO: ---------------WebActions.CLOSE browser Done! [Fri Jul 07 12:01:14 SGT 2017]
INFO: ---------------WebActions.CLOSE browser Done! [Fri Jul 07 12:01:14 SGT 2017]
INFO: ---------------WebActions.CLOSE browser Done! [Fri Jul 07 12:01:14 SGT 2017]
INFO: ---------------WebActions.CLOSE browser Done! [Fri Jul 07 12:01:14 SGT 2017]
INFO: Running Test set TC0001.1.5 Correct Email, Invalid Password [Fri Jul 07 12:01:15 SGT 2017]
INFO: ---------------WebActions.LAUNCH https://kudos.storm.tech Done! [Fri Jul 07 12:01:25 SGT 2017]
INFO: ---------------WebActions.LAUNCH https://kudos.storm.tech Done! [Fri Jul 07 12:01:25 SGT 2017]
INFO: ---------------WebActions.LAUNCH https://kudos.storm.tech Done! [Fri Jul 07 12:01:25 SGT 2017]
INFO: ---------------WebActions.LAUNCH https://kudos.storm.tech Done! [Fri Jul 07 12:01:25 SGT 2017]
INFO: ---------------WebActions.LAUNCH https://kudos.storm.tech Done! [Fri Jul 07 12:01:25 SGT 2017]
INFO: ---------------WebActions.TYPE By.name: email with dummy1@automation.com Done! [Fri Jul 07 12:01:27 SGT 2017]
INFO: ---------------WebActions.TYPE By.name: email with dummy1@automation.com Done! [Fri Jul 07 12:01:27 SGT 2017]
INFO: ---------------WebActions.TYPE By.name: email with dummy1@automation.com Done! [Fri Jul 07 12:01:27 SGT 2017]
INFO: ---------------WebActions.TYPE By.name: email with dummy1@automation.com Done! [Fri Jul 07 12:01:27 SGT 2017]
INFO: ---------------WebActions.TYPE By.name: email with dummy1@automation.com Done! [Fri Jul 07 12:01:27 SGT 2017]
INFO: ---------------WebActions.TYPE By.name: password with !@$%&*() Done! [Fri Jul 07 12:01:29 SGT 2017]
INFO: ---------------WebActions.TYPE By.name: password with !@$%&*() Done! [Fri Jul 07 12:01:29 SGT 2017]
INFO: ---------------WebActions.TYPE By.name: password with !@$%&*() Done! [Fri Jul 07 12:01:29 SGT 2017]
INFO: ---------------WebActions.TYPE By.name: password with !@$%&*() Done! [Fri Jul 07 12:01:29 SGT 2017]
INFO: ---------------WebActions.TYPE By.name: password with !@$%&*() Done! [Fri Jul 07 12:01:29 SGT 2017]
INFO: ---------------WebActions.TICK id|show-password-checkbox SKIP [Fri Jul 07 12:01:29 SGT 2017]
INFO: ---------------WebActions.TICK id|show-password-checkbox SKIP [Fri Jul 07 12:01:29 SGT 2017]
INFO: ---------------WebActions.TICK id|show-password-checkbox SKIP [Fri Jul 07 12:01:29 SGT 2017]
INFO: ---------------WebActions.TICK id|show-password-checkbox SKIP [Fri Jul 07 12:01:29 SGT 2017]
INFO: ---------------WebActions.TICK id|show-password-checkbox SKIP [Fri Jul 07 12:01:29 SGT 2017]
INFO: ---------------WebActions.CLICK By.name: submit Done! [Fri Jul 07 12:01:30 SGT 2017]
INFO: ---------------WebActions.CLICK By.name: submit Done! [Fri Jul 07 12:01:30 SGT 2017]
INFO: ---------------WebActions.CLICK By.name: submit Done! [Fri Jul 07 12:01:30 SGT 2017]
INFO: ---------------WebActions.CLICK By.name: submit Done! [Fri Jul 07 12:01:30 SGT 2017]
INFO: ---------------WebActions.CLICK By.name: submit Done! [Fri Jul 07 12:01:30 SGT 2017]
INFO: ---------------WebActions.SLEEP for 3000 Done! [Fri Jul 07 12:01:34 SGT 2017]
INFO: ---------------WebActions.SLEEP for 3000 Done! [Fri Jul 07 12:01:34 SGT 2017]
INFO: ---------------WebActions.SLEEP for 3000 Done! [Fri Jul 07 12:01:34 SGT 2017]
INFO: ---------------WebActions.SLEEP for 3000 Done! [Fri Jul 07 12:01:34 SGT 2017]
INFO: ---------------WebActions.SLEEP for 3000 Done! [Fri Jul 07 12:01:34 SGT 2017]
INFO: ---------------WebActions.SLEEP for 2000 Done! [Fri Jul 07 12:01:37 SGT 2017]
INFO: ---------------WebActions.SLEEP for 2000 Done! [Fri Jul 07 12:01:37 SGT 2017]
INFO: ---------------WebActions.SLEEP for 2000 Done! [Fri Jul 07 12:01:37 SGT 2017]
INFO: ---------------WebActions.SLEEP for 2000 Done! [Fri Jul 07 12:01:37 SGT 2017]
INFO: ---------------WebActions.SLEEP for 2000 Done! [Fri Jul 07 12:01:37 SGT 2017]
INFO: ---------------WebActions.CLOSE browser Done! [Fri Jul 07 12:01:39 SGT 2017]
INFO: ---------------WebActions.CLOSE browser Done! [Fri Jul 07 12:01:39 SGT 2017]
INFO: ---------------WebActions.CLOSE browser Done! [Fri Jul 07 12:01:39 SGT 2017]
INFO: ---------------WebActions.CLOSE browser Done! [Fri Jul 07 12:01:39 SGT 2017]
INFO: ---------------WebActions.CLOSE browser Done! [Fri Jul 07 12:01:39 SGT 2017]
INFO: Running Test set TC0001.1.6 Correct Email, Password all Uppercase [Fri Jul 07 12:01:39 SGT 2017]
INFO: ---------------WebActions.LAUNCH https://kudos.storm.tech Done! [Fri Jul 07 12:02:10 SGT 2017]
INFO: ---------------WebActions.LAUNCH https://kudos.storm.tech Done! [Fri Jul 07 12:02:10 SGT 2017]
INFO: ---------------WebActions.LAUNCH https://kudos.storm.tech Done! [Fri Jul 07 12:02:10 SGT 2017]
INFO: ---------------WebActions.LAUNCH https://kudos.storm.tech Done! [Fri Jul 07 12:02:10 SGT 2017]
INFO: ---------------WebActions.LAUNCH https://kudos.storm.tech Done! [Fri Jul 07 12:02:10 SGT 2017]
INFO: ---------------WebActions.LAUNCH https://kudos.storm.tech Done! [Fri Jul 07 12:02:10 SGT 2017]
INFO: ---------------WebActions.TYPE By.name: email with dummy1@automation.com Done! [Fri Jul 07 12:02:11 SGT 2017]
INFO: ---------------WebActions.TYPE By.name: email with dummy1@automation.com Done! [Fri Jul 07 12:02:11 SGT 2017]
INFO: ---------------WebActions.TYPE By.name: email with dummy1@automation.com Done! [Fri Jul 07 12:02:11 SGT 2017]
INFO: ---------------WebActions.TYPE By.name: email with dummy1@automation.com Done! [Fri Jul 07 12:02:11 SGT 2017]
INFO: ---------------WebActions.TYPE By.name: email with dummy1@automation.com Done! [Fri Jul 07 12:02:11 SGT 2017]
INFO: ---------------WebActions.TYPE By.name: email with dummy1@automation.com Done! [Fri Jul 07 12:02:11 SGT 2017]
INFO: ---------------WebActions.TYPE By.name: password with STORM2017 Done! [Fri Jul 07 12:02:12 SGT 2017]
INFO: ---------------WebActions.TYPE By.name: password with STORM2017 Done! [Fri Jul 07 12:02:12 SGT 2017]
INFO: ---------------WebActions.TYPE By.name: password with STORM2017 Done! [Fri Jul 07 12:02:12 SGT 2017]
INFO: ---------------WebActions.TYPE By.name: password with STORM2017 Done! [Fri Jul 07 12:02:12 SGT 2017]
INFO: ---------------WebActions.TYPE By.name: password with STORM2017 Done! [Fri Jul 07 12:02:12 SGT 2017]
INFO: ---------------WebActions.TYPE By.name: password with STORM2017 Done! [Fri Jul 07 12:02:12 SGT 2017]
INFO: ---------------WebActions.TICK id|show-password-checkbox SKIP [Fri Jul 07 12:02:12 SGT 2017]
INFO: ---------------WebActions.TICK id|show-password-checkbox SKIP [Fri Jul 07 12:02:12 SGT 2017]
INFO: ---------------WebActions.TICK id|show-password-checkbox SKIP [Fri Jul 07 12:02:12 SGT 2017]
INFO: ---------------WebActions.TICK id|show-password-checkbox SKIP [Fri Jul 07 12:02:12 SGT 2017]
INFO: ---------------WebActions.TICK id|show-password-checkbox SKIP [Fri Jul 07 12:02:12 SGT 2017]
INFO: ---------------WebActions.TICK id|show-password-checkbox SKIP [Fri Jul 07 12:02:12 SGT 2017]
INFO: ---------------WebActions.CLICK By.name: submit Done! [Fri Jul 07 12:02:12 SGT 2017]
INFO: ---------------WebActions.CLICK By.name: submit Done! [Fri Jul 07 12:02:12 SGT 2017]
INFO: ---------------WebActions.CLICK By.name: submit Done! [Fri Jul 07 12:02:12 SGT 2017]
INFO: ---------------WebActions.CLICK By.name: submit Done! [Fri Jul 07 12:02:12 SGT 2017]
INFO: ---------------WebActions.CLICK By.name: submit Done! [Fri Jul 07 12:02:12 SGT 2017]
INFO: ---------------WebActions.CLICK By.name: submit Done! [Fri Jul 07 12:02:12 SGT 2017]
INFO: ---------------WebActions.SLEEP for 3000 Done! [Fri Jul 07 12:02:16 SGT 2017]
INFO: ---------------WebActions.SLEEP for 3000 Done! [Fri Jul 07 12:02:16 SGT 2017]
INFO: ---------------WebActions.SLEEP for 3000 Done! [Fri Jul 07 12:02:16 SGT 2017]
INFO: ---------------WebActions.SLEEP for 3000 Done! [Fri Jul 07 12:02:16 SGT 2017]
INFO: ---------------WebActions.SLEEP for 3000 Done! [Fri Jul 07 12:02:16 SGT 2017]
INFO: ---------------WebActions.SLEEP for 3000 Done! [Fri Jul 07 12:02:16 SGT 2017]
INFO: ---------------WebActions.SLEEP for 2000 Done! [Fri Jul 07 12:02:19 SGT 2017]
INFO: ---------------WebActions.SLEEP for 2000 Done! [Fri Jul 07 12:02:19 SGT 2017]
INFO: ---------------WebActions.SLEEP for 2000 Done! [Fri Jul 07 12:02:19 SGT 2017]
INFO: ---------------WebActions.SLEEP for 2000 Done! [Fri Jul 07 12:02:19 SGT 2017]
INFO: ---------------WebActions.SLEEP for 2000 Done! [Fri Jul 07 12:02:19 SGT 2017]
INFO: ---------------WebActions.SLEEP for 2000 Done! [Fri Jul 07 12:02:19 SGT 2017]
INFO: ---------------WebActions.CLOSE browser Done! [Fri Jul 07 12:02:20 SGT 2017]
INFO: ---------------WebActions.CLOSE browser Done! [Fri Jul 07 12:02:20 SGT 2017]
INFO: ---------------WebActions.CLOSE browser Done! [Fri Jul 07 12:02:20 SGT 2017]
INFO: ---------------WebActions.CLOSE browser Done! [Fri Jul 07 12:02:20 SGT 2017]
INFO: ---------------WebActions.CLOSE browser Done! [Fri Jul 07 12:02:20 SGT 2017]
INFO: ---------------WebActions.CLOSE browser Done! [Fri Jul 07 12:02:20 SGT 2017]
INFO: Running Test set TC0001.1.7 Correct Email, Invalid Password [Fri Jul 07 12:02:20 SGT 2017]
INFO: ---------------WebActions.LAUNCH https://kudos.storm.tech Done! [Fri Jul 07 12:02:32 SGT 2017]
INFO: ---------------WebActions.LAUNCH https://kudos.storm.tech Done! [Fri Jul 07 12:02:32 SGT 2017]
INFO: ---------------WebActions.LAUNCH https://kudos.storm.tech Done! [Fri Jul 07 12:02:32 SGT 2017]
INFO: ---------------WebActions.LAUNCH https://kudos.storm.tech Done! [Fri Jul 07 12:02:32 SGT 2017]
INFO: ---------------WebActions.LAUNCH https://kudos.storm.tech Done! [Fri Jul 07 12:02:32 SGT 2017]
INFO: ---------------WebActions.LAUNCH https://kudos.storm.tech Done! [Fri Jul 07 12:02:32 SGT 2017]
INFO: ---------------WebActions.LAUNCH https://kudos.storm.tech Done! [Fri Jul 07 12:02:32 SGT 2017]
INFO: ---------------WebActions.TYPE By.name: email with dummy1@automation.com Done! [Fri Jul 07 12:02:33 SGT 2017]
INFO: ---------------WebActions.TYPE By.name: email with dummy1@automation.com Done! [Fri Jul 07 12:02:33 SGT 2017]
INFO: ---------------WebActions.TYPE By.name: email with dummy1@automation.com Done! [Fri Jul 07 12:02:33 SGT 2017]
INFO: ---------------WebActions.TYPE By.name: email with dummy1@automation.com Done! [Fri Jul 07 12:02:33 SGT 2017]
INFO: ---------------WebActions.TYPE By.name: email with dummy1@automation.com Done! [Fri Jul 07 12:02:33 SGT 2017]
INFO: ---------------WebActions.TYPE By.name: email with dummy1@automation.com Done! [Fri Jul 07 12:02:33 SGT 2017]
INFO: ---------------WebActions.TYPE By.name: email with dummy1@automation.com Done! [Fri Jul 07 12:02:33 SGT 2017]
INFO: ---------------WebActions.TYPE By.name: password with STORM@2017 Done! [Fri Jul 07 12:02:34 SGT 2017]
INFO: ---------------WebActions.TYPE By.name: password with STORM@2017 Done! [Fri Jul 07 12:02:34 SGT 2017]
INFO: ---------------WebActions.TYPE By.name: password with STORM@2017 Done! [Fri Jul 07 12:02:34 SGT 2017]
INFO: ---------------WebActions.TYPE By.name: password with STORM@2017 Done! [Fri Jul 07 12:02:34 SGT 2017]
INFO: ---------------WebActions.TYPE By.name: password with STORM@2017 Done! [Fri Jul 07 12:02:34 SGT 2017]
INFO: ---------------WebActions.TYPE By.name: password with STORM@2017 Done! [Fri Jul 07 12:02:34 SGT 2017]
INFO: ---------------WebActions.TYPE By.name: password with STORM@2017 Done! [Fri Jul 07 12:02:34 SGT 2017]
INFO: ---------------WebActions.TICK id|show-password-checkbox SKIP [Fri Jul 07 12:02:34 SGT 2017]
INFO: ---------------WebActions.TICK id|show-password-checkbox SKIP [Fri Jul 07 12:02:34 SGT 2017]
INFO: ---------------WebActions.TICK id|show-password-checkbox SKIP [Fri Jul 07 12:02:34 SGT 2017]
INFO: ---------------WebActions.TICK id|show-password-checkbox SKIP [Fri Jul 07 12:02:34 SGT 2017]
INFO: ---------------WebActions.TICK id|show-password-checkbox SKIP [Fri Jul 07 12:02:34 SGT 2017]
INFO: ---------------WebActions.TICK id|show-password-checkbox SKIP [Fri Jul 07 12:02:34 SGT 2017]
INFO: ---------------WebActions.TICK id|show-password-checkbox SKIP [Fri Jul 07 12:02:34 SGT 2017]
INFO: ---------------WebActions.CLICK By.name: submit Done! [Fri Jul 07 12:02:35 SGT 2017]
INFO: ---------------WebActions.CLICK By.name: submit Done! [Fri Jul 07 12:02:35 SGT 2017]
INFO: ---------------WebActions.CLICK By.name: submit Done! [Fri Jul 07 12:02:35 SGT 2017]
INFO: ---------------WebActions.CLICK By.name: submit Done! [Fri Jul 07 12:02:35 SGT 2017]
INFO: ---------------WebActions.CLICK By.name: submit Done! [Fri Jul 07 12:02:35 SGT 2017]
INFO: ---------------WebActions.CLICK By.name: submit Done! [Fri Jul 07 12:02:35 SGT 2017]
INFO: ---------------WebActions.CLICK By.name: submit Done! [Fri Jul 07 12:02:35 SGT 2017]
INFO: ---------------WebActions.SLEEP for 3000 Done! [Fri Jul 07 12:02:38 SGT 2017]
INFO: ---------------WebActions.SLEEP for 3000 Done! [Fri Jul 07 12:02:38 SGT 2017]
INFO: ---------------WebActions.SLEEP for 3000 Done! [Fri Jul 07 12:02:38 SGT 2017]
INFO: ---------------WebActions.SLEEP for 3000 Done! [Fri Jul 07 12:02:38 SGT 2017]
INFO: ---------------WebActions.SLEEP for 3000 Done! [Fri Jul 07 12:02:38 SGT 2017]
INFO: ---------------WebActions.SLEEP for 3000 Done! [Fri Jul 07 12:02:38 SGT 2017]
INFO: ---------------WebActions.SLEEP for 3000 Done! [Fri Jul 07 12:02:38 SGT 2017]
INFO: ---------------WebActions.SLEEP for 2000 Done! [Fri Jul 07 12:02:41 SGT 2017]
INFO: ---------------WebActions.SLEEP for 2000 Done! [Fri Jul 07 12:02:41 SGT 2017]
INFO: ---------------WebActions.SLEEP for 2000 Done! [Fri Jul 07 12:02:41 SGT 2017]
INFO: ---------------WebActions.SLEEP for 2000 Done! [Fri Jul 07 12:02:41 SGT 2017]
INFO: ---------------WebActions.SLEEP for 2000 Done! [Fri Jul 07 12:02:41 SGT 2017]
INFO: ---------------WebActions.SLEEP for 2000 Done! [Fri Jul 07 12:02:41 SGT 2017]
INFO: ---------------WebActions.SLEEP for 2000 Done! [Fri Jul 07 12:02:41 SGT 2017]
INFO: ---------------WebActions.CLOSE browser Done! [Fri Jul 07 12:02:42 SGT 2017]
INFO: ---------------WebActions.CLOSE browser Done! [Fri Jul 07 12:02:42 SGT 2017]
INFO: ---------------WebActions.CLOSE browser Done! [Fri Jul 07 12:02:42 SGT 2017]
INFO: ---------------WebActions.CLOSE browser Done! [Fri Jul 07 12:02:42 SGT 2017]
INFO: ---------------WebActions.CLOSE browser Done! [Fri Jul 07 12:02:42 SGT 2017]
INFO: ---------------WebActions.CLOSE browser Done! [Fri Jul 07 12:02:42 SGT 2017]
INFO: ---------------WebActions.CLOSE browser Done! [Fri Jul 07 12:02:42 SGT 2017]
INFO: Running Test set TC0001.1.7.a Refresh user 1 [Fri Jul 07 12:02:43 SGT 2017]
INFO: ---------------WebActions.LAUNCH https://kudos.storm.tech Done! [Fri Jul 07 12:02:54 SGT 2017]
INFO: ---------------WebActions.LAUNCH https://kudos.storm.tech Done! [Fri Jul 07 12:02:54 SGT 2017]
INFO: ---------------WebActions.LAUNCH https://kudos.storm.tech Done! [Fri Jul 07 12:02:54 SGT 2017]
INFO: ---------------WebActions.LAUNCH https://kudos.storm.tech Done! [Fri Jul 07 12:02:54 SGT 2017]
INFO: ---------------WebActions.LAUNCH https://kudos.storm.tech Done! [Fri Jul 07 12:02:54 SGT 2017]
INFO: ---------------WebActions.LAUNCH https://kudos.storm.tech Done! [Fri Jul 07 12:02:54 SGT 2017]
INFO: ---------------WebActions.LAUNCH https://kudos.storm.tech Done! [Fri Jul 07 12:02:54 SGT 2017]
INFO: ---------------WebActions.LAUNCH https://kudos.storm.tech Done! [Fri Jul 07 12:02:54 SGT 2017]
INFO: ---------------WebActions.TYPE By.name: email with dummy1@automation.com Done! [Fri Jul 07 12:02:55 SGT 2017]
INFO: ---------------WebActions.TYPE By.name: email with dummy1@automation.com Done! [Fri Jul 07 12:02:55 SGT 2017]
INFO: ---------------WebActions.TYPE By.name: email with dummy1@automation.com Done! [Fri Jul 07 12:02:55 SGT 2017]
INFO: ---------------WebActions.TYPE By.name: email with dummy1@automation.com Done! [Fri Jul 07 12:02:55 SGT 2017]
INFO: ---------------WebActions.TYPE By.name: email with dummy1@automation.com Done! [Fri Jul 07 12:02:55 SGT 2017]
INFO: ---------------WebActions.TYPE By.name: email with dummy1@automation.com Done! [Fri Jul 07 12:02:55 SGT 2017]
INFO: ---------------WebActions.TYPE By.name: email with dummy1@automation.com Done! [Fri Jul 07 12:02:55 SGT 2017]
INFO: ---------------WebActions.TYPE By.name: email with dummy1@automation.com Done! [Fri Jul 07 12:02:55 SGT 2017]
INFO: ---------------WebActions.TYPE By.name: password with Storm2017 Done! [Fri Jul 07 12:02:56 SGT 2017]
INFO: ---------------WebActions.TYPE By.name: password with Storm2017 Done! [Fri Jul 07 12:02:56 SGT 2017]
INFO: ---------------WebActions.TYPE By.name: password with Storm2017 Done! [Fri Jul 07 12:02:56 SGT 2017]
INFO: ---------------WebActions.TYPE By.name: password with Storm2017 Done! [Fri Jul 07 12:02:56 SGT 2017]
INFO: ---------------WebActions.TYPE By.name: password with Storm2017 Done! [Fri Jul 07 12:02:56 SGT 2017]
INFO: ---------------WebActions.TYPE By.name: password with Storm2017 Done! [Fri Jul 07 12:02:56 SGT 2017]
INFO: ---------------WebActions.TYPE By.name: password with Storm2017 Done! [Fri Jul 07 12:02:56 SGT 2017]
INFO: ---------------WebActions.TYPE By.name: password with Storm2017 Done! [Fri Jul 07 12:02:56 SGT 2017]
INFO: ---------------WebActions.TICK id|show-password-checkbox SKIP [Fri Jul 07 12:02:57 SGT 2017]
INFO: ---------------WebActions.TICK id|show-password-checkbox SKIP [Fri Jul 07 12:02:57 SGT 2017]
INFO: ---------------WebActions.TICK id|show-password-checkbox SKIP [Fri Jul 07 12:02:57 SGT 2017]
INFO: ---------------WebActions.TICK id|show-password-checkbox SKIP [Fri Jul 07 12:02:57 SGT 2017]
INFO: ---------------WebActions.TICK id|show-password-checkbox SKIP [Fri Jul 07 12:02:57 SGT 2017]
INFO: ---------------WebActions.TICK id|show-password-checkbox SKIP [Fri Jul 07 12:02:57 SGT 2017]
INFO: ---------------WebActions.TICK id|show-password-checkbox SKIP [Fri Jul 07 12:02:57 SGT 2017]
INFO: ---------------WebActions.TICK id|show-password-checkbox SKIP [Fri Jul 07 12:02:57 SGT 2017]
INFO: ---------------WebActions.CLICK By.name: submit Done! [Fri Jul 07 12:02:57 SGT 2017]
INFO: ---------------WebActions.CLICK By.name: submit Done! [Fri Jul 07 12:02:57 SGT 2017]
INFO: ---------------WebActions.CLICK By.name: submit Done! [Fri Jul 07 12:02:57 SGT 2017]
INFO: ---------------WebActions.CLICK By.name: submit Done! [Fri Jul 07 12:02:57 SGT 2017]
INFO: ---------------WebActions.CLICK By.name: submit Done! [Fri Jul 07 12:02:57 SGT 2017]
INFO: ---------------WebActions.CLICK By.name: submit Done! [Fri Jul 07 12:02:57 SGT 2017]
INFO: ---------------WebActions.CLICK By.name: submit Done! [Fri Jul 07 12:02:57 SGT 2017]
INFO: ---------------WebActions.CLICK By.name: submit Done! [Fri Jul 07 12:02:57 SGT 2017]
