INFO: ================================================== [Thu Jul 06 15:00:00 SGT 2017]
INFO: -----START of STORM Automation Framework main.TestAF [Thu Jul 06 15:00:00 SGT 2017]
INFO: ----------START of SetFilePaths [Thu Jul 06 15:00:00 SGT 2017]
INFO: ----------END of SetFilePaths [Thu Jul 06 15:00:00 SGT 2017]
INFO: ----------START of SetStormProperties [Thu Jul 06 15:00:00 SGT 2017]
INFO: ---------------START of getPropertyResultFileName [Thu Jul 06 15:00:00 SGT 2017]
INFO: ---------------GetStormProperties.getPropertyResultFileName : resultFileName = Result_File_ [Thu Jul 06 15:00:00 SGT 2017]
INFO: ---------------END of GetStormProperties.getPropertyResultFileName [Thu Jul 06 15:00:00 SGT 2017]
INFO: ---------------START of getPropertyTestFileType [Thu Jul 06 15:00:00 SGT 2017]
INFO: ---------------GetStormProperties.getPropertyTestFileType : testFileType = .xlsx [Thu Jul 06 15:00:00 SGT 2017]
INFO: ---------------END of GetStormProperties.getPropertyTestFileType [Thu Jul 06 15:00:00 SGT 2017]
INFO: ---------------START of getPropertyObjectDBName [Thu Jul 06 15:00:00 SGT 2017]
INFO: ---------------GetStormProperties.getPropertyObjectDBName : objectDBName = ObjectDB.STORM.KUDOS.xlsx [Thu Jul 06 15:00:00 SGT 2017]
INFO: ---------------START of getPropertyExeutionType [Thu Jul 06 15:00:00 SGT 2017]
INFO: ---------------GetStormProperties.getPropertyExeutionType : executionType = dataset [Thu Jul 06 15:00:00 SGT 2017]
INFO: ---------------START of getDefaultURL [Thu Jul 06 15:00:00 SGT 2017]
INFO: ---------------GetStormProperties.getDefaultURL : defaultURL = https://kudos-stg.storm.tech [Thu Jul 06 15:00:00 SGT 2017]
INFO: ----------END of SetStormProperties [Thu Jul 06 15:00:00 SGT 2017]
INFO: ----------START of FindFiles.getFileName [Thu Jul 06 15:00:00 SGT 2017]
INFO: ----------START of FindFiles.getFileName [Thu Jul 06 15:00:00 SGT 2017]
INFO: ----------START of FindFiles.getFileName [Thu Jul 06 15:00:00 SGT 2017]
INFO: ----------END of FindFiles.getFileName [Thu Jul 06 15:00:00 SGT 2017]
INFO: ----------END of FindFiles.getFileName [Thu Jul 06 15:00:00 SGT 2017]
INFO: ----------END of FindFiles.getFileName [Thu Jul 06 15:00:00 SGT 2017]
INFO: ----------END of FindFiles.getFileName [Thu Jul 06 15:00:00 SGT 2017]
INFO: ----------START of FindFiles.getFileName [Thu Jul 06 15:00:00 SGT 2017]
INFO: ----------START of FindFiles.getFileName [Thu Jul 06 15:00:00 SGT 2017]
INFO: ----------START of FindFiles.getFileName [Thu Jul 06 15:00:00 SGT 2017]
INFO: ----------END of FindFiles.getFileName [Thu Jul 06 15:00:00 SGT 2017]
INFO: ----------END of FindFiles.getFileName [Thu Jul 06 15:00:00 SGT 2017]
INFO: ----------END of FindFiles.getFileName [Thu Jul 06 15:00:00 SGT 2017]
INFO: ----------END of FindFiles.getFileName [Thu Jul 06 15:00:00 SGT 2017]
INFO: ----------END of FindFiles.getFileName [Thu Jul 06 15:00:00 SGT 2017]
INFO: ----------END of FindFiles.getFileName [Thu Jul 06 15:00:00 SGT 2017]
INFO: ----------START of FindFiles.getFileName [Thu Jul 06 15:00:00 SGT 2017]
INFO: ----------START of FindFiles.getFileName [Thu Jul 06 15:00:00 SGT 2017]
INFO: ----------START of FindFiles.getFileName [Thu Jul 06 15:00:00 SGT 2017]
INFO: ----------START of FindFiles.getFileName [Thu Jul 06 15:00:00 SGT 2017]
INFO: ----------END of FindFiles.getFileName [Thu Jul 06 15:00:00 SGT 2017]
INFO: ----------END of FindFiles.getFileName [Thu Jul 06 15:00:00 SGT 2017]
INFO: ----------END of FindFiles.getFileName [Thu Jul 06 15:00:00 SGT 2017]
INFO: ----------END of FindFiles.getFileName [Thu Jul 06 15:00:00 SGT 2017]
INFO: ----------END of FindFiles.getFileName [Thu Jul 06 15:00:00 SGT 2017]
INFO: ----------END of FindFiles.getFileName [Thu Jul 06 15:00:00 SGT 2017]
INFO: ----------END of FindFiles.getFileName [Thu Jul 06 15:00:00 SGT 2017]
INFO: ----------END of FindFiles.getFileName [Thu Jul 06 15:00:00 SGT 2017]
INFO: ----------END of FindFiles.getFileName [Thu Jul 06 15:00:00 SGT 2017]
INFO: ----------END of FindFiles.getFileName [Thu Jul 06 15:00:00 SGT 2017]
INFO: ----------END of FindFiles.getFileName [Thu Jul 06 15:00:00 SGT 2017]
INFO: ----------END of FindFiles.getFileName [Thu Jul 06 15:00:00 SGT 2017]
INFO: ----------END of FindFiles.getFileName [Thu Jul 06 15:00:00 SGT 2017]
INFO: ----------END of FindFiles.getFileName [Thu Jul 06 15:00:00 SGT 2017]
INFO: ----------END of FindFiles.getFileName [Thu Jul 06 15:00:00 SGT 2017]
INFO: ----------END of FindFiles.getFileName [Thu Jul 06 15:00:00 SGT 2017]
INFO: ----------START execution for TC0011.3 More info links.xlsx [Thu Jul 06 15:00:01 SGT 2017]
INFO: Running Test set TC0011.3.2 Privacy policy [Thu Jul 06 15:00:02 SGT 2017]
INFO: ---------------WebActions.LAUNCH https://kudos-stg.storm.tech Done! [Thu Jul 06 15:00:16 SGT 2017]
INFO: ---------------WebActions.TYPE By.name: email with jonathan@automation.com Done! [Thu Jul 06 15:00:16 SGT 2017]
INFO: ---------------WebActions.TYPE By.name: password with Storm2017 Done! [Thu Jul 06 15:00:16 SGT 2017]
INFO: ---------------WebActions.CLICK By.name: submit Done! [Thu Jul 06 15:00:17 SGT 2017]
INFO: ---------------WebActions.SLEEP for 3000 Done! [Thu Jul 06 15:00:20 SGT 2017]
INFO: ---------------WebActions.explicitWait By.cssSelector: #targetReports > div > div > div.modal-header > button Done! [Thu Jul 06 15:00:44 SGT 2017]
INFO: ---------------WebActions.CLICK By.cssSelector: #targetReports > div > div > div.modal-header > button Done! [Thu Jul 06 15:00:44 SGT 2017]
INFO: ---------------WebActions.SLEEP for 1000 Done! [Thu Jul 06 15:00:45 SGT 2017]
INFO: ---------------WebActions.Hover By.linkText: Privacy Policy Done! [Thu Jul 06 15:00:46 SGT 2017]
INFO: ---------------WebActions.CLICK By.linkText: Privacy Policy Done! [Thu Jul 06 15:00:50 SGT 2017]
INFO: ---------------WebActions.explicitWait By.xpath: /html/body/div[3]/div[4]/div Done! [Thu Jul 06 15:00:50 SGT 2017]
INFO: ---------------WebActions.SLEEP for 1000 Done! [Thu Jul 06 15:00:52 SGT 2017]
SEVERE: ----------ExecuteAction ERROR : xCLICK does not match any action [Thu Jul 06 15:00:52 SGT 2017]
SEVERE: ----------ExecuteAction ERROR : xCLICK does not match any action [Thu Jul 06 15:00:52 SGT 2017]
SEVERE: ----------ExecuteAction ERROR : xCLICK does not match any action [Thu Jul 06 15:00:52 SGT 2017]
SEVERE: ----------ExecuteAction ERROR : xCLICK does not match any action [Thu Jul 06 15:00:52 SGT 2017]
SEVERE: ----------ExecuteAction ERROR : xCLICK does not match any action [Thu Jul 06 15:00:52 SGT 2017]
SEVERE: ----------ExecuteAction ERROR : xCLICK does not match any action [Thu Jul 06 15:00:52 SGT 2017]
SEVERE: ----------ExecuteAction ERROR : xCLICK does not match any action [Thu Jul 06 15:00:52 SGT 2017]
SEVERE: ----------ExecuteAction ERROR : xCLICK does not match any action [Thu Jul 06 15:00:52 SGT 2017]
SEVERE: ----------ExecuteAction ERROR : xCLICK does not match any action [Thu Jul 06 15:00:52 SGT 2017]
SEVERE: ----------ExecuteAction ERROR : xCLICK does not match any action [Thu Jul 06 15:00:52 SGT 2017]
SEVERE: ----------ExecuteAction ERROR : xCLICK does not match any action [Thu Jul 06 15:00:52 SGT 2017]
SEVERE: ----------ExecuteAction ERROR : xCLICK does not match any action [Thu Jul 06 15:00:52 SGT 2017]
SEVERE: ----------ExecuteAction ERROR : xCLICK does not match any action [Thu Jul 06 15:00:52 SGT 2017]
SEVERE: ----------ExecuteAction ERROR : xCLICK does not match any action [Thu Jul 06 15:00:52 SGT 2017]
SEVERE: ----------ExecuteAction ERROR : xCLICK does not match any action [Thu Jul 06 15:00:52 SGT 2017]
SEVERE: ----------ExecuteAction ERROR : xCLICK does not match any action [Thu Jul 06 15:00:52 SGT 2017]
SEVERE: ----------ExecuteAction ERROR : xCLICK does not match any action [Thu Jul 06 15:00:52 SGT 2017]
SEVERE: ----------ExecuteAction ERROR : xCLICK does not match any action [Thu Jul 06 15:00:52 SGT 2017]
SEVERE: ----------ExecuteAction ERROR : xCLICK does not match any action [Thu Jul 06 15:00:52 SGT 2017]
SEVERE: ----------ExecuteAction ERROR : xCLICK does not match any action [Thu Jul 06 15:00:52 SGT 2017]
SEVERE: ----------ExecuteAction ERROR : xCLICK does not match any action [Thu Jul 06 15:00:52 SGT 2017]
SEVERE: ----------ExecuteAction ERROR : xCLICK does not match any action [Thu Jul 06 15:00:52 SGT 2017]
SEVERE: ----------ExecuteAction ERROR : xCLICK does not match any action [Thu Jul 06 15:00:52 SGT 2017]
SEVERE: ----------ExecuteAction ERROR : xCLICK does not match any action [Thu Jul 06 15:00:52 SGT 2017]
SEVERE: ----------ExecuteAction ERROR : xCLICK does not match any action [Thu Jul 06 15:00:52 SGT 2017]
SEVERE: ----------ExecuteAction ERROR : xCLICK does not match any action [Thu Jul 06 15:00:52 SGT 2017]
SEVERE: ----------ExecuteAction ERROR : xCLICK does not match any action [Thu Jul 06 15:00:52 SGT 2017]
SEVERE: ----------ExecuteAction ERROR : xCLICK does not match any action [Thu Jul 06 15:00:52 SGT 2017]
SEVERE: ----------ExecuteAction ERROR : xCLICK does not match any action [Thu Jul 06 15:00:52 SGT 2017]
SEVERE: ----------ExecuteAction ERROR : xCLICK does not match any action [Thu Jul 06 15:00:52 SGT 2017]
SEVERE: ----------ExecuteAction ERROR : xCLICK does not match any action [Thu Jul 06 15:00:52 SGT 2017]
SEVERE: ----------ExecuteAction ERROR : xCLOSE does not match any action [Thu Jul 06 15:00:52 SGT 2017]
SEVERE: ----------ExecuteAction ERROR : xCLOSE does not match any action [Thu Jul 06 15:00:52 SGT 2017]
SEVERE: ----------ExecuteAction ERROR : xCLOSE does not match any action [Thu Jul 06 15:00:52 SGT 2017]
SEVERE: ----------ExecuteAction ERROR : xCLOSE does not match any action [Thu Jul 06 15:00:52 SGT 2017]
SEVERE: ----------ExecuteAction ERROR : xCLOSE does not match any action [Thu Jul 06 15:00:52 SGT 2017]
SEVERE: ----------ExecuteAction ERROR : xCLOSE does not match any action [Thu Jul 06 15:00:52 SGT 2017]
SEVERE: ----------ExecuteAction ERROR : xCLOSE does not match any action [Thu Jul 06 15:00:52 SGT 2017]
SEVERE: ----------ExecuteAction ERROR : xCLOSE does not match any action [Thu Jul 06 15:00:52 SGT 2017]
SEVERE: ----------ExecuteAction ERROR : xCLOSE does not match any action [Thu Jul 06 15:00:52 SGT 2017]
SEVERE: ----------ExecuteAction ERROR : xCLOSE does not match any action [Thu Jul 06 15:00:52 SGT 2017]
SEVERE: ----------ExecuteAction ERROR : xCLOSE does not match any action [Thu Jul 06 15:00:52 SGT 2017]
SEVERE: ----------ExecuteAction ERROR : xCLOSE does not match any action [Thu Jul 06 15:00:52 SGT 2017]
SEVERE: ----------ExecuteAction ERROR : xCLOSE does not match any action [Thu Jul 06 15:00:52 SGT 2017]
SEVERE: ----------ExecuteAction ERROR : xCLOSE does not match any action [Thu Jul 06 15:00:52 SGT 2017]
SEVERE: ----------ExecuteAction ERROR : xCLOSE does not match any action [Thu Jul 06 15:00:52 SGT 2017]
SEVERE: ----------ExecuteAction ERROR : xCLOSE does not match any action [Thu Jul 06 15:00:52 SGT 2017]
SEVERE: ----------ExecuteAction ERROR : xCLOSE does not match any action [Thu Jul 06 15:00:52 SGT 2017]
INFO: -----END execution for TC0011.3 More info links.xlsx [Thu Jul 06 15:00:52 SGT 2017]
INFO: -----END of STORM Automation Framework main.TestAF [Thu Jul 06 15:00:52 SGT 2017]
INFO: ================================================== [Thu Jul 06 15:00:52 SGT 2017]
