INFO: ================================================== [Sat Jul 08 13:07:25 SGT 2017]
INFO: -----START of STORM Automation Framework main.TestAF [Sat Jul 08 13:07:26 SGT 2017]
INFO: ----------START of SetFilePaths [Sat Jul 08 13:07:26 SGT 2017]
INFO: ----------END of SetFilePaths [Sat Jul 08 13:07:26 SGT 2017]
INFO: ----------START of SetStormProperties [Sat Jul 08 13:07:26 SGT 2017]
INFO: ---------------START of getPropertyResultFileName [Sat Jul 08 13:07:26 SGT 2017]
INFO: ---------------GetStormProperties.getPropertyResultFileName : resultFileName = Result_File_ [Sat Jul 08 13:07:26 SGT 2017]
INFO: ---------------END of GetStormProperties.getPropertyResultFileName [Sat Jul 08 13:07:26 SGT 2017]
INFO: ---------------START of getPropertyTestFileType [Sat Jul 08 13:07:26 SGT 2017]
INFO: ---------------GetStormProperties.getPropertyTestFileType : testFileType = .xlsx [Sat Jul 08 13:07:26 SGT 2017]
INFO: ---------------END of GetStormProperties.getPropertyTestFileType [Sat Jul 08 13:07:26 SGT 2017]
INFO: ---------------START of getPropertyObjectDBName [Sat Jul 08 13:07:26 SGT 2017]
INFO: ---------------GetStormProperties.getPropertyObjectDBName : objectDBName = ObjectDB.STORM.KUDOS.xlsx [Sat Jul 08 13:07:26 SGT 2017]
INFO: ---------------START of getPropertyExeutionType [Sat Jul 08 13:07:26 SGT 2017]
INFO: ---------------GetStormProperties.getPropertyExeutionType : executionType = dataset [Sat Jul 08 13:07:26 SGT 2017]
INFO: ---------------START of getDefaultURL [Sat Jul 08 13:07:26 SGT 2017]
INFO: ---------------GetStormProperties.getDefaultURL : defaultURL = https://kudos.storm.tech [Sat Jul 08 13:07:26 SGT 2017]
INFO: ----------END of SetStormProperties [Sat Jul 08 13:07:26 SGT 2017]
INFO: ----------START of FindFiles.getFileName [Sat Jul 08 13:07:26 SGT 2017]
INFO: ----------START of FindFiles.getFileName [Sat Jul 08 13:07:26 SGT 2017]
INFO: ----------START of FindFiles.getFileName [Sat Jul 08 13:07:26 SGT 2017]
INFO: ----------END of FindFiles.getFileName [Sat Jul 08 13:07:26 SGT 2017]
INFO: ----------END of FindFiles.getFileName [Sat Jul 08 13:07:26 SGT 2017]
INFO: ----------END of FindFiles.getFileName [Sat Jul 08 13:07:26 SGT 2017]
INFO: ----------END of FindFiles.getFileName [Sat Jul 08 13:07:26 SGT 2017]
INFO: ----------START of FindFiles.getFileName [Sat Jul 08 13:07:26 SGT 2017]
INFO: ----------START of FindFiles.getFileName [Sat Jul 08 13:07:26 SGT 2017]
INFO: ----------START of FindFiles.getFileName [Sat Jul 08 13:07:26 SGT 2017]
INFO: ----------END of FindFiles.getFileName [Sat Jul 08 13:07:26 SGT 2017]
INFO: ----------END of FindFiles.getFileName [Sat Jul 08 13:07:26 SGT 2017]
INFO: ----------END of FindFiles.getFileName [Sat Jul 08 13:07:26 SGT 2017]
INFO: ----------END of FindFiles.getFileName [Sat Jul 08 13:07:26 SGT 2017]
INFO: ----------END of FindFiles.getFileName [Sat Jul 08 13:07:26 SGT 2017]
INFO: ----------END of FindFiles.getFileName [Sat Jul 08 13:07:26 SGT 2017]
INFO: ----------START of FindFiles.getFileName [Sat Jul 08 13:07:26 SGT 2017]
INFO: ----------START of FindFiles.getFileName [Sat Jul 08 13:07:26 SGT 2017]
INFO: ----------START of FindFiles.getFileName [Sat Jul 08 13:07:26 SGT 2017]
INFO: ----------START of FindFiles.getFileName [Sat Jul 08 13:07:26 SGT 2017]
INFO: ----------END of FindFiles.getFileName [Sat Jul 08 13:07:26 SGT 2017]
INFO: ----------END of FindFiles.getFileName [Sat Jul 08 13:07:26 SGT 2017]
INFO: ----------END of FindFiles.getFileName [Sat Jul 08 13:07:26 SGT 2017]
INFO: ----------END of FindFiles.getFileName [Sat Jul 08 13:07:26 SGT 2017]
INFO: ----------END of FindFiles.getFileName [Sat Jul 08 13:07:26 SGT 2017]
INFO: ----------END of FindFiles.getFileName [Sat Jul 08 13:07:26 SGT 2017]
INFO: ----------END of FindFiles.getFileName [Sat Jul 08 13:07:26 SGT 2017]
INFO: ----------END of FindFiles.getFileName [Sat Jul 08 13:07:26 SGT 2017]
INFO: ----------END of FindFiles.getFileName [Sat Jul 08 13:07:26 SGT 2017]
INFO: ----------END of FindFiles.getFileName [Sat Jul 08 13:07:26 SGT 2017]
INFO: ----------END of FindFiles.getFileName [Sat Jul 08 13:07:26 SGT 2017]
INFO: ----------END of FindFiles.getFileName [Sat Jul 08 13:07:26 SGT 2017]
INFO: ----------END of FindFiles.getFileName [Sat Jul 08 13:07:26 SGT 2017]
INFO: ----------END of FindFiles.getFileName [Sat Jul 08 13:07:26 SGT 2017]
INFO: ----------END of FindFiles.getFileName [Sat Jul 08 13:07:26 SGT 2017]
INFO: ----------END of FindFiles.getFileName [Sat Jul 08 13:07:26 SGT 2017]
INFO: ----------START execution for TC0001.1 Login Client.xlsx [Sat Jul 08 13:07:26 SGT 2017]
INFO: Running Test set TC0001.1.1 Correct Email, Correct Password [Sat Jul 08 13:07:27 SGT 2017]
INFO: ---------------WebActions.LAUNCH https://kudos.storm.tech Done! [Sat Jul 08 13:07:36 SGT 2017]
