INFO: ================================================== [Fri Jul 07 09:55:42 SGT 2017]
INFO: -----START of STORM Automation Framework main.TestAF [Fri Jul 07 09:55:42 SGT 2017]
INFO: ----------START of SetFilePaths [Fri Jul 07 09:55:42 SGT 2017]
INFO: ----------END of SetFilePaths [Fri Jul 07 09:55:42 SGT 2017]
INFO: ----------START of SetStormProperties [Fri Jul 07 09:55:42 SGT 2017]
INFO: ---------------START of getPropertyResultFileName [Fri Jul 07 09:55:42 SGT 2017]
INFO: ---------------GetStormProperties.getPropertyResultFileName : resultFileName = Result_File_ [Fri Jul 07 09:55:42 SGT 2017]
INFO: ---------------END of GetStormProperties.getPropertyResultFileName [Fri Jul 07 09:55:42 SGT 2017]
INFO: ---------------START of getPropertyTestFileType [Fri Jul 07 09:55:42 SGT 2017]
INFO: ---------------GetStormProperties.getPropertyTestFileType : testFileType = .xlsx [Fri Jul 07 09:55:42 SGT 2017]
INFO: ---------------END of GetStormProperties.getPropertyTestFileType [Fri Jul 07 09:55:42 SGT 2017]
INFO: ---------------START of getPropertyObjectDBName [Fri Jul 07 09:55:42 SGT 2017]
INFO: ---------------GetStormProperties.getPropertyObjectDBName : objectDBName = ObjectDB.STORM.KUDOS.xlsx [Fri Jul 07 09:55:42 SGT 2017]
INFO: ---------------START of getPropertyExeutionType [Fri Jul 07 09:55:42 SGT 2017]
INFO: ---------------GetStormProperties.getPropertyExeutionType : executionType = dataset [Fri Jul 07 09:55:42 SGT 2017]
INFO: ---------------START of getDefaultURL [Fri Jul 07 09:55:42 SGT 2017]
INFO: ---------------GetStormProperties.getDefaultURL : defaultURL = https://kudos.storm.tech [Fri Jul 07 09:55:42 SGT 2017]
INFO: ----------END of SetStormProperties [Fri Jul 07 09:55:42 SGT 2017]
INFO: ----------START of FindFiles.getFileName [Fri Jul 07 09:55:42 SGT 2017]
INFO: ----------START of FindFiles.getFileName [Fri Jul 07 09:55:42 SGT 2017]
INFO: ----------START of FindFiles.getFileName [Fri Jul 07 09:55:42 SGT 2017]
INFO: ----------END of FindFiles.getFileName [Fri Jul 07 09:55:42 SGT 2017]
INFO: ----------END of FindFiles.getFileName [Fri Jul 07 09:55:42 SGT 2017]
INFO: ----------END of FindFiles.getFileName [Fri Jul 07 09:55:42 SGT 2017]
INFO: ----------END of FindFiles.getFileName [Fri Jul 07 09:55:42 SGT 2017]
INFO: ----------START of FindFiles.getFileName [Fri Jul 07 09:55:42 SGT 2017]
INFO: ----------START of FindFiles.getFileName [Fri Jul 07 09:55:42 SGT 2017]
INFO: ----------START of FindFiles.getFileName [Fri Jul 07 09:55:42 SGT 2017]
INFO: ----------END of FindFiles.getFileName [Fri Jul 07 09:55:42 SGT 2017]
INFO: ----------END of FindFiles.getFileName [Fri Jul 07 09:55:42 SGT 2017]
INFO: ----------END of FindFiles.getFileName [Fri Jul 07 09:55:42 SGT 2017]
INFO: ----------END of FindFiles.getFileName [Fri Jul 07 09:55:42 SGT 2017]
INFO: ----------END of FindFiles.getFileName [Fri Jul 07 09:55:42 SGT 2017]
INFO: ----------END of FindFiles.getFileName [Fri Jul 07 09:55:42 SGT 2017]
INFO: ----------START of FindFiles.getFileName [Fri Jul 07 09:55:42 SGT 2017]
INFO: ----------START of FindFiles.getFileName [Fri Jul 07 09:55:42 SGT 2017]
INFO: ----------START of FindFiles.getFileName [Fri Jul 07 09:55:42 SGT 2017]
INFO: ----------START of FindFiles.getFileName [Fri Jul 07 09:55:42 SGT 2017]
INFO: ----------END of FindFiles.getFileName [Fri Jul 07 09:55:42 SGT 2017]
INFO: ----------END of FindFiles.getFileName [Fri Jul 07 09:55:42 SGT 2017]
INFO: ----------END of FindFiles.getFileName [Fri Jul 07 09:55:42 SGT 2017]
INFO: ----------END of FindFiles.getFileName [Fri Jul 07 09:55:42 SGT 2017]
INFO: ----------END of FindFiles.getFileName [Fri Jul 07 09:55:42 SGT 2017]
INFO: ----------END of FindFiles.getFileName [Fri Jul 07 09:55:42 SGT 2017]
INFO: ----------END of FindFiles.getFileName [Fri Jul 07 09:55:42 SGT 2017]
INFO: ----------END of FindFiles.getFileName [Fri Jul 07 09:55:42 SGT 2017]
INFO: ----------END of FindFiles.getFileName [Fri Jul 07 09:55:42 SGT 2017]
INFO: ----------END of FindFiles.getFileName [Fri Jul 07 09:55:42 SGT 2017]
INFO: ----------END of FindFiles.getFileName [Fri Jul 07 09:55:42 SGT 2017]
INFO: ----------END of FindFiles.getFileName [Fri Jul 07 09:55:42 SGT 2017]
INFO: ----------END of FindFiles.getFileName [Fri Jul 07 09:55:42 SGT 2017]
INFO: ----------END of FindFiles.getFileName [Fri Jul 07 09:55:42 SGT 2017]
INFO: ----------END of FindFiles.getFileName [Fri Jul 07 09:55:42 SGT 2017]
INFO: ----------END of FindFiles.getFileName [Fri Jul 07 09:55:42 SGT 2017]
INFO: ----------START execution for TC0001.3 Logout.xlsx [Fri Jul 07 09:55:44 SGT 2017]
INFO: Running Test set TC0001.3.1 Logout [Fri Jul 07 09:55:44 SGT 2017]
INFO: ---------------WebActions.LAUNCH https://kudos.storm.tech Done! [Fri Jul 07 09:55:54 SGT 2017]
INFO: ---------------WebActions.TYPE By.name: email with jonathan@automation.com Done! [Fri Jul 07 09:55:54 SGT 2017]
INFO: ---------------WebActions.TYPE By.name: password with  Done! [Fri Jul 07 09:55:55 SGT 2017]
INFO: ---------------WebActions.TICK id|show-password-checkbox SKIP [Fri Jul 07 09:55:55 SGT 2017]
INFO: ---------------WebActions.CLICK By.name: submit Done! [Fri Jul 07 09:55:55 SGT 2017]
INFO: ---------------WebActions.SLEEP for 3000 Done! [Fri Jul 07 09:55:58 SGT 2017]
SEVERE: ---------------WebActions.explicitWait Failed... Exception errororg.openqa.selenium.TimeoutException: Expected condition failed: waiting for visibility of element located by By.cssSelector: #targetReports > div > div > div.modal-header > button (tried for 10 second(s) with 500 MILLISECONDS interval) [Fri Jul 07 09:56:08 SGT 2017]
SEVERE: ---------------WebActions.CLICK By.cssSelector: #targetReports > div > div > div.modal-header > button Failed. Object does not exist in the application [Fri Jul 07 09:56:08 SGT 2017]
INFO: ---------------WebActions.SLEEP for 2000 Done! [Fri Jul 07 09:56:11 SGT 2017]
SEVERE: ---------------WebActions.CLICK By.xpath: //*[@id="header"]/div/div[1]/div/div/div[2]/div/ul/li[7]/a Failed. Object does not exist in the application [Fri Jul 07 09:56:11 SGT 2017]
SEVERE: ---------------WebActions.CLICK By.id: logout-btn Failed. Object does not exist in the application [Fri Jul 07 09:56:11 SGT 2017]
INFO: ---------------WebActions.explicitWait By.name: submit Done! [Fri Jul 07 09:56:11 SGT 2017]
INFO: ---------------WebActions.ObjectExists By.name: submit Done! [Fri Jul 07 09:56:11 SGT 2017]
INFO: ---------------WebActions.CLOSE browser Done! [Fri Jul 07 09:56:12 SGT 2017]
INFO: -----END execution for TC0001.3 Logout.xlsx [Fri Jul 07 09:56:13 SGT 2017]
INFO: -----END of STORM Automation Framework main.TestAF [Fri Jul 07 09:56:13 SGT 2017]
INFO: -----Total elapsed time : 30 [Fri Jul 07 09:56:13 SGT 2017]
INFO: ================================================== [Fri Jul 07 09:56:13 SGT 2017]
