INFO: ================================================== [Thu Jul 06 15:07:13 SGT 2017]
INFO: -----START of STORM Automation Framework main.TestAF [Thu Jul 06 15:07:13 SGT 2017]
INFO: ----------START of SetFilePaths [Thu Jul 06 15:07:13 SGT 2017]
INFO: ----------END of SetFilePaths [Thu Jul 06 15:07:13 SGT 2017]
INFO: ----------START of SetStormProperties [Thu Jul 06 15:07:13 SGT 2017]
INFO: ---------------START of getPropertyResultFileName [Thu Jul 06 15:07:13 SGT 2017]
INFO: ---------------GetStormProperties.getPropertyResultFileName : resultFileName = Result_File_ [Thu Jul 06 15:07:13 SGT 2017]
INFO: ---------------END of GetStormProperties.getPropertyResultFileName [Thu Jul 06 15:07:13 SGT 2017]
INFO: ---------------START of getPropertyTestFileType [Thu Jul 06 15:07:13 SGT 2017]
INFO: ---------------GetStormProperties.getPropertyTestFileType : testFileType = .xlsx [Thu Jul 06 15:07:13 SGT 2017]
INFO: ---------------END of GetStormProperties.getPropertyTestFileType [Thu Jul 06 15:07:13 SGT 2017]
INFO: ---------------START of getPropertyObjectDBName [Thu Jul 06 15:07:13 SGT 2017]
INFO: ---------------GetStormProperties.getPropertyObjectDBName : objectDBName = ObjectDB.STORM.KUDOS.xlsx [Thu Jul 06 15:07:13 SGT 2017]
INFO: ---------------START of getPropertyExeutionType [Thu Jul 06 15:07:13 SGT 2017]
INFO: ---------------GetStormProperties.getPropertyExeutionType : executionType = dataset [Thu Jul 06 15:07:13 SGT 2017]
INFO: ---------------START of getDefaultURL [Thu Jul 06 15:07:13 SGT 2017]
INFO: ---------------GetStormProperties.getDefaultURL : defaultURL = https://kudos-stg.storm.tech [Thu Jul 06 15:07:13 SGT 2017]
INFO: ----------END of SetStormProperties [Thu Jul 06 15:07:13 SGT 2017]
INFO: ----------START of FindFiles.getFileName [Thu Jul 06 15:07:13 SGT 2017]
INFO: ----------START of FindFiles.getFileName [Thu Jul 06 15:07:13 SGT 2017]
INFO: ----------START of FindFiles.getFileName [Thu Jul 06 15:07:13 SGT 2017]
INFO: ----------END of FindFiles.getFileName [Thu Jul 06 15:07:13 SGT 2017]
INFO: ----------END of FindFiles.getFileName [Thu Jul 06 15:07:13 SGT 2017]
INFO: ----------END of FindFiles.getFileName [Thu Jul 06 15:07:13 SGT 2017]
INFO: ----------END of FindFiles.getFileName [Thu Jul 06 15:07:13 SGT 2017]
INFO: ----------START of FindFiles.getFileName [Thu Jul 06 15:07:13 SGT 2017]
INFO: ----------START of FindFiles.getFileName [Thu Jul 06 15:07:13 SGT 2017]
INFO: ----------START of FindFiles.getFileName [Thu Jul 06 15:07:13 SGT 2017]
INFO: ----------END of FindFiles.getFileName [Thu Jul 06 15:07:13 SGT 2017]
INFO: ----------END of FindFiles.getFileName [Thu Jul 06 15:07:13 SGT 2017]
INFO: ----------END of FindFiles.getFileName [Thu Jul 06 15:07:13 SGT 2017]
INFO: ----------END of FindFiles.getFileName [Thu Jul 06 15:07:13 SGT 2017]
INFO: ----------END of FindFiles.getFileName [Thu Jul 06 15:07:13 SGT 2017]
INFO: ----------END of FindFiles.getFileName [Thu Jul 06 15:07:13 SGT 2017]
INFO: ----------START of FindFiles.getFileName [Thu Jul 06 15:07:13 SGT 2017]
INFO: ----------START of FindFiles.getFileName [Thu Jul 06 15:07:13 SGT 2017]
INFO: ----------START of FindFiles.getFileName [Thu Jul 06 15:07:13 SGT 2017]
INFO: ----------START of FindFiles.getFileName [Thu Jul 06 15:07:13 SGT 2017]
INFO: ----------END of FindFiles.getFileName [Thu Jul 06 15:07:13 SGT 2017]
INFO: ----------END of FindFiles.getFileName [Thu Jul 06 15:07:13 SGT 2017]
INFO: ----------END of FindFiles.getFileName [Thu Jul 06 15:07:13 SGT 2017]
INFO: ----------END of FindFiles.getFileName [Thu Jul 06 15:07:13 SGT 2017]
INFO: ----------END of FindFiles.getFileName [Thu Jul 06 15:07:13 SGT 2017]
INFO: ----------END of FindFiles.getFileName [Thu Jul 06 15:07:13 SGT 2017]
INFO: ----------END of FindFiles.getFileName [Thu Jul 06 15:07:13 SGT 2017]
INFO: ----------END of FindFiles.getFileName [Thu Jul 06 15:07:13 SGT 2017]
INFO: ----------END of FindFiles.getFileName [Thu Jul 06 15:07:13 SGT 2017]
INFO: ----------END of FindFiles.getFileName [Thu Jul 06 15:07:13 SGT 2017]
INFO: ----------END of FindFiles.getFileName [Thu Jul 06 15:07:13 SGT 2017]
INFO: ----------END of FindFiles.getFileName [Thu Jul 06 15:07:13 SGT 2017]
INFO: ----------END of FindFiles.getFileName [Thu Jul 06 15:07:13 SGT 2017]
INFO: ----------END of FindFiles.getFileName [Thu Jul 06 15:07:13 SGT 2017]
INFO: ----------END of FindFiles.getFileName [Thu Jul 06 15:07:13 SGT 2017]
INFO: ----------END of FindFiles.getFileName [Thu Jul 06 15:07:13 SGT 2017]
INFO: ----------START execution for TC0011.3 More info links.xlsx [Thu Jul 06 15:07:14 SGT 2017]
INFO: Running Test set TC0011.3.1 Terms and conditions [Thu Jul 06 15:07:14 SGT 2017]
INFO: ---------------WebActions.LAUNCH https://kudos-stg.storm.tech Done! [Thu Jul 06 15:07:29 SGT 2017]
INFO: ---------------WebActions.TYPE By.name: email with jonathan@automation.com Done! [Thu Jul 06 15:07:29 SGT 2017]
INFO: ---------------WebActions.TYPE By.name: password with Storm2017 Done! [Thu Jul 06 15:07:29 SGT 2017]
INFO: ---------------WebActions.CLICK By.name: submit Done! [Thu Jul 06 15:07:30 SGT 2017]
INFO: ---------------WebActions.SLEEP for 3000 Done! [Thu Jul 06 15:07:33 SGT 2017]
INFO: ---------------WebActions.explicitWait By.cssSelector: #targetReports > div > div > div.modal-header > button Done! [Thu Jul 06 15:08:05 SGT 2017]
INFO: ---------------WebActions.CLICK By.cssSelector: #targetReports > div > div > div.modal-header > button Done! [Thu Jul 06 15:08:05 SGT 2017]
INFO: ---------------WebActions.SLEEP for 1000 Done! [Thu Jul 06 15:08:06 SGT 2017]
INFO: ---------------WebActions.Hover By.linkText: Terms and Conditions Done! [Thu Jul 06 15:08:07 SGT 2017]
INFO: ---------------WebActions.CLICK By.linkText: Terms and Conditions Done! [Thu Jul 06 15:08:10 SGT 2017]
INFO: ---------------WebActions.explicitWait By.xpath: /html/body/div[3]/div[4]/div Done! [Thu Jul 06 15:08:10 SGT 2017]
INFO: ---------------WebActions.SLEEP for 1000 Done! [Thu Jul 06 15:08:11 SGT 2017]
INFO: ---------------WebActions.CLICK By.xpath: //*[@id="header"]/div/div[1]/div/div/div[2]/div/ul/li[7]/a Done! [Thu Jul 06 15:08:11 SGT 2017]
INFO: ---------------WebActions.CLICK By.id: logout-btn Done! [Thu Jul 06 15:08:13 SGT 2017]
INFO: ---------------WebActions.CLOSE browser Done! [Thu Jul 06 15:08:14 SGT 2017]
INFO: Running Test set TC0011.3.2 Privacy policy [Thu Jul 06 15:08:14 SGT 2017]
INFO: ---------------WebActions.LAUNCH https://kudos-stg.storm.tech Done! [Thu Jul 06 15:08:27 SGT 2017]
INFO: ---------------WebActions.LAUNCH https://kudos-stg.storm.tech Done! [Thu Jul 06 15:08:27 SGT 2017]
INFO: ---------------WebActions.TYPE By.name: email with jonathan@automation.com Done! [Thu Jul 06 15:08:27 SGT 2017]
INFO: ---------------WebActions.TYPE By.name: email with jonathan@automation.com Done! [Thu Jul 06 15:08:27 SGT 2017]
INFO: ---------------WebActions.TYPE By.name: password with Storm2017 Done! [Thu Jul 06 15:08:27 SGT 2017]
INFO: ---------------WebActions.TYPE By.name: password with Storm2017 Done! [Thu Jul 06 15:08:27 SGT 2017]
INFO: ---------------WebActions.CLICK By.name: submit Done! [Thu Jul 06 15:08:28 SGT 2017]
INFO: ---------------WebActions.CLICK By.name: submit Done! [Thu Jul 06 15:08:28 SGT 2017]
INFO: ---------------WebActions.SLEEP for 3000 Done! [Thu Jul 06 15:08:31 SGT 2017]
INFO: ---------------WebActions.SLEEP for 3000 Done! [Thu Jul 06 15:08:31 SGT 2017]
INFO: ---------------WebActions.explicitWait By.cssSelector: #targetReports > div > div > div.modal-header > button Done! [Thu Jul 06 15:08:49 SGT 2017]
INFO: ---------------WebActions.explicitWait By.cssSelector: #targetReports > div > div > div.modal-header > button Done! [Thu Jul 06 15:08:49 SGT 2017]
INFO: ---------------WebActions.CLICK By.cssSelector: #targetReports > div > div > div.modal-header > button Done! [Thu Jul 06 15:08:49 SGT 2017]
INFO: ---------------WebActions.CLICK By.cssSelector: #targetReports > div > div > div.modal-header > button Done! [Thu Jul 06 15:08:49 SGT 2017]
INFO: ---------------WebActions.SLEEP for 1000 Done! [Thu Jul 06 15:08:50 SGT 2017]
INFO: ---------------WebActions.SLEEP for 1000 Done! [Thu Jul 06 15:08:50 SGT 2017]
INFO: ---------------WebActions.Hover By.linkText: Privacy Policy Done! [Thu Jul 06 15:08:51 SGT 2017]
INFO: ---------------WebActions.Hover By.linkText: Privacy Policy Done! [Thu Jul 06 15:08:51 SGT 2017]
INFO: ---------------WebActions.CLICK By.linkText: Privacy Policy Done! [Thu Jul 06 15:08:54 SGT 2017]
INFO: ---------------WebActions.CLICK By.linkText: Privacy Policy Done! [Thu Jul 06 15:08:54 SGT 2017]
INFO: ---------------WebActions.explicitWait By.xpath: /html/body/div[3]/div[4]/div Done! [Thu Jul 06 15:08:54 SGT 2017]
INFO: ---------------WebActions.explicitWait By.xpath: /html/body/div[3]/div[4]/div Done! [Thu Jul 06 15:08:54 SGT 2017]
INFO: ---------------WebActions.SLEEP for 1000 Done! [Thu Jul 06 15:08:55 SGT 2017]
INFO: ---------------WebActions.SLEEP for 1000 Done! [Thu Jul 06 15:08:55 SGT 2017]
INFO: ---------------WebActions.CLICK By.xpath: //*[@id="header"]/div/div[1]/div/div/div[2]/div/ul/li[7]/a Done! [Thu Jul 06 15:08:56 SGT 2017]
INFO: ---------------WebActions.CLICK By.xpath: //*[@id="header"]/div/div[1]/div/div/div[2]/div/ul/li[7]/a Done! [Thu Jul 06 15:08:56 SGT 2017]
INFO: ---------------WebActions.CLICK By.id: logout-btn Done! [Thu Jul 06 15:08:56 SGT 2017]
INFO: ---------------WebActions.CLICK By.id: logout-btn Done! [Thu Jul 06 15:08:56 SGT 2017]
INFO: ---------------WebActions.CLOSE browser Done! [Thu Jul 06 15:08:57 SGT 2017]
INFO: ---------------WebActions.CLOSE browser Done! [Thu Jul 06 15:08:57 SGT 2017]
INFO: Running Test set TC0011.3.3 Delivery Information [Thu Jul 06 15:08:57 SGT 2017]
INFO: ---------------WebActions.LAUNCH https://kudos-stg.storm.tech Done! [Thu Jul 06 15:09:12 SGT 2017]
INFO: ---------------WebActions.LAUNCH https://kudos-stg.storm.tech Done! [Thu Jul 06 15:09:12 SGT 2017]
INFO: ---------------WebActions.LAUNCH https://kudos-stg.storm.tech Done! [Thu Jul 06 15:09:12 SGT 2017]
INFO: ---------------WebActions.TYPE By.name: email with jonathan@automation.com Done! [Thu Jul 06 15:09:13 SGT 2017]
INFO: ---------------WebActions.TYPE By.name: email with jonathan@automation.com Done! [Thu Jul 06 15:09:13 SGT 2017]
INFO: ---------------WebActions.TYPE By.name: email with jonathan@automation.com Done! [Thu Jul 06 15:09:13 SGT 2017]
INFO: ---------------WebActions.TYPE By.name: password with Storm2017 Done! [Thu Jul 06 15:09:13 SGT 2017]
INFO: ---------------WebActions.TYPE By.name: password with Storm2017 Done! [Thu Jul 06 15:09:13 SGT 2017]
INFO: ---------------WebActions.TYPE By.name: password with Storm2017 Done! [Thu Jul 06 15:09:13 SGT 2017]
INFO: ---------------WebActions.CLICK By.name: submit Done! [Thu Jul 06 15:09:13 SGT 2017]
INFO: ---------------WebActions.CLICK By.name: submit Done! [Thu Jul 06 15:09:13 SGT 2017]
INFO: ---------------WebActions.CLICK By.name: submit Done! [Thu Jul 06 15:09:13 SGT 2017]
INFO: ---------------WebActions.SLEEP for 3000 Done! [Thu Jul 06 15:09:16 SGT 2017]
INFO: ---------------WebActions.SLEEP for 3000 Done! [Thu Jul 06 15:09:16 SGT 2017]
INFO: ---------------WebActions.SLEEP for 3000 Done! [Thu Jul 06 15:09:16 SGT 2017]
INFO: ---------------WebActions.explicitWait By.cssSelector: #targetReports > div > div > div.modal-header > button Done! [Thu Jul 06 15:09:41 SGT 2017]
INFO: ---------------WebActions.explicitWait By.cssSelector: #targetReports > div > div > div.modal-header > button Done! [Thu Jul 06 15:09:41 SGT 2017]
INFO: ---------------WebActions.explicitWait By.cssSelector: #targetReports > div > div > div.modal-header > button Done! [Thu Jul 06 15:09:41 SGT 2017]
INFO: ---------------WebActions.CLICK By.cssSelector: #targetReports > div > div > div.modal-header > button Done! [Thu Jul 06 15:09:42 SGT 2017]
INFO: ---------------WebActions.CLICK By.cssSelector: #targetReports > div > div > div.modal-header > button Done! [Thu Jul 06 15:09:42 SGT 2017]
INFO: ---------------WebActions.CLICK By.cssSelector: #targetReports > div > div > div.modal-header > button Done! [Thu Jul 06 15:09:42 SGT 2017]
INFO: ---------------WebActions.SLEEP for 1000 Done! [Thu Jul 06 15:09:43 SGT 2017]
INFO: ---------------WebActions.SLEEP for 1000 Done! [Thu Jul 06 15:09:43 SGT 2017]
INFO: ---------------WebActions.SLEEP for 1000 Done! [Thu Jul 06 15:09:43 SGT 2017]
INFO: ---------------WebActions.Hover By.linkText: Delivery Information Done! [Thu Jul 06 15:09:44 SGT 2017]
INFO: ---------------WebActions.Hover By.linkText: Delivery Information Done! [Thu Jul 06 15:09:44 SGT 2017]
INFO: ---------------WebActions.Hover By.linkText: Delivery Information Done! [Thu Jul 06 15:09:44 SGT 2017]
INFO: ---------------WebActions.CLICK By.linkText: Delivery Information Done! [Thu Jul 06 15:09:48 SGT 2017]
INFO: ---------------WebActions.CLICK By.linkText: Delivery Information Done! [Thu Jul 06 15:09:48 SGT 2017]
INFO: ---------------WebActions.CLICK By.linkText: Delivery Information Done! [Thu Jul 06 15:09:48 SGT 2017]
INFO: ---------------WebActions.explicitWait By.xpath: /html/body/div[3]/div[4]/div Done! [Thu Jul 06 15:09:48 SGT 2017]
INFO: ---------------WebActions.explicitWait By.xpath: /html/body/div[3]/div[4]/div Done! [Thu Jul 06 15:09:48 SGT 2017]
INFO: ---------------WebActions.explicitWait By.xpath: /html/body/div[3]/div[4]/div Done! [Thu Jul 06 15:09:48 SGT 2017]
INFO: ---------------WebActions.SLEEP for 1000 Done! [Thu Jul 06 15:09:49 SGT 2017]
INFO: ---------------WebActions.SLEEP for 1000 Done! [Thu Jul 06 15:09:49 SGT 2017]
INFO: ---------------WebActions.SLEEP for 1000 Done! [Thu Jul 06 15:09:49 SGT 2017]
INFO: ---------------WebActions.CLICK By.xpath: //*[@id="header"]/div/div[1]/div/div/div[2]/div/ul/li[7]/a Done! [Thu Jul 06 15:09:50 SGT 2017]
INFO: ---------------WebActions.CLICK By.xpath: //*[@id="header"]/div/div[1]/div/div/div[2]/div/ul/li[7]/a Done! [Thu Jul 06 15:09:50 SGT 2017]
INFO: ---------------WebActions.CLICK By.xpath: //*[@id="header"]/div/div[1]/div/div/div[2]/div/ul/li[7]/a Done! [Thu Jul 06 15:09:50 SGT 2017]
INFO: ---------------WebActions.CLICK By.id: logout-btn Done! [Thu Jul 06 15:09:50 SGT 2017]
INFO: ---------------WebActions.CLICK By.id: logout-btn Done! [Thu Jul 06 15:09:50 SGT 2017]
INFO: ---------------WebActions.CLICK By.id: logout-btn Done! [Thu Jul 06 15:09:50 SGT 2017]
INFO: ---------------WebActions.CLOSE browser Done! [Thu Jul 06 15:09:51 SGT 2017]
INFO: ---------------WebActions.CLOSE browser Done! [Thu Jul 06 15:09:51 SGT 2017]
INFO: ---------------WebActions.CLOSE browser Done! [Thu Jul 06 15:09:51 SGT 2017]
INFO: -----END execution for TC0011.3 More info links.xlsx [Thu Jul 06 15:09:51 SGT 2017]
INFO: -----END of STORM Automation Framework main.TestAF [Thu Jul 06 15:09:51 SGT 2017]
INFO: -----Total elapsed time : 158 [Thu Jul 06 15:09:51 SGT 2017]
INFO: ================================================== [Thu Jul 06 15:09:51 SGT 2017]
