INFO: ================================================== [Thu Jul 06 14:43:58 SGT 2017]
INFO: -----START of STORM Automation Framework main.TestAF [Thu Jul 06 14:43:58 SGT 2017]
INFO: ----------START of SetFilePaths [Thu Jul 06 14:43:58 SGT 2017]
INFO: ----------END of SetFilePaths [Thu Jul 06 14:43:58 SGT 2017]
INFO: ----------START of SetStormProperties [Thu Jul 06 14:43:58 SGT 2017]
INFO: ---------------START of getPropertyResultFileName [Thu Jul 06 14:43:58 SGT 2017]
INFO: ---------------GetStormProperties.getPropertyResultFileName : resultFileName = Result_File_ [Thu Jul 06 14:43:58 SGT 2017]
INFO: ---------------END of GetStormProperties.getPropertyResultFileName [Thu Jul 06 14:43:58 SGT 2017]
INFO: ---------------START of getPropertyTestFileType [Thu Jul 06 14:43:58 SGT 2017]
INFO: ---------------GetStormProperties.getPropertyTestFileType : testFileType = .xlsx [Thu Jul 06 14:43:58 SGT 2017]
INFO: ---------------END of GetStormProperties.getPropertyTestFileType [Thu Jul 06 14:43:58 SGT 2017]
INFO: ---------------START of getPropertyObjectDBName [Thu Jul 06 14:43:58 SGT 2017]
INFO: ---------------GetStormProperties.getPropertyObjectDBName : objectDBName = ObjectDB.STORM.KUDOS.xlsx [Thu Jul 06 14:43:58 SGT 2017]
INFO: ---------------START of getPropertyExeutionType [Thu Jul 06 14:43:58 SGT 2017]
INFO: ---------------GetStormProperties.getPropertyExeutionType : executionType = dataset [Thu Jul 06 14:43:58 SGT 2017]
INFO: ---------------START of getDefaultURL [Thu Jul 06 14:43:58 SGT 2017]
INFO: ---------------GetStormProperties.getDefaultURL : defaultURL = https://kudos-stg.storm.tech [Thu Jul 06 14:43:58 SGT 2017]
INFO: ----------END of SetStormProperties [Thu Jul 06 14:43:58 SGT 2017]
INFO: ----------START of FindFiles.getFileName [Thu Jul 06 14:43:58 SGT 2017]
INFO: ----------START of FindFiles.getFileName [Thu Jul 06 14:43:58 SGT 2017]
INFO: ----------START of FindFiles.getFileName [Thu Jul 06 14:43:58 SGT 2017]
INFO: ----------END of FindFiles.getFileName [Thu Jul 06 14:43:58 SGT 2017]
INFO: ----------END of FindFiles.getFileName [Thu Jul 06 14:43:58 SGT 2017]
INFO: ----------END of FindFiles.getFileName [Thu Jul 06 14:43:58 SGT 2017]
INFO: ----------END of FindFiles.getFileName [Thu Jul 06 14:43:58 SGT 2017]
INFO: ----------START of FindFiles.getFileName [Thu Jul 06 14:43:58 SGT 2017]
INFO: ----------START of FindFiles.getFileName [Thu Jul 06 14:43:58 SGT 2017]
INFO: ----------START of FindFiles.getFileName [Thu Jul 06 14:43:58 SGT 2017]
INFO: ----------END of FindFiles.getFileName [Thu Jul 06 14:43:58 SGT 2017]
INFO: ----------END of FindFiles.getFileName [Thu Jul 06 14:43:58 SGT 2017]
INFO: ----------END of FindFiles.getFileName [Thu Jul 06 14:43:58 SGT 2017]
INFO: ----------END of FindFiles.getFileName [Thu Jul 06 14:43:58 SGT 2017]
INFO: ----------END of FindFiles.getFileName [Thu Jul 06 14:43:58 SGT 2017]
INFO: ----------END of FindFiles.getFileName [Thu Jul 06 14:43:58 SGT 2017]
INFO: ----------START of FindFiles.getFileName [Thu Jul 06 14:43:58 SGT 2017]
INFO: ----------START of FindFiles.getFileName [Thu Jul 06 14:43:58 SGT 2017]
INFO: ----------START of FindFiles.getFileName [Thu Jul 06 14:43:58 SGT 2017]
INFO: ----------START of FindFiles.getFileName [Thu Jul 06 14:43:58 SGT 2017]
INFO: ----------END of FindFiles.getFileName [Thu Jul 06 14:43:58 SGT 2017]
INFO: ----------END of FindFiles.getFileName [Thu Jul 06 14:43:58 SGT 2017]
INFO: ----------END of FindFiles.getFileName [Thu Jul 06 14:43:58 SGT 2017]
INFO: ----------END of FindFiles.getFileName [Thu Jul 06 14:43:58 SGT 2017]
INFO: ----------END of FindFiles.getFileName [Thu Jul 06 14:43:58 SGT 2017]
INFO: ----------END of FindFiles.getFileName [Thu Jul 06 14:43:58 SGT 2017]
INFO: ----------END of FindFiles.getFileName [Thu Jul 06 14:43:58 SGT 2017]
INFO: ----------END of FindFiles.getFileName [Thu Jul 06 14:43:58 SGT 2017]
INFO: ----------END of FindFiles.getFileName [Thu Jul 06 14:43:58 SGT 2017]
INFO: ----------END of FindFiles.getFileName [Thu Jul 06 14:43:58 SGT 2017]
INFO: ----------END of FindFiles.getFileName [Thu Jul 06 14:43:58 SGT 2017]
INFO: ----------END of FindFiles.getFileName [Thu Jul 06 14:43:58 SGT 2017]
INFO: ----------END of FindFiles.getFileName [Thu Jul 06 14:43:58 SGT 2017]
INFO: ----------END of FindFiles.getFileName [Thu Jul 06 14:43:58 SGT 2017]
INFO: ----------END of FindFiles.getFileName [Thu Jul 06 14:43:58 SGT 2017]
INFO: ----------END of FindFiles.getFileName [Thu Jul 06 14:43:58 SGT 2017]
INFO: ----------START execution for TC0011.3 More info links.xlsx [Thu Jul 06 14:43:59 SGT 2017]
INFO: Running Test set TC0011.3.1 Terms and conditions [Thu Jul 06 14:43:59 SGT 2017]
INFO: ---------------WebActions.LAUNCH https://kudos-stg.storm.tech Done! [Thu Jul 06 14:44:15 SGT 2017]
INFO: ---------------WebActions.TYPE By.name: email with jonathan@automation.com Done! [Thu Jul 06 14:44:15 SGT 2017]
INFO: ---------------WebActions.TYPE By.name: password with Storm2017 Done! [Thu Jul 06 14:44:16 SGT 2017]
INFO: ---------------WebActions.CLICK By.name: submit Done! [Thu Jul 06 14:44:16 SGT 2017]
INFO: ---------------WebActions.SLEEP for 3000 Done! [Thu Jul 06 14:44:19 SGT 2017]
INFO: ---------------WebActions.explicitWait By.cssSelector: #targetReports > div > div > div.modal-header > button Done! [Thu Jul 06 14:44:41 SGT 2017]
INFO: ---------------WebActions.CLICK By.cssSelector: #targetReports > div > div > div.modal-header > button Done! [Thu Jul 06 14:44:41 SGT 2017]
INFO: ---------------WebActions.SLEEP for 1000 Done! [Thu Jul 06 14:44:42 SGT 2017]
INFO: ---------------WebActions.Hover By.linkText: Terms and Conditions Done! [Thu Jul 06 14:44:43 SGT 2017]
INFO: ---------------WebActions.CLICK By.linkText: Terms and Conditions Done! [Thu Jul 06 14:44:46 SGT 2017]
SEVERE: ---------------WebActions.explicitWait Failed... Exception errororg.openqa.selenium.TimeoutException: Expected condition failed: waiting for visibility of element located by By.xpath: //div[contains(text(), "In General")] (tried for 20 second(s) with 500 MILLISECONDS interval) [Thu Jul 06 14:45:06 SGT 2017]
INFO: ---------------WebActions.SLEEP for 1000 Done! [Thu Jul 06 14:45:07 SGT 2017]
INFO: ---------------WebActions.CLICK By.xpath: //*[@id="header"]/div/div[1]/div/div/div[2]/div/ul/li[7]/a Done! [Thu Jul 06 14:45:08 SGT 2017]
INFO: ---------------WebActions.CLICK By.id: logout-btn Done! [Thu Jul 06 14:45:08 SGT 2017]
INFO: ---------------WebActions.CLOSE browser Done! [Thu Jul 06 14:45:09 SGT 2017]
INFO: Running Test set TC0011.3.2 Privacy policy [Thu Jul 06 14:45:09 SGT 2017]
INFO: ---------------WebActions.LAUNCH https://kudos-stg.storm.tech Done! [Thu Jul 06 14:45:30 SGT 2017]
INFO: ---------------WebActions.LAUNCH https://kudos-stg.storm.tech Done! [Thu Jul 06 14:45:30 SGT 2017]
INFO: ---------------WebActions.TYPE By.name: email with jonathan@automation.com Done! [Thu Jul 06 14:45:30 SGT 2017]
INFO: ---------------WebActions.TYPE By.name: email with jonathan@automation.com Done! [Thu Jul 06 14:45:30 SGT 2017]
INFO: ---------------WebActions.TYPE By.name: password with Storm2017 Done! [Thu Jul 06 14:45:31 SGT 2017]
INFO: ---------------WebActions.TYPE By.name: password with Storm2017 Done! [Thu Jul 06 14:45:31 SGT 2017]
INFO: ---------------WebActions.CLICK By.name: submit Done! [Thu Jul 06 14:45:31 SGT 2017]
INFO: ---------------WebActions.CLICK By.name: submit Done! [Thu Jul 06 14:45:31 SGT 2017]
INFO: ---------------WebActions.SLEEP for 3000 Done! [Thu Jul 06 14:45:34 SGT 2017]
INFO: ---------------WebActions.SLEEP for 3000 Done! [Thu Jul 06 14:45:34 SGT 2017]
INFO: ---------------WebActions.explicitWait By.cssSelector: #targetReports > div > div > div.modal-header > button Done! [Thu Jul 06 14:45:55 SGT 2017]
INFO: ---------------WebActions.explicitWait By.cssSelector: #targetReports > div > div > div.modal-header > button Done! [Thu Jul 06 14:45:55 SGT 2017]
INFO: ---------------WebActions.CLICK By.cssSelector: #targetReports > div > div > div.modal-header > button Done! [Thu Jul 06 14:45:55 SGT 2017]
INFO: ---------------WebActions.CLICK By.cssSelector: #targetReports > div > div > div.modal-header > button Done! [Thu Jul 06 14:45:55 SGT 2017]
INFO: ---------------WebActions.SLEEP for 1000 Done! [Thu Jul 06 14:45:56 SGT 2017]
INFO: ---------------WebActions.SLEEP for 1000 Done! [Thu Jul 06 14:45:56 SGT 2017]
INFO: ---------------WebActions.Hover By.linkText: Privacy Policy Done! [Thu Jul 06 14:45:57 SGT 2017]
INFO: ---------------WebActions.Hover By.linkText: Privacy Policy Done! [Thu Jul 06 14:45:57 SGT 2017]
INFO: ---------------WebActions.CLICK By.linkText: Privacy Policy Done! [Thu Jul 06 14:46:01 SGT 2017]
INFO: ---------------WebActions.CLICK By.linkText: Privacy Policy Done! [Thu Jul 06 14:46:01 SGT 2017]
SEVERE: ---------------WebActions.explicitWait Failed... Exception errororg.openqa.selenium.TimeoutException: Expected condition failed: waiting for visibility of element located by By.xpath: //div[contains(text(), "Privacy Policy")] (tried for 20 second(s) with 500 MILLISECONDS interval) [Thu Jul 06 14:46:22 SGT 2017]
SEVERE: ---------------WebActions.explicitWait Failed... Exception errororg.openqa.selenium.TimeoutException: Expected condition failed: waiting for visibility of element located by By.xpath: //div[contains(text(), "Privacy Policy")] (tried for 20 second(s) with 500 MILLISECONDS interval) [Thu Jul 06 14:46:22 SGT 2017]
INFO: ---------------WebActions.SLEEP for 1000 Done! [Thu Jul 06 14:46:23 SGT 2017]
INFO: ---------------WebActions.SLEEP for 1000 Done! [Thu Jul 06 14:46:23 SGT 2017]
INFO: ---------------WebActions.CLICK By.xpath: //*[@id="header"]/div/div[1]/div/div/div[2]/div/ul/li[7]/a Done! [Thu Jul 06 14:46:24 SGT 2017]
INFO: ---------------WebActions.CLICK By.xpath: //*[@id="header"]/div/div[1]/div/div/div[2]/div/ul/li[7]/a Done! [Thu Jul 06 14:46:24 SGT 2017]
INFO: ---------------WebActions.CLICK By.id: logout-btn Done! [Thu Jul 06 14:46:24 SGT 2017]
INFO: ---------------WebActions.CLICK By.id: logout-btn Done! [Thu Jul 06 14:46:24 SGT 2017]
INFO: ---------------WebActions.CLOSE browser Done! [Thu Jul 06 14:46:25 SGT 2017]
INFO: ---------------WebActions.CLOSE browser Done! [Thu Jul 06 14:46:25 SGT 2017]
INFO: Running Test set TC0011.3.3 Delivery Information [Thu Jul 06 14:46:25 SGT 2017]
INFO: ---------------WebActions.LAUNCH https://kudos-stg.storm.tech Done! [Thu Jul 06 14:46:36 SGT 2017]
INFO: ---------------WebActions.LAUNCH https://kudos-stg.storm.tech Done! [Thu Jul 06 14:46:36 SGT 2017]
INFO: ---------------WebActions.LAUNCH https://kudos-stg.storm.tech Done! [Thu Jul 06 14:46:36 SGT 2017]
INFO: ---------------WebActions.TYPE By.name: email with jonathan@automation.com Done! [Thu Jul 06 14:46:37 SGT 2017]
INFO: ---------------WebActions.TYPE By.name: email with jonathan@automation.com Done! [Thu Jul 06 14:46:37 SGT 2017]
INFO: ---------------WebActions.TYPE By.name: email with jonathan@automation.com Done! [Thu Jul 06 14:46:37 SGT 2017]
INFO: ---------------WebActions.TYPE By.name: password with Storm2017 Done! [Thu Jul 06 14:46:37 SGT 2017]
INFO: ---------------WebActions.TYPE By.name: password with Storm2017 Done! [Thu Jul 06 14:46:37 SGT 2017]
INFO: ---------------WebActions.TYPE By.name: password with Storm2017 Done! [Thu Jul 06 14:46:37 SGT 2017]
INFO: ---------------WebActions.CLICK By.name: submit Done! [Thu Jul 06 14:46:37 SGT 2017]
INFO: ---------------WebActions.CLICK By.name: submit Done! [Thu Jul 06 14:46:37 SGT 2017]
INFO: ---------------WebActions.CLICK By.name: submit Done! [Thu Jul 06 14:46:37 SGT 2017]
INFO: ---------------WebActions.SLEEP for 3000 Done! [Thu Jul 06 14:46:40 SGT 2017]
INFO: ---------------WebActions.SLEEP for 3000 Done! [Thu Jul 06 14:46:40 SGT 2017]
INFO: ---------------WebActions.SLEEP for 3000 Done! [Thu Jul 06 14:46:40 SGT 2017]
INFO: ---------------WebActions.explicitWait By.cssSelector: #targetReports > div > div > div.modal-header > button Done! [Thu Jul 06 14:47:05 SGT 2017]
INFO: ---------------WebActions.explicitWait By.cssSelector: #targetReports > div > div > div.modal-header > button Done! [Thu Jul 06 14:47:05 SGT 2017]
INFO: ---------------WebActions.explicitWait By.cssSelector: #targetReports > div > div > div.modal-header > button Done! [Thu Jul 06 14:47:05 SGT 2017]
INFO: ---------------WebActions.CLICK By.cssSelector: #targetReports > div > div > div.modal-header > button Done! [Thu Jul 06 14:47:05 SGT 2017]
INFO: ---------------WebActions.CLICK By.cssSelector: #targetReports > div > div > div.modal-header > button Done! [Thu Jul 06 14:47:05 SGT 2017]
INFO: ---------------WebActions.CLICK By.cssSelector: #targetReports > div > div > div.modal-header > button Done! [Thu Jul 06 14:47:05 SGT 2017]
INFO: ---------------WebActions.SLEEP for 1000 Done! [Thu Jul 06 14:47:06 SGT 2017]
INFO: ---------------WebActions.SLEEP for 1000 Done! [Thu Jul 06 14:47:06 SGT 2017]
INFO: ---------------WebActions.SLEEP for 1000 Done! [Thu Jul 06 14:47:06 SGT 2017]
INFO: ---------------WebActions.Hover By.linkText: Delivery Information Done! [Thu Jul 06 14:47:07 SGT 2017]
INFO: ---------------WebActions.Hover By.linkText: Delivery Information Done! [Thu Jul 06 14:47:07 SGT 2017]
INFO: ---------------WebActions.Hover By.linkText: Delivery Information Done! [Thu Jul 06 14:47:07 SGT 2017]
INFO: ---------------WebActions.CLICK By.linkText: Delivery Information Done! [Thu Jul 06 14:47:11 SGT 2017]
INFO: ---------------WebActions.CLICK By.linkText: Delivery Information Done! [Thu Jul 06 14:47:11 SGT 2017]
INFO: ---------------WebActions.CLICK By.linkText: Delivery Information Done! [Thu Jul 06 14:47:11 SGT 2017]
SEVERE: ---------------WebActions.explicitWait Failed... Exception errororg.openqa.selenium.TimeoutException: Expected condition failed: waiting for visibility of element located by By.xpath: //div[contains(text(), "DELIVERY")] (tried for 20 second(s) with 500 MILLISECONDS interval) [Thu Jul 06 14:47:31 SGT 2017]
SEVERE: ---------------WebActions.explicitWait Failed... Exception errororg.openqa.selenium.TimeoutException: Expected condition failed: waiting for visibility of element located by By.xpath: //div[contains(text(), "DELIVERY")] (tried for 20 second(s) with 500 MILLISECONDS interval) [Thu Jul 06 14:47:31 SGT 2017]
SEVERE: ---------------WebActions.explicitWait Failed... Exception errororg.openqa.selenium.TimeoutException: Expected condition failed: waiting for visibility of element located by By.xpath: //div[contains(text(), "DELIVERY")] (tried for 20 second(s) with 500 MILLISECONDS interval) [Thu Jul 06 14:47:31 SGT 2017]
INFO: ---------------WebActions.SLEEP for 1000 Done! [Thu Jul 06 14:47:33 SGT 2017]
INFO: ---------------WebActions.SLEEP for 1000 Done! [Thu Jul 06 14:47:33 SGT 2017]
INFO: ---------------WebActions.SLEEP for 1000 Done! [Thu Jul 06 14:47:33 SGT 2017]
INFO: ---------------WebActions.CLICK By.xpath: //*[@id="header"]/div/div[1]/div/div/div[2]/div/ul/li[7]/a Done! [Thu Jul 06 14:47:33 SGT 2017]
INFO: ---------------WebActions.CLICK By.xpath: //*[@id="header"]/div/div[1]/div/div/div[2]/div/ul/li[7]/a Done! [Thu Jul 06 14:47:33 SGT 2017]
INFO: ---------------WebActions.CLICK By.xpath: //*[@id="header"]/div/div[1]/div/div/div[2]/div/ul/li[7]/a Done! [Thu Jul 06 14:47:33 SGT 2017]
INFO: ---------------WebActions.CLICK By.id: logout-btn Done! [Thu Jul 06 14:47:34 SGT 2017]
INFO: ---------------WebActions.CLICK By.id: logout-btn Done! [Thu Jul 06 14:47:34 SGT 2017]
INFO: ---------------WebActions.CLICK By.id: logout-btn Done! [Thu Jul 06 14:47:34 SGT 2017]
INFO: ---------------WebActions.CLOSE browser Done! [Thu Jul 06 14:47:37 SGT 2017]
INFO: ---------------WebActions.CLOSE browser Done! [Thu Jul 06 14:47:37 SGT 2017]
INFO: ---------------WebActions.CLOSE browser Done! [Thu Jul 06 14:47:37 SGT 2017]
INFO: -----END execution for TC0011.3 More info links.xlsx [Thu Jul 06 14:47:37 SGT 2017]
INFO: -----END of STORM Automation Framework main.TestAF [Thu Jul 06 14:47:37 SGT 2017]
INFO: -----Total elapsed time : 219 [Thu Jul 06 14:47:37 SGT 2017]
INFO: ================================================== [Thu Jul 06 14:47:37 SGT 2017]
